   1              		.cpu cortex-m4
   2              		.arch armv7e-m
   3              		.fpu fpv4-sp-d16
   4              		.eabi_attribute 27, 1
   5              		.eabi_attribute 20, 1
   6              		.eabi_attribute 21, 1
   7              		.eabi_attribute 23, 3
   8              		.eabi_attribute 24, 1
   9              		.eabi_attribute 25, 1
  10              		.eabi_attribute 26, 1
  11              		.eabi_attribute 30, 6
  12              		.eabi_attribute 34, 1
  13              		.eabi_attribute 18, 4
  14              		.file	"Events.c"
  15              		.text
  16              	.Ltext0:
  17              		.cfi_sections	.debug_frame
  18              		.file 1 "/opt/XMClib/XMC_Peripheral_Library_v2.1.16/ThirdPartyLibraries/USBlib/USB/Core/Events.c"
  19              		.section	.text.USB_Event_Stub,"ax",%progbits
  20              		.align	1
  21              		.global	USB_Event_Stub
  22              		.syntax unified
  23              		.thumb
  24              		.thumb_func
  26              	USB_Event_Stub:
  27              	.LFB132:
   1:/opt/XMClib/XMC_Peripheral_Library_v2.1.16/ThirdPartyLibraries/USBlib/USB/Core/Events.c **** /*
   2:/opt/XMClib/XMC_Peripheral_Library_v2.1.16/ThirdPartyLibraries/USBlib/USB/Core/Events.c ****              LUFA Library
   3:/opt/XMClib/XMC_Peripheral_Library_v2.1.16/ThirdPartyLibraries/USBlib/USB/Core/Events.c ****      Copyright (C) Dean Camera, 2014.
   4:/opt/XMClib/XMC_Peripheral_Library_v2.1.16/ThirdPartyLibraries/USBlib/USB/Core/Events.c **** 
   5:/opt/XMClib/XMC_Peripheral_Library_v2.1.16/ThirdPartyLibraries/USBlib/USB/Core/Events.c ****   dean [at] fourwalledcubicle [dot] com
   6:/opt/XMClib/XMC_Peripheral_Library_v2.1.16/ThirdPartyLibraries/USBlib/USB/Core/Events.c ****            www.lufa-lib.org
   7:/opt/XMClib/XMC_Peripheral_Library_v2.1.16/ThirdPartyLibraries/USBlib/USB/Core/Events.c **** */
   8:/opt/XMClib/XMC_Peripheral_Library_v2.1.16/ThirdPartyLibraries/USBlib/USB/Core/Events.c **** 
   9:/opt/XMClib/XMC_Peripheral_Library_v2.1.16/ThirdPartyLibraries/USBlib/USB/Core/Events.c **** /*
  10:/opt/XMClib/XMC_Peripheral_Library_v2.1.16/ThirdPartyLibraries/USBlib/USB/Core/Events.c ****   Copyright 2014  Dean Camera (dean [at] fourwalledcubicle [dot] com)
  11:/opt/XMClib/XMC_Peripheral_Library_v2.1.16/ThirdPartyLibraries/USBlib/USB/Core/Events.c **** 
  12:/opt/XMClib/XMC_Peripheral_Library_v2.1.16/ThirdPartyLibraries/USBlib/USB/Core/Events.c ****   Permission to use, copy, modify, distribute, and sell this
  13:/opt/XMClib/XMC_Peripheral_Library_v2.1.16/ThirdPartyLibraries/USBlib/USB/Core/Events.c ****   software and its documentation for any purpose is hereby granted
  14:/opt/XMClib/XMC_Peripheral_Library_v2.1.16/ThirdPartyLibraries/USBlib/USB/Core/Events.c ****   without fee, provided that the above copyright notice appear in
  15:/opt/XMClib/XMC_Peripheral_Library_v2.1.16/ThirdPartyLibraries/USBlib/USB/Core/Events.c ****   all copies and that both that the copyright notice and this
  16:/opt/XMClib/XMC_Peripheral_Library_v2.1.16/ThirdPartyLibraries/USBlib/USB/Core/Events.c ****   permission notice and warranty disclaimer appear in supporting
  17:/opt/XMClib/XMC_Peripheral_Library_v2.1.16/ThirdPartyLibraries/USBlib/USB/Core/Events.c ****   documentation, and that the name of the author not be used in
  18:/opt/XMClib/XMC_Peripheral_Library_v2.1.16/ThirdPartyLibraries/USBlib/USB/Core/Events.c ****   advertising or publicity pertaining to distribution of the
  19:/opt/XMClib/XMC_Peripheral_Library_v2.1.16/ThirdPartyLibraries/USBlib/USB/Core/Events.c ****   software without specific, written prior permission.
  20:/opt/XMClib/XMC_Peripheral_Library_v2.1.16/ThirdPartyLibraries/USBlib/USB/Core/Events.c **** 
  21:/opt/XMClib/XMC_Peripheral_Library_v2.1.16/ThirdPartyLibraries/USBlib/USB/Core/Events.c ****   The author disclaims all warranties with regard to this
  22:/opt/XMClib/XMC_Peripheral_Library_v2.1.16/ThirdPartyLibraries/USBlib/USB/Core/Events.c ****   software, including all implied warranties of merchantability
  23:/opt/XMClib/XMC_Peripheral_Library_v2.1.16/ThirdPartyLibraries/USBlib/USB/Core/Events.c ****   and fitness.  In no event shall the author be liable for any
  24:/opt/XMClib/XMC_Peripheral_Library_v2.1.16/ThirdPartyLibraries/USBlib/USB/Core/Events.c ****   special, indirect or consequential damages or any damages
  25:/opt/XMClib/XMC_Peripheral_Library_v2.1.16/ThirdPartyLibraries/USBlib/USB/Core/Events.c ****   whatsoever resulting from loss of use, data or profits, whether
  26:/opt/XMClib/XMC_Peripheral_Library_v2.1.16/ThirdPartyLibraries/USBlib/USB/Core/Events.c ****   in an action of contract, negligence or other tortious action,
  27:/opt/XMClib/XMC_Peripheral_Library_v2.1.16/ThirdPartyLibraries/USBlib/USB/Core/Events.c ****   arising out of or in connection with the use or performance of
  28:/opt/XMClib/XMC_Peripheral_Library_v2.1.16/ThirdPartyLibraries/USBlib/USB/Core/Events.c ****   this software.
  29:/opt/XMClib/XMC_Peripheral_Library_v2.1.16/ThirdPartyLibraries/USBlib/USB/Core/Events.c **** */
  30:/opt/XMClib/XMC_Peripheral_Library_v2.1.16/ThirdPartyLibraries/USBlib/USB/Core/Events.c **** 
  31:/opt/XMClib/XMC_Peripheral_Library_v2.1.16/ThirdPartyLibraries/USBlib/USB/Core/Events.c **** #define  __INCLUDE_FROM_EVENTS_C
  32:/opt/XMClib/XMC_Peripheral_Library_v2.1.16/ThirdPartyLibraries/USBlib/USB/Core/Events.c **** #define  __INCLUDE_FROM_USB_DRIVER
  33:/opt/XMClib/XMC_Peripheral_Library_v2.1.16/ThirdPartyLibraries/USBlib/USB/Core/Events.c **** #include "Events.h"
  34:/opt/XMClib/XMC_Peripheral_Library_v2.1.16/ThirdPartyLibraries/USBlib/USB/Core/Events.c **** 
  35:/opt/XMClib/XMC_Peripheral_Library_v2.1.16/ThirdPartyLibraries/USBlib/USB/Core/Events.c **** void USB_Event_Stub(void)
  36:/opt/XMClib/XMC_Peripheral_Library_v2.1.16/ThirdPartyLibraries/USBlib/USB/Core/Events.c **** {
  28              		.loc 1 36 1
  29              		.cfi_startproc
  30              		@ args = 0, pretend = 0, frame = 0
  31              		@ frame_needed = 1, uses_anonymous_args = 0
  32              		@ link register save eliminated.
  33 0000 80B4     		push	{r7}
  34              	.LCFI0:
  35              		.cfi_def_cfa_offset 4
  36              		.cfi_offset 7, -4
  37 0002 00AF     		add	r7, sp, #0
  38              	.LCFI1:
  39              		.cfi_def_cfa_register 7
  37:/opt/XMClib/XMC_Peripheral_Library_v2.1.16/ThirdPartyLibraries/USBlib/USB/Core/Events.c **** 
  38:/opt/XMClib/XMC_Peripheral_Library_v2.1.16/ThirdPartyLibraries/USBlib/USB/Core/Events.c **** }
  40              		.loc 1 38 1
  41 0004 00BF     		nop
  42 0006 BD46     		mov	sp, r7
  43              	.LCFI2:
  44              		.cfi_def_cfa_register 13
  45              		@ sp needed
  46 0008 5DF8047B 		ldr	r7, [sp], #4
  47              	.LCFI3:
  48              		.cfi_restore 7
  49              		.cfi_def_cfa_offset 0
  50 000c 7047     		bx	lr
  51              		.cfi_endproc
  52              	.LFE132:
  54              		.weak	EVENT_USB_Device_StartOfFrame
  55              		.thumb_set EVENT_USB_Device_StartOfFrame,USB_Event_Stub
  56              		.weak	EVENT_USB_Device_Reset
  57              		.thumb_set EVENT_USB_Device_Reset,USB_Event_Stub
  58              		.weak	EVENT_USB_Device_WakeUp
  59              		.thumb_set EVENT_USB_Device_WakeUp,USB_Event_Stub
  60              		.weak	EVENT_USB_Device_Suspend
  61              		.thumb_set EVENT_USB_Device_Suspend,USB_Event_Stub
  62              		.weak	EVENT_USB_Device_ConfigurationChanged
  63              		.thumb_set EVENT_USB_Device_ConfigurationChanged,USB_Event_Stub
  64              		.weak	EVENT_USB_Device_ControlRequest
  65              		.thumb_set EVENT_USB_Device_ControlRequest,USB_Event_Stub
  66              		.weak	EVENT_USB_Device_Disconnect
  67              		.thumb_set EVENT_USB_Device_Disconnect,USB_Event_Stub
  68              		.weak	EVENT_USB_Device_Connect
  69              		.thumb_set EVENT_USB_Device_Connect,USB_Event_Stub
  70              		.text
  71              	.Letext0:
DEFINED SYMBOLS
                            *ABS*:00000000 Events.c
/var/folders/2l/6fxgnc996gd1v1jf5fy_8j5r0000gn/T//ccboJlbE.s:20     .text.USB_Event_Stub:00000000 $t
/var/folders/2l/6fxgnc996gd1v1jf5fy_8j5r0000gn/T//ccboJlbE.s:26     .text.USB_Event_Stub:00000000 USB_Event_Stub
/var/folders/2l/6fxgnc996gd1v1jf5fy_8j5r0000gn/T//ccboJlbE.s:26     .text.USB_Event_Stub:00000000 EVENT_USB_Device_StartOfFrame
/var/folders/2l/6fxgnc996gd1v1jf5fy_8j5r0000gn/T//ccboJlbE.s:26     .text.USB_Event_Stub:00000000 EVENT_USB_Device_Reset
/var/folders/2l/6fxgnc996gd1v1jf5fy_8j5r0000gn/T//ccboJlbE.s:26     .text.USB_Event_Stub:00000000 EVENT_USB_Device_WakeUp
/var/folders/2l/6fxgnc996gd1v1jf5fy_8j5r0000gn/T//ccboJlbE.s:26     .text.USB_Event_Stub:00000000 EVENT_USB_Device_Suspend
/var/folders/2l/6fxgnc996gd1v1jf5fy_8j5r0000gn/T//ccboJlbE.s:26     .text.USB_Event_Stub:00000000 EVENT_USB_Device_ConfigurationChanged
/var/folders/2l/6fxgnc996gd1v1jf5fy_8j5r0000gn/T//ccboJlbE.s:26     .text.USB_Event_Stub:00000000 EVENT_USB_Device_ControlRequest
/var/folders/2l/6fxgnc996gd1v1jf5fy_8j5r0000gn/T//ccboJlbE.s:26     .text.USB_Event_Stub:00000000 EVENT_USB_Device_Disconnect
/var/folders/2l/6fxgnc996gd1v1jf5fy_8j5r0000gn/T//ccboJlbE.s:26     .text.USB_Event_Stub:00000000 EVENT_USB_Device_Connect
                           .group:00000000 wm4.0.241ce140b5afdc8837fba2b44cc07f6b
                           .group:00000000 wm4.Common.h.60.c2f00e237f5994003db83c2422602b22
                           .group:00000000 wm4._newlib_version.h.4.411db44ea2338a62eca2f0777f81481b
                           .group:00000000 wm4.features.h.33.00009458517f941082eec7afb4810922
                           .group:00000000 wm4._default_types.h.15.247e5cd201eca3442cbf5404108c4935
                           .group:00000000 wm4._intsup.h.10.48bafbb683905c4daa4565a85aeeb264
                           .group:00000000 wm4._stdint.h.10.c24fa3af3bc1706662bb5593a907e841
                           .group:00000000 wm4.stdint.h.23.d53047a68f4a85177f80b422d52785ed
                           .group:00000000 wm4.stdbool.h.29.c08aa3eec75cf5b9b5003883f43253f0
                           .group:00000000 wm4.newlib.h.7.591ac1bd65c1f5b34864757667a05252
                           .group:00000000 wm4.ieeefp.h.77.61a77db5804869b1dadd307a77cf78c9
                           .group:00000000 wm4.config.h.224.10ee1ad185d877c6e334e6581faab44d
                           .group:00000000 wm4._ansi.h.31.de524f58584151836e90d8620a16f8e8
                           .group:00000000 wm4.stddef.h.39.38eb7ec030421799c657b13be5aa21c7
                           .group:00000000 wm4.cdefs.h.49.bafb023044e47a1dcdd854e4d6521f7d
                           .group:00000000 wm4._types.h.20.dd0d04dca3800a0d2a6129b87f3adbb2
                           .group:00000000 wm4.stddef.h.158.6f8e08a347b1cff664332fa350bfceb3
                           .group:00000000 wm4._types.h.127.3bdfe3ff8ea2d0985b03d9cbe93480e3
                           .group:00000000 wm4.reent.h.18.25503cdc8b7e55dd0d6ea7b3e5af7a03
                           .group:00000000 wm4.lock.h.2.1461d1fff82dffe8bfddc23307f6484f
                           .group:00000000 wm4.reent.h.78.6b87466b04591b1f1cb88c14fdf2ba9e
                           .group:00000000 wm4.string.h.15.dab3980bf35408a4c507182805e2de3a
                           .group:00000000 wm4.stddef.h.158.eec8bf00b5213f43d095cb984c5f22e3
                           .group:00000000 wm4.BoardTypes.h.52.ca64813ccee737bcc2115eab5e075fdb
                           .group:00000000 wm4.CompilerSpecific.h.55.4a5e5ff77cd35e49c89cf2115251aee0
                           .group:00000000 wm4.Attributes.h.56.73b3ee26b0836c2dec569a5fa6f1b355
                           .group:00000000 wm4.xmc_device.h.61.ba2d082e12f51240746cffdd60d42b81
                           .group:00000000 wm4.XMC4500.h.55.9aa45b9b5790506b2dcb963e4e7adeaf
                           .group:00000000 wm4.core_cm4.h.32.6c6eb1c8daeca23ce7ba79c8e8120d52
                           .group:00000000 wm4.cmsis_gcc.h.26.91b63349961c35637933e4fba51b867b
                           .group:00000000 wm4.core_cm4.h.172.fdd5a388a160bb6ff767b7d7ee212268
                           .group:00000000 wm4.system_XMC4500.h.42.99124977c10ca8844a71949adbeabd70
                           .group:00000000 wm4.XMC4500.h.208.b340195df97f067735c4c769ba59985a
                           .group:00000000 wm4.xmc_device.h.1460.8860499b404961ffcfbb8d1fefcb2146
                           .group:00000000 wm4.xmc_common.h.92.3f4336a80569affab05a81145b87c2fc
                           .group:00000000 wm4.Endianness.h.57.3ac00c5468f4b91b806a0e6dba047e9c
                           .group:00000000 wm4.Common.h.105.4b937a9cc9dcdb26c3f07541b0b763a8
                           .group:00000000 wm4.USBMode.h.56.a52f788f0e008ddfa05fc21a83026151

NO UNDEFINED SYMBOLS
