   1              		.cpu cortex-m4
   2              		.arch armv7e-m
   3              		.fpu fpv4-sp-d16
   4              		.eabi_attribute 27, 1
   5              		.eabi_attribute 20, 1
   6              		.eabi_attribute 21, 1
   7              		.eabi_attribute 23, 3
   8              		.eabi_attribute 24, 1
   9              		.eabi_attribute 25, 1
  10              		.eabi_attribute 26, 1
  11              		.eabi_attribute 30, 6
  12              		.eabi_attribute 34, 1
  13              		.eabi_attribute 18, 4
  14              		.file	"USBTask.c"
  15              		.text
  16              	.Ltext0:
  17              		.cfi_sections	.debug_frame
  18              		.file 1 "/opt/XMClib/XMC_Peripheral_Library_v2.1.16/ThirdPartyLibraries/USBlib/USB/Core/USBTask.c"
  19              		.global	USB_IsInitialized
  20              		.bss
  23              	USB_IsInitialized:
  24 0000 00       		.space	1
  25              		.global	USB_ControlRequest
  26 0001 000000   		.align	2
  29              	USB_ControlRequest:
  30 0004 00000000 		.space	8
  30      00000000 
  31              		.global	USB_DeviceState
  34              	USB_DeviceState:
  35 000c 00       		.space	1
  36              		.section	.text.USB_USBTask,"ax",%progbits
  37              		.align	1
  38              		.global	USB_USBTask
  39              		.syntax unified
  40              		.thumb
  41              		.thumb_func
  43              	USB_USBTask:
  44              	.LFB188:
   1:/opt/XMClib/XMC_Peripheral_Library_v2.1.16/ThirdPartyLibraries/USBlib/USB/Core/USBTask.c **** /*
   2:/opt/XMClib/XMC_Peripheral_Library_v2.1.16/ThirdPartyLibraries/USBlib/USB/Core/USBTask.c ****              LUFA Library
   3:/opt/XMClib/XMC_Peripheral_Library_v2.1.16/ThirdPartyLibraries/USBlib/USB/Core/USBTask.c ****      Copyright (C) Dean Camera, 2014.
   4:/opt/XMClib/XMC_Peripheral_Library_v2.1.16/ThirdPartyLibraries/USBlib/USB/Core/USBTask.c **** 
   5:/opt/XMClib/XMC_Peripheral_Library_v2.1.16/ThirdPartyLibraries/USBlib/USB/Core/USBTask.c ****   dean [at] fourwalledcubicle [dot] com
   6:/opt/XMClib/XMC_Peripheral_Library_v2.1.16/ThirdPartyLibraries/USBlib/USB/Core/USBTask.c ****            www.lufa-lib.org
   7:/opt/XMClib/XMC_Peripheral_Library_v2.1.16/ThirdPartyLibraries/USBlib/USB/Core/USBTask.c **** */
   8:/opt/XMClib/XMC_Peripheral_Library_v2.1.16/ThirdPartyLibraries/USBlib/USB/Core/USBTask.c **** 
   9:/opt/XMClib/XMC_Peripheral_Library_v2.1.16/ThirdPartyLibraries/USBlib/USB/Core/USBTask.c **** /*
  10:/opt/XMClib/XMC_Peripheral_Library_v2.1.16/ThirdPartyLibraries/USBlib/USB/Core/USBTask.c ****   Copyright 2014  Dean Camera (dean [at] fourwalledcubicle [dot] com)
  11:/opt/XMClib/XMC_Peripheral_Library_v2.1.16/ThirdPartyLibraries/USBlib/USB/Core/USBTask.c **** 
  12:/opt/XMClib/XMC_Peripheral_Library_v2.1.16/ThirdPartyLibraries/USBlib/USB/Core/USBTask.c ****   Permission to use, copy, modify, distribute, and sell this
  13:/opt/XMClib/XMC_Peripheral_Library_v2.1.16/ThirdPartyLibraries/USBlib/USB/Core/USBTask.c ****   software and its documentation for any purpose is hereby granted
  14:/opt/XMClib/XMC_Peripheral_Library_v2.1.16/ThirdPartyLibraries/USBlib/USB/Core/USBTask.c ****   without fee, provided that the above copyright notice appear in
  15:/opt/XMClib/XMC_Peripheral_Library_v2.1.16/ThirdPartyLibraries/USBlib/USB/Core/USBTask.c ****   all copies and that both that the copyright notice and this
  16:/opt/XMClib/XMC_Peripheral_Library_v2.1.16/ThirdPartyLibraries/USBlib/USB/Core/USBTask.c ****   permission notice and warranty disclaimer appear in supporting
  17:/opt/XMClib/XMC_Peripheral_Library_v2.1.16/ThirdPartyLibraries/USBlib/USB/Core/USBTask.c ****   documentation, and that the name of the author not be used in
  18:/opt/XMClib/XMC_Peripheral_Library_v2.1.16/ThirdPartyLibraries/USBlib/USB/Core/USBTask.c ****   advertising or publicity pertaining to distribution of the
  19:/opt/XMClib/XMC_Peripheral_Library_v2.1.16/ThirdPartyLibraries/USBlib/USB/Core/USBTask.c ****   software without specific, written prior permission.
  20:/opt/XMClib/XMC_Peripheral_Library_v2.1.16/ThirdPartyLibraries/USBlib/USB/Core/USBTask.c **** 
  21:/opt/XMClib/XMC_Peripheral_Library_v2.1.16/ThirdPartyLibraries/USBlib/USB/Core/USBTask.c ****   The author disclaims all warranties with regard to this
  22:/opt/XMClib/XMC_Peripheral_Library_v2.1.16/ThirdPartyLibraries/USBlib/USB/Core/USBTask.c ****   software, including all implied warranties of merchantability
  23:/opt/XMClib/XMC_Peripheral_Library_v2.1.16/ThirdPartyLibraries/USBlib/USB/Core/USBTask.c ****   and fitness.  In no event shall the author be liable for any
  24:/opt/XMClib/XMC_Peripheral_Library_v2.1.16/ThirdPartyLibraries/USBlib/USB/Core/USBTask.c ****   special, indirect or consequential damages or any damages
  25:/opt/XMClib/XMC_Peripheral_Library_v2.1.16/ThirdPartyLibraries/USBlib/USB/Core/USBTask.c ****   whatsoever resulting from loss of use, data or profits, whether
  26:/opt/XMClib/XMC_Peripheral_Library_v2.1.16/ThirdPartyLibraries/USBlib/USB/Core/USBTask.c ****   in an action of contract, negligence or other tortious action,
  27:/opt/XMClib/XMC_Peripheral_Library_v2.1.16/ThirdPartyLibraries/USBlib/USB/Core/USBTask.c ****   arising out of or in connection with the use or performance of
  28:/opt/XMClib/XMC_Peripheral_Library_v2.1.16/ThirdPartyLibraries/USBlib/USB/Core/USBTask.c ****   this software.
  29:/opt/XMClib/XMC_Peripheral_Library_v2.1.16/ThirdPartyLibraries/USBlib/USB/Core/USBTask.c **** */
  30:/opt/XMClib/XMC_Peripheral_Library_v2.1.16/ThirdPartyLibraries/USBlib/USB/Core/USBTask.c **** 
  31:/opt/XMClib/XMC_Peripheral_Library_v2.1.16/ThirdPartyLibraries/USBlib/USB/Core/USBTask.c **** #define  __INCLUDE_FROM_USBTASK_C
  32:/opt/XMClib/XMC_Peripheral_Library_v2.1.16/ThirdPartyLibraries/USBlib/USB/Core/USBTask.c **** #define  __INCLUDE_FROM_USB_DRIVER
  33:/opt/XMClib/XMC_Peripheral_Library_v2.1.16/ThirdPartyLibraries/USBlib/USB/Core/USBTask.c **** #include "USBTask.h"
  34:/opt/XMClib/XMC_Peripheral_Library_v2.1.16/ThirdPartyLibraries/USBlib/USB/Core/USBTask.c **** 
  35:/opt/XMClib/XMC_Peripheral_Library_v2.1.16/ThirdPartyLibraries/USBlib/USB/Core/USBTask.c **** volatile bool        USB_IsInitialized;
  36:/opt/XMClib/XMC_Peripheral_Library_v2.1.16/ThirdPartyLibraries/USBlib/USB/Core/USBTask.c **** USB_Request_Header_t USB_ControlRequest;
  37:/opt/XMClib/XMC_Peripheral_Library_v2.1.16/ThirdPartyLibraries/USBlib/USB/Core/USBTask.c **** 
  38:/opt/XMClib/XMC_Peripheral_Library_v2.1.16/ThirdPartyLibraries/USBlib/USB/Core/USBTask.c **** #if defined(USB_CAN_BE_HOST) && !defined(HOST_STATE_AS_GPIOR)
  39:/opt/XMClib/XMC_Peripheral_Library_v2.1.16/ThirdPartyLibraries/USBlib/USB/Core/USBTask.c **** volatile uint8_t     USB_HostState;
  40:/opt/XMClib/XMC_Peripheral_Library_v2.1.16/ThirdPartyLibraries/USBlib/USB/Core/USBTask.c **** #endif
  41:/opt/XMClib/XMC_Peripheral_Library_v2.1.16/ThirdPartyLibraries/USBlib/USB/Core/USBTask.c **** 
  42:/opt/XMClib/XMC_Peripheral_Library_v2.1.16/ThirdPartyLibraries/USBlib/USB/Core/USBTask.c **** #if defined(USB_CAN_BE_DEVICE) && !defined(DEVICE_STATE_AS_GPIOR)
  43:/opt/XMClib/XMC_Peripheral_Library_v2.1.16/ThirdPartyLibraries/USBlib/USB/Core/USBTask.c **** volatile uint8_t     USB_DeviceState;
  44:/opt/XMClib/XMC_Peripheral_Library_v2.1.16/ThirdPartyLibraries/USBlib/USB/Core/USBTask.c **** #endif
  45:/opt/XMClib/XMC_Peripheral_Library_v2.1.16/ThirdPartyLibraries/USBlib/USB/Core/USBTask.c **** 
  46:/opt/XMClib/XMC_Peripheral_Library_v2.1.16/ThirdPartyLibraries/USBlib/USB/Core/USBTask.c **** void USB_USBTask(void)
  47:/opt/XMClib/XMC_Peripheral_Library_v2.1.16/ThirdPartyLibraries/USBlib/USB/Core/USBTask.c **** {
  45              		.loc 1 47 1
  46              		.cfi_startproc
  47              		@ args = 0, pretend = 0, frame = 0
  48              		@ frame_needed = 1, uses_anonymous_args = 0
  49 0000 80B5     		push	{r7, lr}
  50              	.LCFI0:
  51              		.cfi_def_cfa_offset 8
  52              		.cfi_offset 7, -8
  53              		.cfi_offset 14, -4
  54 0002 00AF     		add	r7, sp, #0
  55              	.LCFI1:
  56              		.cfi_def_cfa_register 7
  48:/opt/XMClib/XMC_Peripheral_Library_v2.1.16/ThirdPartyLibraries/USBlib/USB/Core/USBTask.c **** 	#if defined(USB_CAN_BE_BOTH)
  49:/opt/XMClib/XMC_Peripheral_Library_v2.1.16/ThirdPartyLibraries/USBlib/USB/Core/USBTask.c **** 		if (USB_CurrentMode == USB_MODE_Device)
  50:/opt/XMClib/XMC_Peripheral_Library_v2.1.16/ThirdPartyLibraries/USBlib/USB/Core/USBTask.c **** 		  USB_DeviceTask();
  51:/opt/XMClib/XMC_Peripheral_Library_v2.1.16/ThirdPartyLibraries/USBlib/USB/Core/USBTask.c **** 		else if (USB_CurrentMode == USB_MODE_Host)
  52:/opt/XMClib/XMC_Peripheral_Library_v2.1.16/ThirdPartyLibraries/USBlib/USB/Core/USBTask.c **** 		  USB_HostTask();
  53:/opt/XMClib/XMC_Peripheral_Library_v2.1.16/ThirdPartyLibraries/USBlib/USB/Core/USBTask.c **** 	#elif defined(USB_CAN_BE_HOST)
  54:/opt/XMClib/XMC_Peripheral_Library_v2.1.16/ThirdPartyLibraries/USBlib/USB/Core/USBTask.c **** 		USB_HostTask();
  55:/opt/XMClib/XMC_Peripheral_Library_v2.1.16/ThirdPartyLibraries/USBlib/USB/Core/USBTask.c **** 	#elif defined(USB_CAN_BE_DEVICE)
  56:/opt/XMClib/XMC_Peripheral_Library_v2.1.16/ThirdPartyLibraries/USBlib/USB/Core/USBTask.c **** 		USB_DeviceTask();
  57              		.loc 1 56 3
  58 0004 FFF7FEFF 		bl	USB_DeviceTask
  57:/opt/XMClib/XMC_Peripheral_Library_v2.1.16/ThirdPartyLibraries/USBlib/USB/Core/USBTask.c **** 	#endif
  58:/opt/XMClib/XMC_Peripheral_Library_v2.1.16/ThirdPartyLibraries/USBlib/USB/Core/USBTask.c **** }
  59              		.loc 1 58 1
  60 0008 00BF     		nop
  61 000a 80BD     		pop	{r7, pc}
  62              		.cfi_endproc
  63              	.LFE188:
  65              		.section	.text.USB_DeviceTask,"ax",%progbits
  66              		.align	1
  67              		.syntax unified
  68              		.thumb
  69              		.thumb_func
  71              	USB_DeviceTask:
  72              	.LFB189:
  59:/opt/XMClib/XMC_Peripheral_Library_v2.1.16/ThirdPartyLibraries/USBlib/USB/Core/USBTask.c **** 
  60:/opt/XMClib/XMC_Peripheral_Library_v2.1.16/ThirdPartyLibraries/USBlib/USB/Core/USBTask.c **** #if defined(USB_CAN_BE_DEVICE)
  61:/opt/XMClib/XMC_Peripheral_Library_v2.1.16/ThirdPartyLibraries/USBlib/USB/Core/USBTask.c **** static void USB_DeviceTask(void)
  62:/opt/XMClib/XMC_Peripheral_Library_v2.1.16/ThirdPartyLibraries/USBlib/USB/Core/USBTask.c **** {
  73              		.loc 1 62 1
  74              		.cfi_startproc
  75              		@ args = 0, pretend = 0, frame = 8
  76              		@ frame_needed = 1, uses_anonymous_args = 0
  77 0000 80B5     		push	{r7, lr}
  78              	.LCFI2:
  79              		.cfi_def_cfa_offset 8
  80              		.cfi_offset 7, -8
  81              		.cfi_offset 14, -4
  82 0002 82B0     		sub	sp, sp, #8
  83              	.LCFI3:
  84              		.cfi_def_cfa_offset 16
  85 0004 00AF     		add	r7, sp, #0
  86              	.LCFI4:
  87              		.cfi_def_cfa_register 7
  63:/opt/XMClib/XMC_Peripheral_Library_v2.1.16/ThirdPartyLibraries/USBlib/USB/Core/USBTask.c **** 	if (USB_DeviceState == DEVICE_STATE_Unattached)
  88              		.loc 1 63 22
  89 0006 1D4B     		ldr	r3, .L9
  90 0008 1B78     		ldrb	r3, [r3]
  91 000a DBB2     		uxtb	r3, r3
  92              		.loc 1 63 5
  93 000c 002B     		cmp	r3, #0
  94 000e 31D0     		beq	.L8
  95              	.LBB10:
  96              	.LBB11:
  97              		.file 2 "/opt/XMClib/XMC_Peripheral_Library_v2.1.16/ThirdPartyLibraries/USBlib/USB/Core/XMC4000/..
   1:/opt/XMClib/XMC_Peripheral_Library_v2.1.16/ThirdPartyLibraries/USBlib/USB/Core/XMC4000/../XMC4000/Endpoint_XMC4000.h **** /*
   2:/opt/XMClib/XMC_Peripheral_Library_v2.1.16/ThirdPartyLibraries/USBlib/USB/Core/XMC4000/../XMC4000/Endpoint_XMC4000.h ****              LUFA Library
   3:/opt/XMClib/XMC_Peripheral_Library_v2.1.16/ThirdPartyLibraries/USBlib/USB/Core/XMC4000/../XMC4000/Endpoint_XMC4000.h ****      Copyright (C) Dean Camera, 2013.
   4:/opt/XMClib/XMC_Peripheral_Library_v2.1.16/ThirdPartyLibraries/USBlib/USB/Core/XMC4000/../XMC4000/Endpoint_XMC4000.h **** 
   5:/opt/XMClib/XMC_Peripheral_Library_v2.1.16/ThirdPartyLibraries/USBlib/USB/Core/XMC4000/../XMC4000/Endpoint_XMC4000.h ****   dean [at] fourwalledcubicle [dot] com
   6:/opt/XMClib/XMC_Peripheral_Library_v2.1.16/ThirdPartyLibraries/USBlib/USB/Core/XMC4000/../XMC4000/Endpoint_XMC4000.h ****            www.lufa-lib.org
   7:/opt/XMClib/XMC_Peripheral_Library_v2.1.16/ThirdPartyLibraries/USBlib/USB/Core/XMC4000/../XMC4000/Endpoint_XMC4000.h **** */
   8:/opt/XMClib/XMC_Peripheral_Library_v2.1.16/ThirdPartyLibraries/USBlib/USB/Core/XMC4000/../XMC4000/Endpoint_XMC4000.h **** 
   9:/opt/XMClib/XMC_Peripheral_Library_v2.1.16/ThirdPartyLibraries/USBlib/USB/Core/XMC4000/../XMC4000/Endpoint_XMC4000.h **** /*
  10:/opt/XMClib/XMC_Peripheral_Library_v2.1.16/ThirdPartyLibraries/USBlib/USB/Core/XMC4000/../XMC4000/Endpoint_XMC4000.h ****   Copyright 2013  Dean Camera (dean [at] fourwalledcubicle [dot] com)
  11:/opt/XMClib/XMC_Peripheral_Library_v2.1.16/ThirdPartyLibraries/USBlib/USB/Core/XMC4000/../XMC4000/Endpoint_XMC4000.h **** 
  12:/opt/XMClib/XMC_Peripheral_Library_v2.1.16/ThirdPartyLibraries/USBlib/USB/Core/XMC4000/../XMC4000/Endpoint_XMC4000.h ****   Permission to use, copy, modify, distribute, and sell this
  13:/opt/XMClib/XMC_Peripheral_Library_v2.1.16/ThirdPartyLibraries/USBlib/USB/Core/XMC4000/../XMC4000/Endpoint_XMC4000.h ****   software and its documentation for any purpose is hereby granted
  14:/opt/XMClib/XMC_Peripheral_Library_v2.1.16/ThirdPartyLibraries/USBlib/USB/Core/XMC4000/../XMC4000/Endpoint_XMC4000.h ****   without fee, provided that the above copyright notice appear in
  15:/opt/XMClib/XMC_Peripheral_Library_v2.1.16/ThirdPartyLibraries/USBlib/USB/Core/XMC4000/../XMC4000/Endpoint_XMC4000.h ****   all copies and that both that the copyright notice and this
  16:/opt/XMClib/XMC_Peripheral_Library_v2.1.16/ThirdPartyLibraries/USBlib/USB/Core/XMC4000/../XMC4000/Endpoint_XMC4000.h ****   permission notice and warranty disclaimer appear in supporting
  17:/opt/XMClib/XMC_Peripheral_Library_v2.1.16/ThirdPartyLibraries/USBlib/USB/Core/XMC4000/../XMC4000/Endpoint_XMC4000.h ****   documentation, and that the name of the author not be used in
  18:/opt/XMClib/XMC_Peripheral_Library_v2.1.16/ThirdPartyLibraries/USBlib/USB/Core/XMC4000/../XMC4000/Endpoint_XMC4000.h ****   advertising or publicity pertaining to distribution of the
  19:/opt/XMClib/XMC_Peripheral_Library_v2.1.16/ThirdPartyLibraries/USBlib/USB/Core/XMC4000/../XMC4000/Endpoint_XMC4000.h ****   software without specific, written prior permission.
  20:/opt/XMClib/XMC_Peripheral_Library_v2.1.16/ThirdPartyLibraries/USBlib/USB/Core/XMC4000/../XMC4000/Endpoint_XMC4000.h **** 
  21:/opt/XMClib/XMC_Peripheral_Library_v2.1.16/ThirdPartyLibraries/USBlib/USB/Core/XMC4000/../XMC4000/Endpoint_XMC4000.h ****   The author disclaims all warranties with regard to this
  22:/opt/XMClib/XMC_Peripheral_Library_v2.1.16/ThirdPartyLibraries/USBlib/USB/Core/XMC4000/../XMC4000/Endpoint_XMC4000.h ****   software, including all implied warranties of merchantability
  23:/opt/XMClib/XMC_Peripheral_Library_v2.1.16/ThirdPartyLibraries/USBlib/USB/Core/XMC4000/../XMC4000/Endpoint_XMC4000.h ****   and fitness.  In no event shall the author be liable for any
  24:/opt/XMClib/XMC_Peripheral_Library_v2.1.16/ThirdPartyLibraries/USBlib/USB/Core/XMC4000/../XMC4000/Endpoint_XMC4000.h ****   special, indirect or consequential damages or any damages
  25:/opt/XMClib/XMC_Peripheral_Library_v2.1.16/ThirdPartyLibraries/USBlib/USB/Core/XMC4000/../XMC4000/Endpoint_XMC4000.h ****   whatsoever resulting from loss of use, data or profits, whether
  26:/opt/XMClib/XMC_Peripheral_Library_v2.1.16/ThirdPartyLibraries/USBlib/USB/Core/XMC4000/../XMC4000/Endpoint_XMC4000.h ****   in an action of contract, negligence or other tortious action,
  27:/opt/XMClib/XMC_Peripheral_Library_v2.1.16/ThirdPartyLibraries/USBlib/USB/Core/XMC4000/../XMC4000/Endpoint_XMC4000.h ****   arising out of or in connection with the use or performance of
  28:/opt/XMClib/XMC_Peripheral_Library_v2.1.16/ThirdPartyLibraries/USBlib/USB/Core/XMC4000/../XMC4000/Endpoint_XMC4000.h ****   this software.
  29:/opt/XMClib/XMC_Peripheral_Library_v2.1.16/ThirdPartyLibraries/USBlib/USB/Core/XMC4000/../XMC4000/Endpoint_XMC4000.h **** */
  30:/opt/XMClib/XMC_Peripheral_Library_v2.1.16/ThirdPartyLibraries/USBlib/USB/Core/XMC4000/../XMC4000/Endpoint_XMC4000.h **** /*******************************************************************************
  31:/opt/XMClib/XMC_Peripheral_Library_v2.1.16/ThirdPartyLibraries/USBlib/USB/Core/XMC4000/../XMC4000/Endpoint_XMC4000.h ****  *
  32:/opt/XMClib/XMC_Peripheral_Library_v2.1.16/ThirdPartyLibraries/USBlib/USB/Core/XMC4000/../XMC4000/Endpoint_XMC4000.h ****  * Copyright (C) 2013 Infineon Technologies AG. All rights reserved.
  33:/opt/XMClib/XMC_Peripheral_Library_v2.1.16/ThirdPartyLibraries/USBlib/USB/Core/XMC4000/../XMC4000/Endpoint_XMC4000.h ****  *
  34:/opt/XMClib/XMC_Peripheral_Library_v2.1.16/ThirdPartyLibraries/USBlib/USB/Core/XMC4000/../XMC4000/Endpoint_XMC4000.h ****  * Infineon Technologies AG (Infineon) is supplying this software for use with
  35:/opt/XMClib/XMC_Peripheral_Library_v2.1.16/ThirdPartyLibraries/USBlib/USB/Core/XMC4000/../XMC4000/Endpoint_XMC4000.h ****  * Infineon's microcontrollers.
  36:/opt/XMClib/XMC_Peripheral_Library_v2.1.16/ThirdPartyLibraries/USBlib/USB/Core/XMC4000/../XMC4000/Endpoint_XMC4000.h ****  * This file can be freely distributed within development tools that are
  37:/opt/XMClib/XMC_Peripheral_Library_v2.1.16/ThirdPartyLibraries/USBlib/USB/Core/XMC4000/../XMC4000/Endpoint_XMC4000.h ****  * supporting such microcontrollers.
  38:/opt/XMClib/XMC_Peripheral_Library_v2.1.16/ThirdPartyLibraries/USBlib/USB/Core/XMC4000/../XMC4000/Endpoint_XMC4000.h ****  *
  39:/opt/XMClib/XMC_Peripheral_Library_v2.1.16/ThirdPartyLibraries/USBlib/USB/Core/XMC4000/../XMC4000/Endpoint_XMC4000.h ****  * THIS SOFTWARE IS PROVIDED "AS IS".  NO WARRANTIES, WHETHER EXPRESS, IMPLIED
  40:/opt/XMClib/XMC_Peripheral_Library_v2.1.16/ThirdPartyLibraries/USBlib/USB/Core/XMC4000/../XMC4000/Endpoint_XMC4000.h ****  * OR STATUTORY, INCLUDING, BUT NOT LIMITED TO, IMPLIED WARRANTIES OF
  41:/opt/XMClib/XMC_Peripheral_Library_v2.1.16/ThirdPartyLibraries/USBlib/USB/Core/XMC4000/../XMC4000/Endpoint_XMC4000.h ****  * MERCHANTABILITY AND FITNESS FOR A PARTICULAR PURPOSE APPLY TO THIS SOFTWARE.
  42:/opt/XMClib/XMC_Peripheral_Library_v2.1.16/ThirdPartyLibraries/USBlib/USB/Core/XMC4000/../XMC4000/Endpoint_XMC4000.h ****  * INFINEON SHALL NOT, IN ANY CIRCUMSTANCES, BE LIABLE FOR SPECIAL, INCIDENTAL,
  43:/opt/XMClib/XMC_Peripheral_Library_v2.1.16/ThirdPartyLibraries/USBlib/USB/Core/XMC4000/../XMC4000/Endpoint_XMC4000.h ****  * OR CONSEQUENTIAL DAMAGES, FOR ANY REASON WHATSOEVER.
  44:/opt/XMClib/XMC_Peripheral_Library_v2.1.16/ThirdPartyLibraries/USBlib/USB/Core/XMC4000/../XMC4000/Endpoint_XMC4000.h ****  *
  45:/opt/XMClib/XMC_Peripheral_Library_v2.1.16/ThirdPartyLibraries/USBlib/USB/Core/XMC4000/../XMC4000/Endpoint_XMC4000.h ****  */
  46:/opt/XMClib/XMC_Peripheral_Library_v2.1.16/ThirdPartyLibraries/USBlib/USB/Core/XMC4000/../XMC4000/Endpoint_XMC4000.h **** 
  47:/opt/XMClib/XMC_Peripheral_Library_v2.1.16/ThirdPartyLibraries/USBlib/USB/Core/XMC4000/../XMC4000/Endpoint_XMC4000.h **** /** \file
  48:/opt/XMClib/XMC_Peripheral_Library_v2.1.16/ThirdPartyLibraries/USBlib/USB/Core/XMC4000/../XMC4000/Endpoint_XMC4000.h ****  *
  49:/opt/XMClib/XMC_Peripheral_Library_v2.1.16/ThirdPartyLibraries/USBlib/USB/Core/XMC4000/../XMC4000/Endpoint_XMC4000.h ****  *  Functions, macros, variables, enums and types related to data reading and writing of primitive 
  50:/opt/XMClib/XMC_Peripheral_Library_v2.1.16/ThirdPartyLibraries/USBlib/USB/Core/XMC4000/../XMC4000/Endpoint_XMC4000.h ****  *  from and to endpoints.
  51:/opt/XMClib/XMC_Peripheral_Library_v2.1.16/ThirdPartyLibraries/USBlib/USB/Core/XMC4000/../XMC4000/Endpoint_XMC4000.h ****  */
  52:/opt/XMClib/XMC_Peripheral_Library_v2.1.16/ThirdPartyLibraries/USBlib/USB/Core/XMC4000/../XMC4000/Endpoint_XMC4000.h **** 
  53:/opt/XMClib/XMC_Peripheral_Library_v2.1.16/ThirdPartyLibraries/USBlib/USB/Core/XMC4000/../XMC4000/Endpoint_XMC4000.h **** /** \ingroup Group_EndpointPacketManagement
  54:/opt/XMClib/XMC_Peripheral_Library_v2.1.16/ThirdPartyLibraries/USBlib/USB/Core/XMC4000/../XMC4000/Endpoint_XMC4000.h ****  *
  55:/opt/XMClib/XMC_Peripheral_Library_v2.1.16/ThirdPartyLibraries/USBlib/USB/Core/XMC4000/../XMC4000/Endpoint_XMC4000.h ****  *  Functions, macros, variables, enums and types related to packet management of endpoints.
  56:/opt/XMClib/XMC_Peripheral_Library_v2.1.16/ThirdPartyLibraries/USBlib/USB/Core/XMC4000/../XMC4000/Endpoint_XMC4000.h ****  */
  57:/opt/XMClib/XMC_Peripheral_Library_v2.1.16/ThirdPartyLibraries/USBlib/USB/Core/XMC4000/../XMC4000/Endpoint_XMC4000.h **** 
  58:/opt/XMClib/XMC_Peripheral_Library_v2.1.16/ThirdPartyLibraries/USBlib/USB/Core/XMC4000/../XMC4000/Endpoint_XMC4000.h **** /** \ingroup Group_EndpointManagement
  59:/opt/XMClib/XMC_Peripheral_Library_v2.1.16/ThirdPartyLibraries/USBlib/USB/Core/XMC4000/../XMC4000/Endpoint_XMC4000.h ****  *  Functions, macros and enums related to endpoint management when in USB Device mode. This
  60:/opt/XMClib/XMC_Peripheral_Library_v2.1.16/ThirdPartyLibraries/USBlib/USB/Core/XMC4000/../XMC4000/Endpoint_XMC4000.h ****  *  module contains the endpoint management macros, as well as endpoint interrupt and data
  61:/opt/XMClib/XMC_Peripheral_Library_v2.1.16/ThirdPartyLibraries/USBlib/USB/Core/XMC4000/../XMC4000/Endpoint_XMC4000.h ****  *  send/receive functions for various data types.
  62:/opt/XMClib/XMC_Peripheral_Library_v2.1.16/ThirdPartyLibraries/USBlib/USB/Core/XMC4000/../XMC4000/Endpoint_XMC4000.h ****  *
  63:/opt/XMClib/XMC_Peripheral_Library_v2.1.16/ThirdPartyLibraries/USBlib/USB/Core/XMC4000/../XMC4000/Endpoint_XMC4000.h ****  *  @{
  64:/opt/XMClib/XMC_Peripheral_Library_v2.1.16/ThirdPartyLibraries/USBlib/USB/Core/XMC4000/../XMC4000/Endpoint_XMC4000.h ****  */
  65:/opt/XMClib/XMC_Peripheral_Library_v2.1.16/ThirdPartyLibraries/USBlib/USB/Core/XMC4000/../XMC4000/Endpoint_XMC4000.h **** 
  66:/opt/XMClib/XMC_Peripheral_Library_v2.1.16/ThirdPartyLibraries/USBlib/USB/Core/XMC4000/../XMC4000/Endpoint_XMC4000.h **** #ifndef ENDPOINT_XMC4000_H_
  67:/opt/XMClib/XMC_Peripheral_Library_v2.1.16/ThirdPartyLibraries/USBlib/USB/Core/XMC4000/../XMC4000/Endpoint_XMC4000.h **** #define ENDPOINT_XMC4000_H_
  68:/opt/XMClib/XMC_Peripheral_Library_v2.1.16/ThirdPartyLibraries/USBlib/USB/Core/XMC4000/../XMC4000/Endpoint_XMC4000.h **** 
  69:/opt/XMClib/XMC_Peripheral_Library_v2.1.16/ThirdPartyLibraries/USBlib/USB/Core/XMC4000/../XMC4000/Endpoint_XMC4000.h **** 		#include "../../Common/Common.h"
  70:/opt/XMClib/XMC_Peripheral_Library_v2.1.16/ThirdPartyLibraries/USBlib/USB/Core/XMC4000/../XMC4000/Endpoint_XMC4000.h **** 		#include "../USBTask.h"
  71:/opt/XMClib/XMC_Peripheral_Library_v2.1.16/ThirdPartyLibraries/USBlib/USB/Core/XMC4000/../XMC4000/Endpoint_XMC4000.h **** 		#include "../USBInterrupt.h"
  72:/opt/XMClib/XMC_Peripheral_Library_v2.1.16/ThirdPartyLibraries/USBlib/USB/Core/XMC4000/../XMC4000/Endpoint_XMC4000.h **** 		#include "../USBController.h"
  73:/opt/XMClib/XMC_Peripheral_Library_v2.1.16/ThirdPartyLibraries/USBlib/USB/Core/XMC4000/../XMC4000/Endpoint_XMC4000.h **** 
  74:/opt/XMClib/XMC_Peripheral_Library_v2.1.16/ThirdPartyLibraries/USBlib/USB/Core/XMC4000/../XMC4000/Endpoint_XMC4000.h **** /* Enable C linkage for C++ Compilers: */
  75:/opt/XMClib/XMC_Peripheral_Library_v2.1.16/ThirdPartyLibraries/USBlib/USB/Core/XMC4000/../XMC4000/Endpoint_XMC4000.h **** #if defined(__cplusplus)
  76:/opt/XMClib/XMC_Peripheral_Library_v2.1.16/ThirdPartyLibraries/USBlib/USB/Core/XMC4000/../XMC4000/Endpoint_XMC4000.h **** 	extern "C" {
  77:/opt/XMClib/XMC_Peripheral_Library_v2.1.16/ThirdPartyLibraries/USBlib/USB/Core/XMC4000/../XMC4000/Endpoint_XMC4000.h **** #endif
  78:/opt/XMClib/XMC_Peripheral_Library_v2.1.16/ThirdPartyLibraries/USBlib/USB/Core/XMC4000/../XMC4000/Endpoint_XMC4000.h **** 
  79:/opt/XMClib/XMC_Peripheral_Library_v2.1.16/ThirdPartyLibraries/USBlib/USB/Core/XMC4000/../XMC4000/Endpoint_XMC4000.h **** 	/* Preprocessor Checks: */
  80:/opt/XMClib/XMC_Peripheral_Library_v2.1.16/ThirdPartyLibraries/USBlib/USB/Core/XMC4000/../XMC4000/Endpoint_XMC4000.h **** 		#if !defined(__INCLUDE_FROM_USB_DRIVER)
  81:/opt/XMClib/XMC_Peripheral_Library_v2.1.16/ThirdPartyLibraries/USBlib/USB/Core/XMC4000/../XMC4000/Endpoint_XMC4000.h **** 			#error Do not include this file directly. Include LUFA/Drivers/USB/USB.h instead.
  82:/opt/XMClib/XMC_Peripheral_Library_v2.1.16/ThirdPartyLibraries/USBlib/USB/Core/XMC4000/../XMC4000/Endpoint_XMC4000.h **** 		#endif
  83:/opt/XMClib/XMC_Peripheral_Library_v2.1.16/ThirdPartyLibraries/USBlib/USB/Core/XMC4000/../XMC4000/Endpoint_XMC4000.h **** 
  84:/opt/XMClib/XMC_Peripheral_Library_v2.1.16/ThirdPartyLibraries/USBlib/USB/Core/XMC4000/../XMC4000/Endpoint_XMC4000.h **** 	/* Public Interface - May be used in end-application: */
  85:/opt/XMClib/XMC_Peripheral_Library_v2.1.16/ThirdPartyLibraries/USBlib/USB/Core/XMC4000/../XMC4000/Endpoint_XMC4000.h ****             
  86:/opt/XMClib/XMC_Peripheral_Library_v2.1.16/ThirdPartyLibraries/USBlib/USB/Core/XMC4000/../XMC4000/Endpoint_XMC4000.h **** 	/** Enum for the possible error return codes of the \ref Endpoint_WaitUntilReady() function.
  87:/opt/XMClib/XMC_Peripheral_Library_v2.1.16/ThirdPartyLibraries/USBlib/USB/Core/XMC4000/../XMC4000/Endpoint_XMC4000.h **** 	 *
  88:/opt/XMClib/XMC_Peripheral_Library_v2.1.16/ThirdPartyLibraries/USBlib/USB/Core/XMC4000/../XMC4000/Endpoint_XMC4000.h **** 	 *  \ingroup Group_EndpointRW
  89:/opt/XMClib/XMC_Peripheral_Library_v2.1.16/ThirdPartyLibraries/USBlib/USB/Core/XMC4000/../XMC4000/Endpoint_XMC4000.h **** 	 */
  90:/opt/XMClib/XMC_Peripheral_Library_v2.1.16/ThirdPartyLibraries/USBlib/USB/Core/XMC4000/../XMC4000/Endpoint_XMC4000.h **** 	enum Endpoint_WaitUntilReady_ErrorCodes_t
  91:/opt/XMClib/XMC_Peripheral_Library_v2.1.16/ThirdPartyLibraries/USBlib/USB/Core/XMC4000/../XMC4000/Endpoint_XMC4000.h **** 	{
  92:/opt/XMClib/XMC_Peripheral_Library_v2.1.16/ThirdPartyLibraries/USBlib/USB/Core/XMC4000/../XMC4000/Endpoint_XMC4000.h **** 		ENDPOINT_READYWAIT_NoError                 = 0, /**< Endpoint is ready for next packet, no error.
  93:/opt/XMClib/XMC_Peripheral_Library_v2.1.16/ThirdPartyLibraries/USBlib/USB/Core/XMC4000/../XMC4000/Endpoint_XMC4000.h **** 		ENDPOINT_READYWAIT_EndpointStalled         = 1, /**< The endpoint was stalled during the stream
  94:/opt/XMClib/XMC_Peripheral_Library_v2.1.16/ThirdPartyLibraries/USBlib/USB/Core/XMC4000/../XMC4000/Endpoint_XMC4000.h **** 														 *   transfer by the host or device.
  95:/opt/XMClib/XMC_Peripheral_Library_v2.1.16/ThirdPartyLibraries/USBlib/USB/Core/XMC4000/../XMC4000/Endpoint_XMC4000.h **** 														 */
  96:/opt/XMClib/XMC_Peripheral_Library_v2.1.16/ThirdPartyLibraries/USBlib/USB/Core/XMC4000/../XMC4000/Endpoint_XMC4000.h **** 		ENDPOINT_READYWAIT_DeviceDisconnected      = 2,	/**< Device was disconnected from the host while
  97:/opt/XMClib/XMC_Peripheral_Library_v2.1.16/ThirdPartyLibraries/USBlib/USB/Core/XMC4000/../XMC4000/Endpoint_XMC4000.h **** 														 *   waiting for the endpoint to become ready.
  98:/opt/XMClib/XMC_Peripheral_Library_v2.1.16/ThirdPartyLibraries/USBlib/USB/Core/XMC4000/../XMC4000/Endpoint_XMC4000.h **** 														 */
  99:/opt/XMClib/XMC_Peripheral_Library_v2.1.16/ThirdPartyLibraries/USBlib/USB/Core/XMC4000/../XMC4000/Endpoint_XMC4000.h **** 		ENDPOINT_READYWAIT_BusSuspended            = 3, /**< The USB bus has been suspended by the host a
 100:/opt/XMClib/XMC_Peripheral_Library_v2.1.16/ThirdPartyLibraries/USBlib/USB/Core/XMC4000/../XMC4000/Endpoint_XMC4000.h **** 														 *   no USB endpoint traffic can occur until the bus
 101:/opt/XMClib/XMC_Peripheral_Library_v2.1.16/ThirdPartyLibraries/USBlib/USB/Core/XMC4000/../XMC4000/Endpoint_XMC4000.h **** 														 *   has resumed.
 102:/opt/XMClib/XMC_Peripheral_Library_v2.1.16/ThirdPartyLibraries/USBlib/USB/Core/XMC4000/../XMC4000/Endpoint_XMC4000.h **** 														 */
 103:/opt/XMClib/XMC_Peripheral_Library_v2.1.16/ThirdPartyLibraries/USBlib/USB/Core/XMC4000/../XMC4000/Endpoint_XMC4000.h **** 		ENDPOINT_READYWAIT_Timeout                 = 4, /**< The host failed to accept or send the next p
 104:/opt/XMClib/XMC_Peripheral_Library_v2.1.16/ThirdPartyLibraries/USBlib/USB/Core/XMC4000/../XMC4000/Endpoint_XMC4000.h **** 														 *   within the software timeout period set by the
 105:/opt/XMClib/XMC_Peripheral_Library_v2.1.16/ThirdPartyLibraries/USBlib/USB/Core/XMC4000/../XMC4000/Endpoint_XMC4000.h **** 														 *   \ref USB_STREAM_TIMEOUT_MS macro.
 106:/opt/XMClib/XMC_Peripheral_Library_v2.1.16/ThirdPartyLibraries/USBlib/USB/Core/XMC4000/../XMC4000/Endpoint_XMC4000.h **** 														 */
 107:/opt/XMClib/XMC_Peripheral_Library_v2.1.16/ThirdPartyLibraries/USBlib/USB/Core/XMC4000/../XMC4000/Endpoint_XMC4000.h **** 	};
 108:/opt/XMClib/XMC_Peripheral_Library_v2.1.16/ThirdPartyLibraries/USBlib/USB/Core/XMC4000/../XMC4000/Endpoint_XMC4000.h **** 
 109:/opt/XMClib/XMC_Peripheral_Library_v2.1.16/ThirdPartyLibraries/USBlib/USB/Core/XMC4000/../XMC4000/Endpoint_XMC4000.h **** 	/** Get the endpoint address of the currently selected endpoint. This is typically used to save
 110:/opt/XMClib/XMC_Peripheral_Library_v2.1.16/ThirdPartyLibraries/USBlib/USB/Core/XMC4000/../XMC4000/Endpoint_XMC4000.h **** 	 *  the currently selected endpoint so that it can be restored after another endpoint has been
 111:/opt/XMClib/XMC_Peripheral_Library_v2.1.16/ThirdPartyLibraries/USBlib/USB/Core/XMC4000/../XMC4000/Endpoint_XMC4000.h **** 	 *  manipulated.
 112:/opt/XMClib/XMC_Peripheral_Library_v2.1.16/ThirdPartyLibraries/USBlib/USB/Core/XMC4000/../XMC4000/Endpoint_XMC4000.h **** 	 *
 113:/opt/XMClib/XMC_Peripheral_Library_v2.1.16/ThirdPartyLibraries/USBlib/USB/Core/XMC4000/../XMC4000/Endpoint_XMC4000.h **** 	 *  \return Index of the currently selected endpoint.
 114:/opt/XMClib/XMC_Peripheral_Library_v2.1.16/ThirdPartyLibraries/USBlib/USB/Core/XMC4000/../XMC4000/Endpoint_XMC4000.h **** 	 */
 115:/opt/XMClib/XMC_Peripheral_Library_v2.1.16/ThirdPartyLibraries/USBlib/USB/Core/XMC4000/../XMC4000/Endpoint_XMC4000.h **** 	static inline uint8_t Endpoint_GetCurrentEndpoint(void) ATTR_WARN_UNUSED_RESULT ATTR_ALWAYS_INLINE
 116:/opt/XMClib/XMC_Peripheral_Library_v2.1.16/ThirdPartyLibraries/USBlib/USB/Core/XMC4000/../XMC4000/Endpoint_XMC4000.h **** 	static inline uint8_t Endpoint_GetCurrentEndpoint(void)
 117:/opt/XMClib/XMC_Peripheral_Library_v2.1.16/ThirdPartyLibraries/USBlib/USB/Core/XMC4000/../XMC4000/Endpoint_XMC4000.h **** 	{
 118:/opt/XMClib/XMC_Peripheral_Library_v2.1.16/ThirdPartyLibraries/USBlib/USB/Core/XMC4000/../XMC4000/Endpoint_XMC4000.h **** 		return device.CurrentDirection | device.CurrentEndpoint;
  98              		.loc 2 118 16
  99 0010 1B4B     		ldr	r3, .L9+4
 100 0012 93F83D21 		ldrb	r2, [r3, #317]	@ zero_extendqisi2
 101              		.loc 2 118 42
 102 0016 1A4B     		ldr	r3, .L9+4
 103 0018 93F83C31 		ldrb	r3, [r3, #316]	@ zero_extendqisi2
 104              		.loc 2 118 34
 105 001c 1343     		orrs	r3, r3, r2
 106 001e DBB2     		uxtb	r3, r3
 107              	.LBE11:
 108              	.LBE10:
  64:/opt/XMClib/XMC_Peripheral_Library_v2.1.16/ThirdPartyLibraries/USBlib/USB/Core/USBTask.c **** 	  return;
  65:/opt/XMClib/XMC_Peripheral_Library_v2.1.16/ThirdPartyLibraries/USBlib/USB/Core/USBTask.c **** 
  66:/opt/XMClib/XMC_Peripheral_Library_v2.1.16/ThirdPartyLibraries/USBlib/USB/Core/USBTask.c **** 	uint8_t PrevEndpoint = Endpoint_GetCurrentEndpoint();
 109              		.loc 1 66 25
 110 0020 FB71     		strb	r3, [r7, #7]
 111              	.LBB12:
 112              	.LBB13:
 119:/opt/XMClib/XMC_Peripheral_Library_v2.1.16/ThirdPartyLibraries/USBlib/USB/Core/XMC4000/../XMC4000/Endpoint_XMC4000.h **** 	}
 120:/opt/XMClib/XMC_Peripheral_Library_v2.1.16/ThirdPartyLibraries/USBlib/USB/Core/XMC4000/../XMC4000/Endpoint_XMC4000.h **** 
 121:/opt/XMClib/XMC_Peripheral_Library_v2.1.16/ThirdPartyLibraries/USBlib/USB/Core/XMC4000/../XMC4000/Endpoint_XMC4000.h **** 	/** Selects the given endpoint address.
 122:/opt/XMClib/XMC_Peripheral_Library_v2.1.16/ThirdPartyLibraries/USBlib/USB/Core/XMC4000/../XMC4000/Endpoint_XMC4000.h **** 	 *
 123:/opt/XMClib/XMC_Peripheral_Library_v2.1.16/ThirdPartyLibraries/USBlib/USB/Core/XMC4000/../XMC4000/Endpoint_XMC4000.h **** 	 *  Any endpoint operations which do not require the endpoint address to be indicated will operate
 124:/opt/XMClib/XMC_Peripheral_Library_v2.1.16/ThirdPartyLibraries/USBlib/USB/Core/XMC4000/../XMC4000/Endpoint_XMC4000.h **** 	 *  the currently selected endpoint.
 125:/opt/XMClib/XMC_Peripheral_Library_v2.1.16/ThirdPartyLibraries/USBlib/USB/Core/XMC4000/../XMC4000/Endpoint_XMC4000.h **** 	 *
 126:/opt/XMClib/XMC_Peripheral_Library_v2.1.16/ThirdPartyLibraries/USBlib/USB/Core/XMC4000/../XMC4000/Endpoint_XMC4000.h **** 	 *  \param[in] Address Endpoint address to select.
 127:/opt/XMClib/XMC_Peripheral_Library_v2.1.16/ThirdPartyLibraries/USBlib/USB/Core/XMC4000/../XMC4000/Endpoint_XMC4000.h **** 	 */
 128:/opt/XMClib/XMC_Peripheral_Library_v2.1.16/ThirdPartyLibraries/USBlib/USB/Core/XMC4000/../XMC4000/Endpoint_XMC4000.h **** 	static inline void Endpoint_SelectEndpoint(const uint8_t Address) ATTR_ALWAYS_INLINE;
 129:/opt/XMClib/XMC_Peripheral_Library_v2.1.16/ThirdPartyLibraries/USBlib/USB/Core/XMC4000/../XMC4000/Endpoint_XMC4000.h **** 	static inline void Endpoint_SelectEndpoint(const uint8_t Address)
 130:/opt/XMClib/XMC_Peripheral_Library_v2.1.16/ThirdPartyLibraries/USBlib/USB/Core/XMC4000/../XMC4000/Endpoint_XMC4000.h **** 	{
 131:/opt/XMClib/XMC_Peripheral_Library_v2.1.16/ThirdPartyLibraries/USBlib/USB/Core/XMC4000/../XMC4000/Endpoint_XMC4000.h **** 		device.CurrentEndpoint = Address & ENDPOINT_EPNUM_MASK;
 113              		.loc 2 131 36
 114 0022 0022     		movs	r2, #0
 115              		.loc 2 131 26
 116 0024 164B     		ldr	r3, .L9+4
 117 0026 83F83C21 		strb	r2, [r3, #316]
 132:/opt/XMClib/XMC_Peripheral_Library_v2.1.16/ThirdPartyLibraries/USBlib/USB/Core/XMC4000/../XMC4000/Endpoint_XMC4000.h **** 		device.CurrentDirection = (Address & ENDPOINT_DIR_MASK);
 118              		.loc 2 132 38
 119 002a 0022     		movs	r2, #0
 120              		.loc 2 132 27
 121 002c 144B     		ldr	r3, .L9+4
 122 002e 83F83D21 		strb	r2, [r3, #317]
 133:/opt/XMClib/XMC_Peripheral_Library_v2.1.16/ThirdPartyLibraries/USBlib/USB/Core/XMC4000/../XMC4000/Endpoint_XMC4000.h **** 	}
 123              		.loc 2 133 2
 124 0032 00BF     		nop
 125              	.LBE13:
 126              	.LBE12:
 127              	.LBB14:
 128              	.LBB15:
 134:/opt/XMClib/XMC_Peripheral_Library_v2.1.16/ThirdPartyLibraries/USBlib/USB/Core/XMC4000/../XMC4000/Endpoint_XMC4000.h **** 
 135:/opt/XMClib/XMC_Peripheral_Library_v2.1.16/ThirdPartyLibraries/USBlib/USB/Core/XMC4000/../XMC4000/Endpoint_XMC4000.h **** 	/** Determines if the current CONTROL type endpoint has received a SETUP packet.
 136:/opt/XMClib/XMC_Peripheral_Library_v2.1.16/ThirdPartyLibraries/USBlib/USB/Core/XMC4000/../XMC4000/Endpoint_XMC4000.h **** 	 *
 137:/opt/XMClib/XMC_Peripheral_Library_v2.1.16/ThirdPartyLibraries/USBlib/USB/Core/XMC4000/../XMC4000/Endpoint_XMC4000.h **** 	 *  \ingroup Group_EndpointPacketManagement
 138:/opt/XMClib/XMC_Peripheral_Library_v2.1.16/ThirdPartyLibraries/USBlib/USB/Core/XMC4000/../XMC4000/Endpoint_XMC4000.h **** 	 *
 139:/opt/XMClib/XMC_Peripheral_Library_v2.1.16/ThirdPartyLibraries/USBlib/USB/Core/XMC4000/../XMC4000/Endpoint_XMC4000.h **** 	 *  \return Boolean \c true if the selected endpoint has received a SETUP packet, \c false otherwi
 140:/opt/XMClib/XMC_Peripheral_Library_v2.1.16/ThirdPartyLibraries/USBlib/USB/Core/XMC4000/../XMC4000/Endpoint_XMC4000.h **** 	 */
 141:/opt/XMClib/XMC_Peripheral_Library_v2.1.16/ThirdPartyLibraries/USBlib/USB/Core/XMC4000/../XMC4000/Endpoint_XMC4000.h **** 	static inline bool Endpoint_IsSETUPReceived(void) ATTR_WARN_UNUSED_RESULT ATTR_ALWAYS_INLINE;
 142:/opt/XMClib/XMC_Peripheral_Library_v2.1.16/ThirdPartyLibraries/USBlib/USB/Core/XMC4000/../XMC4000/Endpoint_XMC4000.h **** 	static inline bool Endpoint_IsSETUPReceived(void)
 143:/opt/XMClib/XMC_Peripheral_Library_v2.1.16/ThirdPartyLibraries/USBlib/USB/Core/XMC4000/../XMC4000/Endpoint_XMC4000.h **** 	{
 144:/opt/XMClib/XMC_Peripheral_Library_v2.1.16/ThirdPartyLibraries/USBlib/USB/Core/XMC4000/../XMC4000/Endpoint_XMC4000.h **** 		return device.IsSetupRecieved;
 129              		.loc 2 144 16
 130 0034 124B     		ldr	r3, .L9+4
 131 0036 93F83E31 		ldrb	r3, [r3, #318]
 132 003a C3F34003 		ubfx	r3, r3, #1, #1
 133 003e DBB2     		uxtb	r3, r3
 134 0040 002B     		cmp	r3, #0
 135 0042 14BF     		ite	ne
 136 0044 0123     		movne	r3, #1
 137 0046 0023     		moveq	r3, #0
 138 0048 DBB2     		uxtb	r3, r3
 139              	.LBE15:
 140              	.LBE14:
  67:/opt/XMClib/XMC_Peripheral_Library_v2.1.16/ThirdPartyLibraries/USBlib/USB/Core/USBTask.c **** 
  68:/opt/XMClib/XMC_Peripheral_Library_v2.1.16/ThirdPartyLibraries/USBlib/USB/Core/USBTask.c **** 	Endpoint_SelectEndpoint(ENDPOINT_CONTROLEP);
  69:/opt/XMClib/XMC_Peripheral_Library_v2.1.16/ThirdPartyLibraries/USBlib/USB/Core/USBTask.c **** 
  70:/opt/XMClib/XMC_Peripheral_Library_v2.1.16/ThirdPartyLibraries/USBlib/USB/Core/USBTask.c **** 	if (Endpoint_IsSETUPReceived())
 141              		.loc 1 70 5 discriminator 1
 142 004a 002B     		cmp	r3, #0
 143 004c 01D0     		beq	.L7
  71:/opt/XMClib/XMC_Peripheral_Library_v2.1.16/ThirdPartyLibraries/USBlib/USB/Core/USBTask.c **** 	  USB_Device_ProcessControlRequest();
 144              		.loc 1 71 4
 145 004e FFF7FEFF 		bl	USB_Device_ProcessControlRequest
 146              	.L7:
 147 0052 FB79     		ldrb	r3, [r7, #7]
 148 0054 BB71     		strb	r3, [r7, #6]
 149              	.LBB16:
 150              	.LBB17:
 131:/opt/XMClib/XMC_Peripheral_Library_v2.1.16/ThirdPartyLibraries/USBlib/USB/Core/XMC4000/../XMC4000/Endpoint_XMC4000.h **** 		device.CurrentDirection = (Address & ENDPOINT_DIR_MASK);
 151              		.loc 2 131 36
 152 0056 BB79     		ldrb	r3, [r7, #6]
 153 0058 03F00F03 		and	r3, r3, #15
 154 005c DAB2     		uxtb	r2, r3
 131:/opt/XMClib/XMC_Peripheral_Library_v2.1.16/ThirdPartyLibraries/USBlib/USB/Core/XMC4000/../XMC4000/Endpoint_XMC4000.h **** 		device.CurrentDirection = (Address & ENDPOINT_DIR_MASK);
 155              		.loc 2 131 26
 156 005e 084B     		ldr	r3, .L9+4
 157 0060 83F83C21 		strb	r2, [r3, #316]
 132:/opt/XMClib/XMC_Peripheral_Library_v2.1.16/ThirdPartyLibraries/USBlib/USB/Core/XMC4000/../XMC4000/Endpoint_XMC4000.h **** 	}
 158              		.loc 2 132 38
 159 0064 BB79     		ldrb	r3, [r7, #6]
 160 0066 23F07F03 		bic	r3, r3, #127
 161 006a DAB2     		uxtb	r2, r3
 132:/opt/XMClib/XMC_Peripheral_Library_v2.1.16/ThirdPartyLibraries/USBlib/USB/Core/XMC4000/../XMC4000/Endpoint_XMC4000.h **** 	}
 162              		.loc 2 132 27
 163 006c 044B     		ldr	r3, .L9+4
 164 006e 83F83D21 		strb	r2, [r3, #317]
 133:/opt/XMClib/XMC_Peripheral_Library_v2.1.16/ThirdPartyLibraries/USBlib/USB/Core/XMC4000/../XMC4000/Endpoint_XMC4000.h **** 
 165              		.loc 2 133 2
 166 0072 00E0     		b	.L2
 167              	.L8:
 168              	.LBE17:
 169              	.LBE16:
  64:/opt/XMClib/XMC_Peripheral_Library_v2.1.16/ThirdPartyLibraries/USBlib/USB/Core/USBTask.c **** 
 170              		.loc 1 64 4
 171 0074 00BF     		nop
 172              	.L2:
  72:/opt/XMClib/XMC_Peripheral_Library_v2.1.16/ThirdPartyLibraries/USBlib/USB/Core/USBTask.c **** 
  73:/opt/XMClib/XMC_Peripheral_Library_v2.1.16/ThirdPartyLibraries/USBlib/USB/Core/USBTask.c **** 	Endpoint_SelectEndpoint(PrevEndpoint);
  74:/opt/XMClib/XMC_Peripheral_Library_v2.1.16/ThirdPartyLibraries/USBlib/USB/Core/USBTask.c **** }
 173              		.loc 1 74 1
 174 0076 0837     		adds	r7, r7, #8
 175              	.LCFI5:
 176              		.cfi_def_cfa_offset 8
 177 0078 BD46     		mov	sp, r7
 178              	.LCFI6:
 179              		.cfi_def_cfa_register 13
 180              		@ sp needed
 181 007a 80BD     		pop	{r7, pc}
 182              	.L10:
 183              		.align	2
 184              	.L9:
 185 007c 00000000 		.word	USB_DeviceState
 186 0080 00000000 		.word	device
 187              		.cfi_endproc
 188              	.LFE189:
 190              		.text
 191              	.Letext0:
 192              		.file 3 "/Applications/ArmGNUToolchain/14.2.rel1/arm-none-eabi/arm-none-eabi/include/machine/_defa
 193              		.file 4 "/Applications/ArmGNUToolchain/14.2.rel1/arm-none-eabi/arm-none-eabi/include/sys/_stdint.h
 194              		.file 5 "/opt/XMClib/XMC_Peripheral_Library_v2.1.16/CMSIS/Infineon/XMC4500_series/Include/XMC4500.
 195              		.file 6 "/opt/XMClib/XMC_Peripheral_Library_v2.1.16/XMCLib/inc/xmc_usbd.h"
 196              		.file 7 "/opt/XMClib/XMC_Peripheral_Library_v2.1.16/ThirdPartyLibraries/USBlib/USB/Core/XMC4000/US
 197              		.file 8 "/opt/XMClib/XMC_Peripheral_Library_v2.1.16/ThirdPartyLibraries/USBlib/USB/Core/XMC4000/..
 198              		.file 9 "/opt/XMClib/XMC_Peripheral_Library_v2.1.16/ThirdPartyLibraries/USBlib/USB/Core/XMC4000/..
 199              		.file 10 "/opt/XMClib/XMC_Peripheral_Library_v2.1.16/ThirdPartyLibraries/USBlib/USB/Core/USBTask.h
 200              		.file 11 "/opt/XMClib/XMC_Peripheral_Library_v2.1.16/ThirdPartyLibraries/USBlib/USB/Core/XMC4000/.
DEFINED SYMBOLS
                            *ABS*:00000000 USBTask.c
/var/folders/2l/6fxgnc996gd1v1jf5fy_8j5r0000gn/T//cctaIATt.s:23     .bss:00000000 USB_IsInitialized
/var/folders/2l/6fxgnc996gd1v1jf5fy_8j5r0000gn/T//cctaIATt.s:24     .bss:00000000 $d
/var/folders/2l/6fxgnc996gd1v1jf5fy_8j5r0000gn/T//cctaIATt.s:29     .bss:00000004 USB_ControlRequest
/var/folders/2l/6fxgnc996gd1v1jf5fy_8j5r0000gn/T//cctaIATt.s:34     .bss:0000000c USB_DeviceState
/var/folders/2l/6fxgnc996gd1v1jf5fy_8j5r0000gn/T//cctaIATt.s:37     .text.USB_USBTask:00000000 $t
/var/folders/2l/6fxgnc996gd1v1jf5fy_8j5r0000gn/T//cctaIATt.s:43     .text.USB_USBTask:00000000 USB_USBTask
/var/folders/2l/6fxgnc996gd1v1jf5fy_8j5r0000gn/T//cctaIATt.s:71     .text.USB_DeviceTask:00000000 USB_DeviceTask
/var/folders/2l/6fxgnc996gd1v1jf5fy_8j5r0000gn/T//cctaIATt.s:66     .text.USB_DeviceTask:00000000 $t
/var/folders/2l/6fxgnc996gd1v1jf5fy_8j5r0000gn/T//cctaIATt.s:185    .text.USB_DeviceTask:0000007c $d
                           .group:00000000 wm4.0.241ce140b5afdc8837fba2b44cc07f6b
                           .group:00000000 wm4.Common.h.60.c2f00e237f5994003db83c2422602b22
                           .group:00000000 wm4._newlib_version.h.4.411db44ea2338a62eca2f0777f81481b
                           .group:00000000 wm4.features.h.33.00009458517f941082eec7afb4810922
                           .group:00000000 wm4._default_types.h.15.247e5cd201eca3442cbf5404108c4935
                           .group:00000000 wm4._intsup.h.10.48bafbb683905c4daa4565a85aeeb264
                           .group:00000000 wm4._stdint.h.10.c24fa3af3bc1706662bb5593a907e841
                           .group:00000000 wm4.stdint.h.23.d53047a68f4a85177f80b422d52785ed
                           .group:00000000 wm4.stdbool.h.29.c08aa3eec75cf5b9b5003883f43253f0
                           .group:00000000 wm4.newlib.h.7.591ac1bd65c1f5b34864757667a05252
                           .group:00000000 wm4.ieeefp.h.77.61a77db5804869b1dadd307a77cf78c9
                           .group:00000000 wm4.config.h.224.10ee1ad185d877c6e334e6581faab44d
                           .group:00000000 wm4._ansi.h.31.de524f58584151836e90d8620a16f8e8
                           .group:00000000 wm4.stddef.h.39.38eb7ec030421799c657b13be5aa21c7
                           .group:00000000 wm4.cdefs.h.49.bafb023044e47a1dcdd854e4d6521f7d
                           .group:00000000 wm4._types.h.20.dd0d04dca3800a0d2a6129b87f3adbb2
                           .group:00000000 wm4.stddef.h.158.6f8e08a347b1cff664332fa350bfceb3
                           .group:00000000 wm4._types.h.127.3bdfe3ff8ea2d0985b03d9cbe93480e3
                           .group:00000000 wm4.reent.h.18.25503cdc8b7e55dd0d6ea7b3e5af7a03
                           .group:00000000 wm4.lock.h.2.1461d1fff82dffe8bfddc23307f6484f
                           .group:00000000 wm4.reent.h.78.6b87466b04591b1f1cb88c14fdf2ba9e
                           .group:00000000 wm4.string.h.15.dab3980bf35408a4c507182805e2de3a
                           .group:00000000 wm4.stddef.h.158.eec8bf00b5213f43d095cb984c5f22e3
                           .group:00000000 wm4.BoardTypes.h.52.ca64813ccee737bcc2115eab5e075fdb
                           .group:00000000 wm4.CompilerSpecific.h.55.4a5e5ff77cd35e49c89cf2115251aee0
                           .group:00000000 wm4.Attributes.h.56.73b3ee26b0836c2dec569a5fa6f1b355
                           .group:00000000 wm4.xmc_device.h.61.ba2d082e12f51240746cffdd60d42b81
                           .group:00000000 wm4.XMC4500.h.55.9aa45b9b5790506b2dcb963e4e7adeaf
                           .group:00000000 wm4.core_cm4.h.32.6c6eb1c8daeca23ce7ba79c8e8120d52
                           .group:00000000 wm4.cmsis_gcc.h.26.91b63349961c35637933e4fba51b867b
                           .group:00000000 wm4.core_cm4.h.172.fdd5a388a160bb6ff767b7d7ee212268
                           .group:00000000 wm4.system_XMC4500.h.42.99124977c10ca8844a71949adbeabd70
                           .group:00000000 wm4.XMC4500.h.208.b340195df97f067735c4c769ba59985a
                           .group:00000000 wm4.xmc_device.h.1460.8860499b404961ffcfbb8d1fefcb2146
                           .group:00000000 wm4.xmc_common.h.92.3f4336a80569affab05a81145b87c2fc
                           .group:00000000 wm4.Endianness.h.57.3ac00c5468f4b91b806a0e6dba047e9c
                           .group:00000000 wm4.Common.h.105.4b937a9cc9dcdb26c3f07541b0b763a8
                           .group:00000000 wm4.USBMode.h.56.a52f788f0e008ddfa05fc21a83026151
                           .group:00000000 wm4.USBController.h.49.cbfc73805155b6fff6267400af3f4eec
                           .group:00000000 wm4.stdlib.h.13.4ed386f5c1a80d71e72172885d946ef2
                           .group:00000000 wm4.alloca.h.8.dfc0c703c47ec3e69746825b17d9e66d
                           .group:00000000 wm4.stdlib.h.56.f4862cfbf4363a1db01842d5bdf72c18
                           .group:00000000 wm4.xmc_usbd_regs.h.80.57c6c85fa0ecbc9f8327ce445aebb9bc
                           .group:00000000 wm4.xmc4_scu.h.83.0449f5880ac071460ec1a8072311ea51
                           .group:00000000 wm4.xmc_usbd.h.122.ce57a9e6a9da48ee33ece02813c49593
                           .group:00000000 wm4.USBController_XMC4000.h.71.902f2653e09cb8b25245faa82cc6b907
                           .group:00000000 wm4.StdDescriptors.h.73.7d17e8be7a73b855fc0f8827303b7597
                           .group:00000000 wm4.Endpoint.h.73.3734de3e84ab23fb43d81f41fba620ec
                           .group:00000000 wm4.Device_XMC4000.h.86.6803bdd99d84e764a570256c87a24d0a
                           .group:00000000 wm4.StdRequestType.h.50.461dce94a3ee1fa9ff31ec5f28bd9699

UNDEFINED SYMBOLS
USB_Device_ProcessControlRequest
device
