   1              		.cpu cortex-m4
   2              		.arch armv7e-m
   3              		.fpu fpv4-sp-d16
   4              		.eabi_attribute 27, 1
   5              		.eabi_attribute 20, 1
   6              		.eabi_attribute 21, 1
   7              		.eabi_attribute 23, 3
   8              		.eabi_attribute 24, 1
   9              		.eabi_attribute 25, 1
  10              		.eabi_attribute 26, 1
  11              		.eabi_attribute 30, 6
  12              		.eabi_attribute 34, 1
  13              		.eabi_attribute 18, 4
  14              		.file	"ConfigDescriptors.c"
  15              		.text
  16              	.Ltext0:
  17              		.cfi_sections	.debug_frame
  18              		.file 1 "/opt/XMClib/XMC_Peripheral_Library_v2.1.16/ThirdPartyLibraries/USBlib/USB/Core/ConfigDesc
  19              		.section	.text.USB_GetNextDescriptor,"ax",%progbits
  20              		.align	1
  21              		.syntax unified
  22              		.thumb
  23              		.thumb_func
  25              	USB_GetNextDescriptor:
  26              	.LFB132:
  27              		.file 2 "/opt/XMClib/XMC_Peripheral_Library_v2.1.16/ThirdPartyLibraries/USBlib/USB/Core/ConfigDesc
   1:/opt/XMClib/XMC_Peripheral_Library_v2.1.16/ThirdPartyLibraries/USBlib/USB/Core/ConfigDescriptors.h **** /*
   2:/opt/XMClib/XMC_Peripheral_Library_v2.1.16/ThirdPartyLibraries/USBlib/USB/Core/ConfigDescriptors.h ****              LUFA Library
   3:/opt/XMClib/XMC_Peripheral_Library_v2.1.16/ThirdPartyLibraries/USBlib/USB/Core/ConfigDescriptors.h ****      Copyright (C) Dean Camera, 2014.
   4:/opt/XMClib/XMC_Peripheral_Library_v2.1.16/ThirdPartyLibraries/USBlib/USB/Core/ConfigDescriptors.h **** 
   5:/opt/XMClib/XMC_Peripheral_Library_v2.1.16/ThirdPartyLibraries/USBlib/USB/Core/ConfigDescriptors.h ****   dean [at] fourwalledcubicle [dot] com
   6:/opt/XMClib/XMC_Peripheral_Library_v2.1.16/ThirdPartyLibraries/USBlib/USB/Core/ConfigDescriptors.h ****            www.lufa-lib.org
   7:/opt/XMClib/XMC_Peripheral_Library_v2.1.16/ThirdPartyLibraries/USBlib/USB/Core/ConfigDescriptors.h **** */
   8:/opt/XMClib/XMC_Peripheral_Library_v2.1.16/ThirdPartyLibraries/USBlib/USB/Core/ConfigDescriptors.h **** 
   9:/opt/XMClib/XMC_Peripheral_Library_v2.1.16/ThirdPartyLibraries/USBlib/USB/Core/ConfigDescriptors.h **** /*
  10:/opt/XMClib/XMC_Peripheral_Library_v2.1.16/ThirdPartyLibraries/USBlib/USB/Core/ConfigDescriptors.h ****   Copyright 2014  Dean Camera (dean [at] fourwalledcubicle [dot] com)
  11:/opt/XMClib/XMC_Peripheral_Library_v2.1.16/ThirdPartyLibraries/USBlib/USB/Core/ConfigDescriptors.h **** 
  12:/opt/XMClib/XMC_Peripheral_Library_v2.1.16/ThirdPartyLibraries/USBlib/USB/Core/ConfigDescriptors.h ****   Permission to use, copy, modify, distribute, and sell this
  13:/opt/XMClib/XMC_Peripheral_Library_v2.1.16/ThirdPartyLibraries/USBlib/USB/Core/ConfigDescriptors.h ****   software and its documentation for any purpose is hereby granted
  14:/opt/XMClib/XMC_Peripheral_Library_v2.1.16/ThirdPartyLibraries/USBlib/USB/Core/ConfigDescriptors.h ****   without fee, provided that the above copyright notice appear in
  15:/opt/XMClib/XMC_Peripheral_Library_v2.1.16/ThirdPartyLibraries/USBlib/USB/Core/ConfigDescriptors.h ****   all copies and that both that the copyright notice and this
  16:/opt/XMClib/XMC_Peripheral_Library_v2.1.16/ThirdPartyLibraries/USBlib/USB/Core/ConfigDescriptors.h ****   permission notice and warranty disclaimer appear in supporting
  17:/opt/XMClib/XMC_Peripheral_Library_v2.1.16/ThirdPartyLibraries/USBlib/USB/Core/ConfigDescriptors.h ****   documentation, and that the name of the author not be used in
  18:/opt/XMClib/XMC_Peripheral_Library_v2.1.16/ThirdPartyLibraries/USBlib/USB/Core/ConfigDescriptors.h ****   advertising or publicity pertaining to distribution of the
  19:/opt/XMClib/XMC_Peripheral_Library_v2.1.16/ThirdPartyLibraries/USBlib/USB/Core/ConfigDescriptors.h ****   software without specific, written prior permission.
  20:/opt/XMClib/XMC_Peripheral_Library_v2.1.16/ThirdPartyLibraries/USBlib/USB/Core/ConfigDescriptors.h **** 
  21:/opt/XMClib/XMC_Peripheral_Library_v2.1.16/ThirdPartyLibraries/USBlib/USB/Core/ConfigDescriptors.h ****   The author disclaims all warranties with regard to this
  22:/opt/XMClib/XMC_Peripheral_Library_v2.1.16/ThirdPartyLibraries/USBlib/USB/Core/ConfigDescriptors.h ****   software, including all implied warranties of merchantability
  23:/opt/XMClib/XMC_Peripheral_Library_v2.1.16/ThirdPartyLibraries/USBlib/USB/Core/ConfigDescriptors.h ****   and fitness.  In no event shall the author be liable for any
  24:/opt/XMClib/XMC_Peripheral_Library_v2.1.16/ThirdPartyLibraries/USBlib/USB/Core/ConfigDescriptors.h ****   special, indirect or consequential damages or any damages
  25:/opt/XMClib/XMC_Peripheral_Library_v2.1.16/ThirdPartyLibraries/USBlib/USB/Core/ConfigDescriptors.h ****   whatsoever resulting from loss of use, data or profits, whether
  26:/opt/XMClib/XMC_Peripheral_Library_v2.1.16/ThirdPartyLibraries/USBlib/USB/Core/ConfigDescriptors.h ****   in an action of contract, negligence or other tortious action,
  27:/opt/XMClib/XMC_Peripheral_Library_v2.1.16/ThirdPartyLibraries/USBlib/USB/Core/ConfigDescriptors.h ****   arising out of or in connection with the use or performance of
  28:/opt/XMClib/XMC_Peripheral_Library_v2.1.16/ThirdPartyLibraries/USBlib/USB/Core/ConfigDescriptors.h ****   this software.
  29:/opt/XMClib/XMC_Peripheral_Library_v2.1.16/ThirdPartyLibraries/USBlib/USB/Core/ConfigDescriptors.h **** */
  30:/opt/XMClib/XMC_Peripheral_Library_v2.1.16/ThirdPartyLibraries/USBlib/USB/Core/ConfigDescriptors.h **** 
  31:/opt/XMClib/XMC_Peripheral_Library_v2.1.16/ThirdPartyLibraries/USBlib/USB/Core/ConfigDescriptors.h **** /** \file
  32:/opt/XMClib/XMC_Peripheral_Library_v2.1.16/ThirdPartyLibraries/USBlib/USB/Core/ConfigDescriptors.h ****  *  \brief USB Configuration Descriptor definitions.
  33:/opt/XMClib/XMC_Peripheral_Library_v2.1.16/ThirdPartyLibraries/USBlib/USB/Core/ConfigDescriptors.h ****  *  \copydetails Group_ConfigDescriptorParser
  34:/opt/XMClib/XMC_Peripheral_Library_v2.1.16/ThirdPartyLibraries/USBlib/USB/Core/ConfigDescriptors.h ****  *
  35:/opt/XMClib/XMC_Peripheral_Library_v2.1.16/ThirdPartyLibraries/USBlib/USB/Core/ConfigDescriptors.h ****  *  \note This file should not be included directly. It is automatically included as needed by the 
  36:/opt/XMClib/XMC_Peripheral_Library_v2.1.16/ThirdPartyLibraries/USBlib/USB/Core/ConfigDescriptors.h ****  *        dispatch header located in LUFA/Drivers/USB/USB.h.
  37:/opt/XMClib/XMC_Peripheral_Library_v2.1.16/ThirdPartyLibraries/USBlib/USB/Core/ConfigDescriptors.h ****  */
  38:/opt/XMClib/XMC_Peripheral_Library_v2.1.16/ThirdPartyLibraries/USBlib/USB/Core/ConfigDescriptors.h **** 
  39:/opt/XMClib/XMC_Peripheral_Library_v2.1.16/ThirdPartyLibraries/USBlib/USB/Core/ConfigDescriptors.h **** /** \ingroup Group_StdDescriptors
  40:/opt/XMClib/XMC_Peripheral_Library_v2.1.16/ThirdPartyLibraries/USBlib/USB/Core/ConfigDescriptors.h ****  *  \defgroup Group_ConfigDescriptorParser Configuration Descriptor Parser
  41:/opt/XMClib/XMC_Peripheral_Library_v2.1.16/ThirdPartyLibraries/USBlib/USB/Core/ConfigDescriptors.h ****  *  \brief USB Configuration Descriptor definitions.
  42:/opt/XMClib/XMC_Peripheral_Library_v2.1.16/ThirdPartyLibraries/USBlib/USB/Core/ConfigDescriptors.h ****  *
  43:/opt/XMClib/XMC_Peripheral_Library_v2.1.16/ThirdPartyLibraries/USBlib/USB/Core/ConfigDescriptors.h ****  *  This section of the library gives a friendly API which can be used in host applications to easi
  44:/opt/XMClib/XMC_Peripheral_Library_v2.1.16/ThirdPartyLibraries/USBlib/USB/Core/ConfigDescriptors.h ****  *  parse an attached device's configuration descriptor so that endpoint, interface and other descr
  45:/opt/XMClib/XMC_Peripheral_Library_v2.1.16/ThirdPartyLibraries/USBlib/USB/Core/ConfigDescriptors.h ****  *  data can be extracted and used as needed.
  46:/opt/XMClib/XMC_Peripheral_Library_v2.1.16/ThirdPartyLibraries/USBlib/USB/Core/ConfigDescriptors.h ****  *
  47:/opt/XMClib/XMC_Peripheral_Library_v2.1.16/ThirdPartyLibraries/USBlib/USB/Core/ConfigDescriptors.h ****  *  @{
  48:/opt/XMClib/XMC_Peripheral_Library_v2.1.16/ThirdPartyLibraries/USBlib/USB/Core/ConfigDescriptors.h ****  */
  49:/opt/XMClib/XMC_Peripheral_Library_v2.1.16/ThirdPartyLibraries/USBlib/USB/Core/ConfigDescriptors.h **** 
  50:/opt/XMClib/XMC_Peripheral_Library_v2.1.16/ThirdPartyLibraries/USBlib/USB/Core/ConfigDescriptors.h **** #ifndef __CONFIGDESCRIPTORS_H__
  51:/opt/XMClib/XMC_Peripheral_Library_v2.1.16/ThirdPartyLibraries/USBlib/USB/Core/ConfigDescriptors.h **** #define __CONFIGDESCRIPTORS_H__
  52:/opt/XMClib/XMC_Peripheral_Library_v2.1.16/ThirdPartyLibraries/USBlib/USB/Core/ConfigDescriptors.h **** 
  53:/opt/XMClib/XMC_Peripheral_Library_v2.1.16/ThirdPartyLibraries/USBlib/USB/Core/ConfigDescriptors.h **** 	/* Includes: */
  54:/opt/XMClib/XMC_Peripheral_Library_v2.1.16/ThirdPartyLibraries/USBlib/USB/Core/ConfigDescriptors.h **** 		#include "../Common/Common.h"
  55:/opt/XMClib/XMC_Peripheral_Library_v2.1.16/ThirdPartyLibraries/USBlib/USB/Core/ConfigDescriptors.h **** 		#include "USBMode.h"
  56:/opt/XMClib/XMC_Peripheral_Library_v2.1.16/ThirdPartyLibraries/USBlib/USB/Core/ConfigDescriptors.h **** 		#include "StdDescriptors.h"
  57:/opt/XMClib/XMC_Peripheral_Library_v2.1.16/ThirdPartyLibraries/USBlib/USB/Core/ConfigDescriptors.h **** 
  58:/opt/XMClib/XMC_Peripheral_Library_v2.1.16/ThirdPartyLibraries/USBlib/USB/Core/ConfigDescriptors.h **** 	/* Enable C linkage for C++ Compilers: */
  59:/opt/XMClib/XMC_Peripheral_Library_v2.1.16/ThirdPartyLibraries/USBlib/USB/Core/ConfigDescriptors.h **** 		#if defined(__cplusplus)
  60:/opt/XMClib/XMC_Peripheral_Library_v2.1.16/ThirdPartyLibraries/USBlib/USB/Core/ConfigDescriptors.h **** 			extern "C" {
  61:/opt/XMClib/XMC_Peripheral_Library_v2.1.16/ThirdPartyLibraries/USBlib/USB/Core/ConfigDescriptors.h **** 		#endif
  62:/opt/XMClib/XMC_Peripheral_Library_v2.1.16/ThirdPartyLibraries/USBlib/USB/Core/ConfigDescriptors.h **** 
  63:/opt/XMClib/XMC_Peripheral_Library_v2.1.16/ThirdPartyLibraries/USBlib/USB/Core/ConfigDescriptors.h **** 	/* Preprocessor Checks: */
  64:/opt/XMClib/XMC_Peripheral_Library_v2.1.16/ThirdPartyLibraries/USBlib/USB/Core/ConfigDescriptors.h **** 		#if !defined(__INCLUDE_FROM_USB_DRIVER)
  65:/opt/XMClib/XMC_Peripheral_Library_v2.1.16/ThirdPartyLibraries/USBlib/USB/Core/ConfigDescriptors.h **** 			#error Do not include this file directly. Include LUFA/Drivers/USB/USB.h instead.
  66:/opt/XMClib/XMC_Peripheral_Library_v2.1.16/ThirdPartyLibraries/USBlib/USB/Core/ConfigDescriptors.h **** 		#endif
  67:/opt/XMClib/XMC_Peripheral_Library_v2.1.16/ThirdPartyLibraries/USBlib/USB/Core/ConfigDescriptors.h **** 
  68:/opt/XMClib/XMC_Peripheral_Library_v2.1.16/ThirdPartyLibraries/USBlib/USB/Core/ConfigDescriptors.h **** 	/* Public Interface - May be used in end-application: */
  69:/opt/XMClib/XMC_Peripheral_Library_v2.1.16/ThirdPartyLibraries/USBlib/USB/Core/ConfigDescriptors.h **** 		/* Macros: */
  70:/opt/XMClib/XMC_Peripheral_Library_v2.1.16/ThirdPartyLibraries/USBlib/USB/Core/ConfigDescriptors.h **** 			/** Casts a pointer to a descriptor inside the configuration descriptor into a pointer to the gi
  71:/opt/XMClib/XMC_Peripheral_Library_v2.1.16/ThirdPartyLibraries/USBlib/USB/Core/ConfigDescriptors.h **** 			 *  descriptor type.
  72:/opt/XMClib/XMC_Peripheral_Library_v2.1.16/ThirdPartyLibraries/USBlib/USB/Core/ConfigDescriptors.h **** 			 *
  73:/opt/XMClib/XMC_Peripheral_Library_v2.1.16/ThirdPartyLibraries/USBlib/USB/Core/ConfigDescriptors.h **** 			 *  Usage Example:
  74:/opt/XMClib/XMC_Peripheral_Library_v2.1.16/ThirdPartyLibraries/USBlib/USB/Core/ConfigDescriptors.h **** 			 *  \code
  75:/opt/XMClib/XMC_Peripheral_Library_v2.1.16/ThirdPartyLibraries/USBlib/USB/Core/ConfigDescriptors.h **** 			 *  uint8_t* CurrDescriptor = &ConfigDescriptor[0]; // Pointing to the configuration header
  76:/opt/XMClib/XMC_Peripheral_Library_v2.1.16/ThirdPartyLibraries/USBlib/USB/Core/ConfigDescriptors.h **** 			 *  USB_Descriptor_Configuration_Header_t* ConfigHeaderPtr = DESCRIPTOR_PCAST(CurrDescriptor,
  77:/opt/XMClib/XMC_Peripheral_Library_v2.1.16/ThirdPartyLibraries/USBlib/USB/Core/ConfigDescriptors.h **** 			 *                                                           USB_Descriptor_Configuration_Header
  78:/opt/XMClib/XMC_Peripheral_Library_v2.1.16/ThirdPartyLibraries/USBlib/USB/Core/ConfigDescriptors.h **** 			 *
  79:/opt/XMClib/XMC_Peripheral_Library_v2.1.16/ThirdPartyLibraries/USBlib/USB/Core/ConfigDescriptors.h **** 			 *  // Can now access elements of the configuration header struct using the -> indirection opera
  80:/opt/XMClib/XMC_Peripheral_Library_v2.1.16/ThirdPartyLibraries/USBlib/USB/Core/ConfigDescriptors.h **** 			 *  \endcode
  81:/opt/XMClib/XMC_Peripheral_Library_v2.1.16/ThirdPartyLibraries/USBlib/USB/Core/ConfigDescriptors.h **** 			 */
  82:/opt/XMClib/XMC_Peripheral_Library_v2.1.16/ThirdPartyLibraries/USBlib/USB/Core/ConfigDescriptors.h **** 			#define DESCRIPTOR_PCAST(DescriptorPtr, Type) ((Type*)(DescriptorPtr))
  83:/opt/XMClib/XMC_Peripheral_Library_v2.1.16/ThirdPartyLibraries/USBlib/USB/Core/ConfigDescriptors.h **** 
  84:/opt/XMClib/XMC_Peripheral_Library_v2.1.16/ThirdPartyLibraries/USBlib/USB/Core/ConfigDescriptors.h **** 			/** Casts a pointer to a descriptor inside the configuration descriptor into the given descripto
  85:/opt/XMClib/XMC_Peripheral_Library_v2.1.16/ThirdPartyLibraries/USBlib/USB/Core/ConfigDescriptors.h **** 			 *  type (as an actual struct instance rather than a pointer to a struct).
  86:/opt/XMClib/XMC_Peripheral_Library_v2.1.16/ThirdPartyLibraries/USBlib/USB/Core/ConfigDescriptors.h **** 			 *
  87:/opt/XMClib/XMC_Peripheral_Library_v2.1.16/ThirdPartyLibraries/USBlib/USB/Core/ConfigDescriptors.h **** 			 *  Usage Example:
  88:/opt/XMClib/XMC_Peripheral_Library_v2.1.16/ThirdPartyLibraries/USBlib/USB/Core/ConfigDescriptors.h **** 			 *  \code
  89:/opt/XMClib/XMC_Peripheral_Library_v2.1.16/ThirdPartyLibraries/USBlib/USB/Core/ConfigDescriptors.h **** 			 *  uint8_t* CurrDescriptor = &ConfigDescriptor[0]; // Pointing to the configuration header
  90:/opt/XMClib/XMC_Peripheral_Library_v2.1.16/ThirdPartyLibraries/USBlib/USB/Core/ConfigDescriptors.h **** 			 *  USB_Descriptor_Configuration_Header_t ConfigHeader = DESCRIPTOR_CAST(CurrDescriptor,
  91:/opt/XMClib/XMC_Peripheral_Library_v2.1.16/ThirdPartyLibraries/USBlib/USB/Core/ConfigDescriptors.h **** 			 *                                                       USB_Descriptor_Configuration_Header_t);
  92:/opt/XMClib/XMC_Peripheral_Library_v2.1.16/ThirdPartyLibraries/USBlib/USB/Core/ConfigDescriptors.h **** 			 *
  93:/opt/XMClib/XMC_Peripheral_Library_v2.1.16/ThirdPartyLibraries/USBlib/USB/Core/ConfigDescriptors.h **** 			 *  // Can now access elements of the configuration header struct using the . operator
  94:/opt/XMClib/XMC_Peripheral_Library_v2.1.16/ThirdPartyLibraries/USBlib/USB/Core/ConfigDescriptors.h **** 			 *  \endcode
  95:/opt/XMClib/XMC_Peripheral_Library_v2.1.16/ThirdPartyLibraries/USBlib/USB/Core/ConfigDescriptors.h **** 			 */
  96:/opt/XMClib/XMC_Peripheral_Library_v2.1.16/ThirdPartyLibraries/USBlib/USB/Core/ConfigDescriptors.h **** 			#define DESCRIPTOR_CAST(DescriptorPtr, Type)  (*DESCRIPTOR_PCAST(DescriptorPtr, Type))
  97:/opt/XMClib/XMC_Peripheral_Library_v2.1.16/ThirdPartyLibraries/USBlib/USB/Core/ConfigDescriptors.h **** 
  98:/opt/XMClib/XMC_Peripheral_Library_v2.1.16/ThirdPartyLibraries/USBlib/USB/Core/ConfigDescriptors.h **** 			/** Returns the descriptor's type, expressed as the 8-bit type value in the header of the descri
  99:/opt/XMClib/XMC_Peripheral_Library_v2.1.16/ThirdPartyLibraries/USBlib/USB/Core/ConfigDescriptors.h **** 			 *  This value's meaning depends on the descriptor's placement in the descriptor, but standard t
 100:/opt/XMClib/XMC_Peripheral_Library_v2.1.16/ThirdPartyLibraries/USBlib/USB/Core/ConfigDescriptors.h **** 			 *  values can be accessed in the \ref USB_DescriptorTypes_t enum.
 101:/opt/XMClib/XMC_Peripheral_Library_v2.1.16/ThirdPartyLibraries/USBlib/USB/Core/ConfigDescriptors.h **** 			 */
 102:/opt/XMClib/XMC_Peripheral_Library_v2.1.16/ThirdPartyLibraries/USBlib/USB/Core/ConfigDescriptors.h **** 			#define DESCRIPTOR_TYPE(DescriptorPtr)    DESCRIPTOR_PCAST(DescriptorPtr, USB_Descriptor_Header_
 103:/opt/XMClib/XMC_Peripheral_Library_v2.1.16/ThirdPartyLibraries/USBlib/USB/Core/ConfigDescriptors.h **** 
 104:/opt/XMClib/XMC_Peripheral_Library_v2.1.16/ThirdPartyLibraries/USBlib/USB/Core/ConfigDescriptors.h **** 			/** Returns the descriptor's size, expressed as the 8-bit value indicating the number of bytes. 
 105:/opt/XMClib/XMC_Peripheral_Library_v2.1.16/ThirdPartyLibraries/USBlib/USB/Core/ConfigDescriptors.h **** 			#define DESCRIPTOR_SIZE(DescriptorPtr)    DESCRIPTOR_PCAST(DescriptorPtr, USB_Descriptor_Header_
 106:/opt/XMClib/XMC_Peripheral_Library_v2.1.16/ThirdPartyLibraries/USBlib/USB/Core/ConfigDescriptors.h **** 
 107:/opt/XMClib/XMC_Peripheral_Library_v2.1.16/ThirdPartyLibraries/USBlib/USB/Core/ConfigDescriptors.h **** 		/* Type Defines: */
 108:/opt/XMClib/XMC_Peripheral_Library_v2.1.16/ThirdPartyLibraries/USBlib/USB/Core/ConfigDescriptors.h **** 			/** Type define for a Configuration Descriptor comparator function (function taking a pointer to
 109:/opt/XMClib/XMC_Peripheral_Library_v2.1.16/ThirdPartyLibraries/USBlib/USB/Core/ConfigDescriptors.h **** 			 *  of type void, returning a uint8_t value).
 110:/opt/XMClib/XMC_Peripheral_Library_v2.1.16/ThirdPartyLibraries/USBlib/USB/Core/ConfigDescriptors.h **** 			 *
 111:/opt/XMClib/XMC_Peripheral_Library_v2.1.16/ThirdPartyLibraries/USBlib/USB/Core/ConfigDescriptors.h **** 			 *  \see \ref USB_GetNextDescriptorComp function for more details.
 112:/opt/XMClib/XMC_Peripheral_Library_v2.1.16/ThirdPartyLibraries/USBlib/USB/Core/ConfigDescriptors.h **** 			 */
 113:/opt/XMClib/XMC_Peripheral_Library_v2.1.16/ThirdPartyLibraries/USBlib/USB/Core/ConfigDescriptors.h **** 			typedef uint8_t (* ConfigComparatorPtr_t)(void*);
 114:/opt/XMClib/XMC_Peripheral_Library_v2.1.16/ThirdPartyLibraries/USBlib/USB/Core/ConfigDescriptors.h **** 
 115:/opt/XMClib/XMC_Peripheral_Library_v2.1.16/ThirdPartyLibraries/USBlib/USB/Core/ConfigDescriptors.h **** 		/* Enums: */
 116:/opt/XMClib/XMC_Peripheral_Library_v2.1.16/ThirdPartyLibraries/USBlib/USB/Core/ConfigDescriptors.h **** 			/** Enum for the possible return codes of the \ref USB_Host_GetDeviceConfigDescriptor() function
 117:/opt/XMClib/XMC_Peripheral_Library_v2.1.16/ThirdPartyLibraries/USBlib/USB/Core/ConfigDescriptors.h **** 			enum USB_Host_GetConfigDescriptor_ErrorCodes_t
 118:/opt/XMClib/XMC_Peripheral_Library_v2.1.16/ThirdPartyLibraries/USBlib/USB/Core/ConfigDescriptors.h **** 			{
 119:/opt/XMClib/XMC_Peripheral_Library_v2.1.16/ThirdPartyLibraries/USBlib/USB/Core/ConfigDescriptors.h **** 				HOST_GETCONFIG_Successful       = 0, /**< No error occurred while retrieving the configuration 
 120:/opt/XMClib/XMC_Peripheral_Library_v2.1.16/ThirdPartyLibraries/USBlib/USB/Core/ConfigDescriptors.h **** 				HOST_GETCONFIG_DeviceDisconnect = 1, /**< The attached device was disconnected while retrieving
 121:/opt/XMClib/XMC_Peripheral_Library_v2.1.16/ThirdPartyLibraries/USBlib/USB/Core/ConfigDescriptors.h **** 				                                      *   descriptor.
 122:/opt/XMClib/XMC_Peripheral_Library_v2.1.16/ThirdPartyLibraries/USBlib/USB/Core/ConfigDescriptors.h **** 				                                      */
 123:/opt/XMClib/XMC_Peripheral_Library_v2.1.16/ThirdPartyLibraries/USBlib/USB/Core/ConfigDescriptors.h **** 				HOST_GETCONFIG_PipeError        = 2, /**< An error occurred in the pipe while sending the reque
 124:/opt/XMClib/XMC_Peripheral_Library_v2.1.16/ThirdPartyLibraries/USBlib/USB/Core/ConfigDescriptors.h **** 				HOST_GETCONFIG_SetupStalled     = 3, /**< The attached device stalled the request to retrieve t
 125:/opt/XMClib/XMC_Peripheral_Library_v2.1.16/ThirdPartyLibraries/USBlib/USB/Core/ConfigDescriptors.h **** 				                                      *   descriptor.
 126:/opt/XMClib/XMC_Peripheral_Library_v2.1.16/ThirdPartyLibraries/USBlib/USB/Core/ConfigDescriptors.h **** 				                                      */
 127:/opt/XMClib/XMC_Peripheral_Library_v2.1.16/ThirdPartyLibraries/USBlib/USB/Core/ConfigDescriptors.h **** 				HOST_GETCONFIG_SoftwareTimeOut  = 4, /**< The request or data transfer timed out. */
 128:/opt/XMClib/XMC_Peripheral_Library_v2.1.16/ThirdPartyLibraries/USBlib/USB/Core/ConfigDescriptors.h **** 				HOST_GETCONFIG_BuffOverflow     = 5, /**< The device's configuration descriptor is too large to
 129:/opt/XMClib/XMC_Peripheral_Library_v2.1.16/ThirdPartyLibraries/USBlib/USB/Core/ConfigDescriptors.h **** 				                                      *   buffer.
 130:/opt/XMClib/XMC_Peripheral_Library_v2.1.16/ThirdPartyLibraries/USBlib/USB/Core/ConfigDescriptors.h **** 				                                      */
 131:/opt/XMClib/XMC_Peripheral_Library_v2.1.16/ThirdPartyLibraries/USBlib/USB/Core/ConfigDescriptors.h **** 				HOST_GETCONFIG_InvalidData      = 6, /**< The device returned invalid configuration descriptor 
 132:/opt/XMClib/XMC_Peripheral_Library_v2.1.16/ThirdPartyLibraries/USBlib/USB/Core/ConfigDescriptors.h **** 			};
 133:/opt/XMClib/XMC_Peripheral_Library_v2.1.16/ThirdPartyLibraries/USBlib/USB/Core/ConfigDescriptors.h **** 
 134:/opt/XMClib/XMC_Peripheral_Library_v2.1.16/ThirdPartyLibraries/USBlib/USB/Core/ConfigDescriptors.h **** 			/** Enum for return values of a descriptor comparator function. */
 135:/opt/XMClib/XMC_Peripheral_Library_v2.1.16/ThirdPartyLibraries/USBlib/USB/Core/ConfigDescriptors.h **** 			enum DSearch_Return_ErrorCodes_t
 136:/opt/XMClib/XMC_Peripheral_Library_v2.1.16/ThirdPartyLibraries/USBlib/USB/Core/ConfigDescriptors.h **** 			{
 137:/opt/XMClib/XMC_Peripheral_Library_v2.1.16/ThirdPartyLibraries/USBlib/USB/Core/ConfigDescriptors.h **** 				DESCRIPTOR_SEARCH_Found                = 0, /**< Current descriptor matches comparator criteria
 138:/opt/XMClib/XMC_Peripheral_Library_v2.1.16/ThirdPartyLibraries/USBlib/USB/Core/ConfigDescriptors.h **** 				DESCRIPTOR_SEARCH_Fail                 = 1, /**< No further descriptor could possibly match cri
 139:/opt/XMClib/XMC_Peripheral_Library_v2.1.16/ThirdPartyLibraries/USBlib/USB/Core/ConfigDescriptors.h **** 				DESCRIPTOR_SEARCH_NotFound             = 2, /**< Current descriptor does not match comparator c
 140:/opt/XMClib/XMC_Peripheral_Library_v2.1.16/ThirdPartyLibraries/USBlib/USB/Core/ConfigDescriptors.h **** 			};
 141:/opt/XMClib/XMC_Peripheral_Library_v2.1.16/ThirdPartyLibraries/USBlib/USB/Core/ConfigDescriptors.h **** 
 142:/opt/XMClib/XMC_Peripheral_Library_v2.1.16/ThirdPartyLibraries/USBlib/USB/Core/ConfigDescriptors.h **** 			/** Enum for return values of \ref USB_GetNextDescriptorComp(). */
 143:/opt/XMClib/XMC_Peripheral_Library_v2.1.16/ThirdPartyLibraries/USBlib/USB/Core/ConfigDescriptors.h **** 			enum DSearch_Comp_Return_ErrorCodes_t
 144:/opt/XMClib/XMC_Peripheral_Library_v2.1.16/ThirdPartyLibraries/USBlib/USB/Core/ConfigDescriptors.h **** 			{
 145:/opt/XMClib/XMC_Peripheral_Library_v2.1.16/ThirdPartyLibraries/USBlib/USB/Core/ConfigDescriptors.h **** 				DESCRIPTOR_SEARCH_COMP_Found           = 0, /**< Configuration descriptor now points to descrip
 146:/opt/XMClib/XMC_Peripheral_Library_v2.1.16/ThirdPartyLibraries/USBlib/USB/Core/ConfigDescriptors.h **** 				                                             *   search criteria of the given comparator functi
 147:/opt/XMClib/XMC_Peripheral_Library_v2.1.16/ThirdPartyLibraries/USBlib/USB/Core/ConfigDescriptors.h **** 				DESCRIPTOR_SEARCH_COMP_Fail            = 1, /**< Comparator function returned \ref DESCRIPTOR_S
 148:/opt/XMClib/XMC_Peripheral_Library_v2.1.16/ThirdPartyLibraries/USBlib/USB/Core/ConfigDescriptors.h **** 				DESCRIPTOR_SEARCH_COMP_EndOfDescriptor = 2, /**< End of configuration descriptor reached before
 149:/opt/XMClib/XMC_Peripheral_Library_v2.1.16/ThirdPartyLibraries/USBlib/USB/Core/ConfigDescriptors.h **** 			};
 150:/opt/XMClib/XMC_Peripheral_Library_v2.1.16/ThirdPartyLibraries/USBlib/USB/Core/ConfigDescriptors.h **** 
 151:/opt/XMClib/XMC_Peripheral_Library_v2.1.16/ThirdPartyLibraries/USBlib/USB/Core/ConfigDescriptors.h **** 		/* Function Prototypes: */
 152:/opt/XMClib/XMC_Peripheral_Library_v2.1.16/ThirdPartyLibraries/USBlib/USB/Core/ConfigDescriptors.h **** 			/** Retrieves the configuration descriptor data from an attached device via a standard request i
 153:/opt/XMClib/XMC_Peripheral_Library_v2.1.16/ThirdPartyLibraries/USBlib/USB/Core/ConfigDescriptors.h **** 			 *  including validity and size checking to prevent a buffer overflow.
 154:/opt/XMClib/XMC_Peripheral_Library_v2.1.16/ThirdPartyLibraries/USBlib/USB/Core/ConfigDescriptors.h **** 			 *
 155:/opt/XMClib/XMC_Peripheral_Library_v2.1.16/ThirdPartyLibraries/USBlib/USB/Core/ConfigDescriptors.h **** 			 *  \param[in]     ConfigNumber   Device configuration descriptor number to fetch from the devic
 156:/opt/XMClib/XMC_Peripheral_Library_v2.1.16/ThirdPartyLibraries/USBlib/USB/Core/ConfigDescriptors.h **** 			 *                                single configuration devices).
 157:/opt/XMClib/XMC_Peripheral_Library_v2.1.16/ThirdPartyLibraries/USBlib/USB/Core/ConfigDescriptors.h **** 			 *  \param[in,out] ConfigSizePtr  Pointer to a location for storing the retrieved configuration 
 158:/opt/XMClib/XMC_Peripheral_Library_v2.1.16/ThirdPartyLibraries/USBlib/USB/Core/ConfigDescriptors.h **** 			 *  \param[out]    BufferPtr      Pointer to the buffer for storing the configuration descriptor
 159:/opt/XMClib/XMC_Peripheral_Library_v2.1.16/ThirdPartyLibraries/USBlib/USB/Core/ConfigDescriptors.h **** 			 *  \param[out]    BufferSize     Size of the allocated buffer where the configuration descripto
 160:/opt/XMClib/XMC_Peripheral_Library_v2.1.16/ThirdPartyLibraries/USBlib/USB/Core/ConfigDescriptors.h **** 			 *
 161:/opt/XMClib/XMC_Peripheral_Library_v2.1.16/ThirdPartyLibraries/USBlib/USB/Core/ConfigDescriptors.h **** 			 *  \return A value from the \ref USB_Host_GetConfigDescriptor_ErrorCodes_t enum.
 162:/opt/XMClib/XMC_Peripheral_Library_v2.1.16/ThirdPartyLibraries/USBlib/USB/Core/ConfigDescriptors.h **** 			 */
 163:/opt/XMClib/XMC_Peripheral_Library_v2.1.16/ThirdPartyLibraries/USBlib/USB/Core/ConfigDescriptors.h **** 			uint8_t USB_Host_GetDeviceConfigDescriptor(const uint8_t ConfigNumber,
 164:/opt/XMClib/XMC_Peripheral_Library_v2.1.16/ThirdPartyLibraries/USBlib/USB/Core/ConfigDescriptors.h **** 			                                           uint16_t* const ConfigSizePtr,
 165:/opt/XMClib/XMC_Peripheral_Library_v2.1.16/ThirdPartyLibraries/USBlib/USB/Core/ConfigDescriptors.h **** 			                                           void* const BufferPtr,
 166:/opt/XMClib/XMC_Peripheral_Library_v2.1.16/ThirdPartyLibraries/USBlib/USB/Core/ConfigDescriptors.h **** 			                                           const uint16_t BufferSize) ATTR_NON_NULL_PTR_ARG(2) A
 167:/opt/XMClib/XMC_Peripheral_Library_v2.1.16/ThirdPartyLibraries/USBlib/USB/Core/ConfigDescriptors.h **** 
 168:/opt/XMClib/XMC_Peripheral_Library_v2.1.16/ThirdPartyLibraries/USBlib/USB/Core/ConfigDescriptors.h **** 			/** Skips to the next sub-descriptor inside the configuration descriptor of the specified type v
 169:/opt/XMClib/XMC_Peripheral_Library_v2.1.16/ThirdPartyLibraries/USBlib/USB/Core/ConfigDescriptors.h **** 			 *  The bytes remaining value is automatically decremented.
 170:/opt/XMClib/XMC_Peripheral_Library_v2.1.16/ThirdPartyLibraries/USBlib/USB/Core/ConfigDescriptors.h **** 			 *
 171:/opt/XMClib/XMC_Peripheral_Library_v2.1.16/ThirdPartyLibraries/USBlib/USB/Core/ConfigDescriptors.h **** 			 * \param[in,out] BytesRem       Pointer to the number of bytes remaining of the configuration d
 172:/opt/XMClib/XMC_Peripheral_Library_v2.1.16/ThirdPartyLibraries/USBlib/USB/Core/ConfigDescriptors.h **** 			 * \param[in,out] CurrConfigLoc  Pointer to the current descriptor inside the configuration desc
 173:/opt/XMClib/XMC_Peripheral_Library_v2.1.16/ThirdPartyLibraries/USBlib/USB/Core/ConfigDescriptors.h **** 			 * \param[in]     Type           Descriptor type value to search for.
 174:/opt/XMClib/XMC_Peripheral_Library_v2.1.16/ThirdPartyLibraries/USBlib/USB/Core/ConfigDescriptors.h **** 			 */
 175:/opt/XMClib/XMC_Peripheral_Library_v2.1.16/ThirdPartyLibraries/USBlib/USB/Core/ConfigDescriptors.h **** 			void USB_GetNextDescriptorOfType(uint16_t* const BytesRem,
 176:/opt/XMClib/XMC_Peripheral_Library_v2.1.16/ThirdPartyLibraries/USBlib/USB/Core/ConfigDescriptors.h **** 			                                 void** const CurrConfigLoc,
 177:/opt/XMClib/XMC_Peripheral_Library_v2.1.16/ThirdPartyLibraries/USBlib/USB/Core/ConfigDescriptors.h **** 			                                 const uint8_t Type)
 178:/opt/XMClib/XMC_Peripheral_Library_v2.1.16/ThirdPartyLibraries/USBlib/USB/Core/ConfigDescriptors.h **** 			                                 ATTR_NON_NULL_PTR_ARG(1) ATTR_NON_NULL_PTR_ARG(2);
 179:/opt/XMClib/XMC_Peripheral_Library_v2.1.16/ThirdPartyLibraries/USBlib/USB/Core/ConfigDescriptors.h **** 
 180:/opt/XMClib/XMC_Peripheral_Library_v2.1.16/ThirdPartyLibraries/USBlib/USB/Core/ConfigDescriptors.h **** 			/** Skips to the next sub-descriptor inside the configuration descriptor of the specified type v
 181:/opt/XMClib/XMC_Peripheral_Library_v2.1.16/ThirdPartyLibraries/USBlib/USB/Core/ConfigDescriptors.h **** 			 *  which must come before a descriptor of the second given type value. If the BeforeType type
 182:/opt/XMClib/XMC_Peripheral_Library_v2.1.16/ThirdPartyLibraries/USBlib/USB/Core/ConfigDescriptors.h **** 			 *  descriptor is reached first, the number of bytes remaining to process is set to zero and the
 183:/opt/XMClib/XMC_Peripheral_Library_v2.1.16/ThirdPartyLibraries/USBlib/USB/Core/ConfigDescriptors.h **** 			 *  function exits. The bytes remaining value is automatically decremented.
 184:/opt/XMClib/XMC_Peripheral_Library_v2.1.16/ThirdPartyLibraries/USBlib/USB/Core/ConfigDescriptors.h **** 			 *
 185:/opt/XMClib/XMC_Peripheral_Library_v2.1.16/ThirdPartyLibraries/USBlib/USB/Core/ConfigDescriptors.h **** 			 * \param[in,out] BytesRem       Pointer to the number of bytes remaining of the configuration d
 186:/opt/XMClib/XMC_Peripheral_Library_v2.1.16/ThirdPartyLibraries/USBlib/USB/Core/ConfigDescriptors.h **** 			 * \param[in,out] CurrConfigLoc  Pointer to the current descriptor inside the configuration desc
 187:/opt/XMClib/XMC_Peripheral_Library_v2.1.16/ThirdPartyLibraries/USBlib/USB/Core/ConfigDescriptors.h **** 			 * \param[in]     Type           Descriptor type value to search for.
 188:/opt/XMClib/XMC_Peripheral_Library_v2.1.16/ThirdPartyLibraries/USBlib/USB/Core/ConfigDescriptors.h **** 			 * \param[in]     BeforeType     Descriptor type value which must not be reached before the give
 189:/opt/XMClib/XMC_Peripheral_Library_v2.1.16/ThirdPartyLibraries/USBlib/USB/Core/ConfigDescriptors.h **** 			 */
 190:/opt/XMClib/XMC_Peripheral_Library_v2.1.16/ThirdPartyLibraries/USBlib/USB/Core/ConfigDescriptors.h **** 			void USB_GetNextDescriptorOfTypeBefore(uint16_t* const BytesRem,
 191:/opt/XMClib/XMC_Peripheral_Library_v2.1.16/ThirdPartyLibraries/USBlib/USB/Core/ConfigDescriptors.h **** 			                                       void** const CurrConfigLoc,
 192:/opt/XMClib/XMC_Peripheral_Library_v2.1.16/ThirdPartyLibraries/USBlib/USB/Core/ConfigDescriptors.h **** 			                                       const uint8_t Type,
 193:/opt/XMClib/XMC_Peripheral_Library_v2.1.16/ThirdPartyLibraries/USBlib/USB/Core/ConfigDescriptors.h **** 			                                       const uint8_t BeforeType)
 194:/opt/XMClib/XMC_Peripheral_Library_v2.1.16/ThirdPartyLibraries/USBlib/USB/Core/ConfigDescriptors.h **** 			                                       ATTR_NON_NULL_PTR_ARG(1) ATTR_NON_NULL_PTR_ARG(2);
 195:/opt/XMClib/XMC_Peripheral_Library_v2.1.16/ThirdPartyLibraries/USBlib/USB/Core/ConfigDescriptors.h **** 
 196:/opt/XMClib/XMC_Peripheral_Library_v2.1.16/ThirdPartyLibraries/USBlib/USB/Core/ConfigDescriptors.h **** 			/** Skips to the next sub-descriptor inside the configuration descriptor of the specified type v
 197:/opt/XMClib/XMC_Peripheral_Library_v2.1.16/ThirdPartyLibraries/USBlib/USB/Core/ConfigDescriptors.h **** 			 *  which must come after a descriptor of the second given type value. The bytes remaining value
 198:/opt/XMClib/XMC_Peripheral_Library_v2.1.16/ThirdPartyLibraries/USBlib/USB/Core/ConfigDescriptors.h **** 			 *  automatically decremented.
 199:/opt/XMClib/XMC_Peripheral_Library_v2.1.16/ThirdPartyLibraries/USBlib/USB/Core/ConfigDescriptors.h **** 			 *
 200:/opt/XMClib/XMC_Peripheral_Library_v2.1.16/ThirdPartyLibraries/USBlib/USB/Core/ConfigDescriptors.h **** 			 * \param[in,out] BytesRem       Pointer to the number of bytes remaining of the configuration d
 201:/opt/XMClib/XMC_Peripheral_Library_v2.1.16/ThirdPartyLibraries/USBlib/USB/Core/ConfigDescriptors.h **** 			 * \param[in,out] CurrConfigLoc  Pointer to the current descriptor inside the configuration desc
 202:/opt/XMClib/XMC_Peripheral_Library_v2.1.16/ThirdPartyLibraries/USBlib/USB/Core/ConfigDescriptors.h **** 			 * \param[in]     Type           Descriptor type value to search for.
 203:/opt/XMClib/XMC_Peripheral_Library_v2.1.16/ThirdPartyLibraries/USBlib/USB/Core/ConfigDescriptors.h **** 			 * \param[in]     AfterType      Descriptor type value which must be reached before the given Ty
 204:/opt/XMClib/XMC_Peripheral_Library_v2.1.16/ThirdPartyLibraries/USBlib/USB/Core/ConfigDescriptors.h **** 			 */
 205:/opt/XMClib/XMC_Peripheral_Library_v2.1.16/ThirdPartyLibraries/USBlib/USB/Core/ConfigDescriptors.h **** 			void USB_GetNextDescriptorOfTypeAfter(uint16_t* const BytesRem,
 206:/opt/XMClib/XMC_Peripheral_Library_v2.1.16/ThirdPartyLibraries/USBlib/USB/Core/ConfigDescriptors.h **** 			                                      void** const CurrConfigLoc,
 207:/opt/XMClib/XMC_Peripheral_Library_v2.1.16/ThirdPartyLibraries/USBlib/USB/Core/ConfigDescriptors.h **** 			                                      const uint8_t Type,
 208:/opt/XMClib/XMC_Peripheral_Library_v2.1.16/ThirdPartyLibraries/USBlib/USB/Core/ConfigDescriptors.h **** 			                                      const uint8_t AfterType)
 209:/opt/XMClib/XMC_Peripheral_Library_v2.1.16/ThirdPartyLibraries/USBlib/USB/Core/ConfigDescriptors.h **** 			                                      ATTR_NON_NULL_PTR_ARG(1) ATTR_NON_NULL_PTR_ARG(2);
 210:/opt/XMClib/XMC_Peripheral_Library_v2.1.16/ThirdPartyLibraries/USBlib/USB/Core/ConfigDescriptors.h **** 
 211:/opt/XMClib/XMC_Peripheral_Library_v2.1.16/ThirdPartyLibraries/USBlib/USB/Core/ConfigDescriptors.h **** 			/** Searches for the next descriptor in the given configuration descriptor using a pre-made comp
 212:/opt/XMClib/XMC_Peripheral_Library_v2.1.16/ThirdPartyLibraries/USBlib/USB/Core/ConfigDescriptors.h **** 			 *  function. The routine updates the position and remaining configuration descriptor bytes valu
 213:/opt/XMClib/XMC_Peripheral_Library_v2.1.16/ThirdPartyLibraries/USBlib/USB/Core/ConfigDescriptors.h **** 			 *  automatically. If a comparator routine fails a search, the descriptor pointer is retreated b
 214:/opt/XMClib/XMC_Peripheral_Library_v2.1.16/ThirdPartyLibraries/USBlib/USB/Core/ConfigDescriptors.h **** 			 *  so that the next descriptor search invocation will start from the descriptor which first cau
 215:/opt/XMClib/XMC_Peripheral_Library_v2.1.16/ThirdPartyLibraries/USBlib/USB/Core/ConfigDescriptors.h **** 			 *  original search to fail. This behavior allows for one comparator to be used immediately afte
 216:/opt/XMClib/XMC_Peripheral_Library_v2.1.16/ThirdPartyLibraries/USBlib/USB/Core/ConfigDescriptors.h **** 			 *  has failed, starting the second search from the descriptor which failed the first.
 217:/opt/XMClib/XMC_Peripheral_Library_v2.1.16/ThirdPartyLibraries/USBlib/USB/Core/ConfigDescriptors.h **** 			 *
 218:/opt/XMClib/XMC_Peripheral_Library_v2.1.16/ThirdPartyLibraries/USBlib/USB/Core/ConfigDescriptors.h **** 			 *  Comparator functions should be standard functions which accept a pointer to the header of th
 219:/opt/XMClib/XMC_Peripheral_Library_v2.1.16/ThirdPartyLibraries/USBlib/USB/Core/ConfigDescriptors.h **** 			 *  descriptor inside the configuration descriptor which is being compared, and should return a 
 220:/opt/XMClib/XMC_Peripheral_Library_v2.1.16/ThirdPartyLibraries/USBlib/USB/Core/ConfigDescriptors.h **** 			 *  the \ref DSearch_Return_ErrorCodes_t enum as a uint8_t value.
 221:/opt/XMClib/XMC_Peripheral_Library_v2.1.16/ThirdPartyLibraries/USBlib/USB/Core/ConfigDescriptors.h **** 			 *
 222:/opt/XMClib/XMC_Peripheral_Library_v2.1.16/ThirdPartyLibraries/USBlib/USB/Core/ConfigDescriptors.h **** 			 *  \note This function is available in USB Host mode only.
 223:/opt/XMClib/XMC_Peripheral_Library_v2.1.16/ThirdPartyLibraries/USBlib/USB/Core/ConfigDescriptors.h **** 			 *
 224:/opt/XMClib/XMC_Peripheral_Library_v2.1.16/ThirdPartyLibraries/USBlib/USB/Core/ConfigDescriptors.h **** 			 *  \param[in,out] BytesRem           Pointer to an int storing the remaining bytes in the confi
 225:/opt/XMClib/XMC_Peripheral_Library_v2.1.16/ThirdPartyLibraries/USBlib/USB/Core/ConfigDescriptors.h **** 			 *  \param[in,out] CurrConfigLoc      Pointer to the current position in the configuration descr
 226:/opt/XMClib/XMC_Peripheral_Library_v2.1.16/ThirdPartyLibraries/USBlib/USB/Core/ConfigDescriptors.h **** 			 *  \param[in]     ComparatorRoutine  Name of the comparator search function to use on the confi
 227:/opt/XMClib/XMC_Peripheral_Library_v2.1.16/ThirdPartyLibraries/USBlib/USB/Core/ConfigDescriptors.h **** 			 *
 228:/opt/XMClib/XMC_Peripheral_Library_v2.1.16/ThirdPartyLibraries/USBlib/USB/Core/ConfigDescriptors.h **** 			 *  \return Value of one of the members of the \ref DSearch_Comp_Return_ErrorCodes_t enum.
 229:/opt/XMClib/XMC_Peripheral_Library_v2.1.16/ThirdPartyLibraries/USBlib/USB/Core/ConfigDescriptors.h **** 			 *
 230:/opt/XMClib/XMC_Peripheral_Library_v2.1.16/ThirdPartyLibraries/USBlib/USB/Core/ConfigDescriptors.h **** 			 *  Usage Example:
 231:/opt/XMClib/XMC_Peripheral_Library_v2.1.16/ThirdPartyLibraries/USBlib/USB/Core/ConfigDescriptors.h **** 			 *  \code
 232:/opt/XMClib/XMC_Peripheral_Library_v2.1.16/ThirdPartyLibraries/USBlib/USB/Core/ConfigDescriptors.h **** 			 *  uint8_t EndpointSearcher(void* CurrentDescriptor); // Comparator Prototype
 233:/opt/XMClib/XMC_Peripheral_Library_v2.1.16/ThirdPartyLibraries/USBlib/USB/Core/ConfigDescriptors.h **** 			 *
 234:/opt/XMClib/XMC_Peripheral_Library_v2.1.16/ThirdPartyLibraries/USBlib/USB/Core/ConfigDescriptors.h **** 			 *  uint8_t EndpointSearcher(void* CurrentDescriptor)
 235:/opt/XMClib/XMC_Peripheral_Library_v2.1.16/ThirdPartyLibraries/USBlib/USB/Core/ConfigDescriptors.h **** 			 *  {
 236:/opt/XMClib/XMC_Peripheral_Library_v2.1.16/ThirdPartyLibraries/USBlib/USB/Core/ConfigDescriptors.h **** 			 *     if (DESCRIPTOR_TYPE(CurrentDescriptor) == DTYPE_Endpoint)
 237:/opt/XMClib/XMC_Peripheral_Library_v2.1.16/ThirdPartyLibraries/USBlib/USB/Core/ConfigDescriptors.h **** 			 *         return DESCRIPTOR_SEARCH_Found;
 238:/opt/XMClib/XMC_Peripheral_Library_v2.1.16/ThirdPartyLibraries/USBlib/USB/Core/ConfigDescriptors.h **** 			 *     else
 239:/opt/XMClib/XMC_Peripheral_Library_v2.1.16/ThirdPartyLibraries/USBlib/USB/Core/ConfigDescriptors.h **** 			 *         return DESCRIPTOR_SEARCH_NotFound;
 240:/opt/XMClib/XMC_Peripheral_Library_v2.1.16/ThirdPartyLibraries/USBlib/USB/Core/ConfigDescriptors.h **** 			 *  }
 241:/opt/XMClib/XMC_Peripheral_Library_v2.1.16/ThirdPartyLibraries/USBlib/USB/Core/ConfigDescriptors.h **** 			 *
 242:/opt/XMClib/XMC_Peripheral_Library_v2.1.16/ThirdPartyLibraries/USBlib/USB/Core/ConfigDescriptors.h **** 			 *  //...
 243:/opt/XMClib/XMC_Peripheral_Library_v2.1.16/ThirdPartyLibraries/USBlib/USB/Core/ConfigDescriptors.h **** 			 *
 244:/opt/XMClib/XMC_Peripheral_Library_v2.1.16/ThirdPartyLibraries/USBlib/USB/Core/ConfigDescriptors.h **** 			 *  // After retrieving configuration descriptor:
 245:/opt/XMClib/XMC_Peripheral_Library_v2.1.16/ThirdPartyLibraries/USBlib/USB/Core/ConfigDescriptors.h **** 			 *  if (USB_Host_GetNextDescriptorComp(&BytesRemaining, &CurrentConfigLoc, EndpointSearcher) ==
 246:/opt/XMClib/XMC_Peripheral_Library_v2.1.16/ThirdPartyLibraries/USBlib/USB/Core/ConfigDescriptors.h **** 			 *      Descriptor_Search_Comp_Found)
 247:/opt/XMClib/XMC_Peripheral_Library_v2.1.16/ThirdPartyLibraries/USBlib/USB/Core/ConfigDescriptors.h **** 			 *  {
 248:/opt/XMClib/XMC_Peripheral_Library_v2.1.16/ThirdPartyLibraries/USBlib/USB/Core/ConfigDescriptors.h **** 			 *      // Do something with the endpoint descriptor
 249:/opt/XMClib/XMC_Peripheral_Library_v2.1.16/ThirdPartyLibraries/USBlib/USB/Core/ConfigDescriptors.h **** 			 *  }
 250:/opt/XMClib/XMC_Peripheral_Library_v2.1.16/ThirdPartyLibraries/USBlib/USB/Core/ConfigDescriptors.h **** 			 *  \endcode
 251:/opt/XMClib/XMC_Peripheral_Library_v2.1.16/ThirdPartyLibraries/USBlib/USB/Core/ConfigDescriptors.h **** 			 */
 252:/opt/XMClib/XMC_Peripheral_Library_v2.1.16/ThirdPartyLibraries/USBlib/USB/Core/ConfigDescriptors.h **** 			uint8_t USB_GetNextDescriptorComp(uint16_t* const BytesRem,
 253:/opt/XMClib/XMC_Peripheral_Library_v2.1.16/ThirdPartyLibraries/USBlib/USB/Core/ConfigDescriptors.h **** 			                                  void** const CurrConfigLoc,
 254:/opt/XMClib/XMC_Peripheral_Library_v2.1.16/ThirdPartyLibraries/USBlib/USB/Core/ConfigDescriptors.h **** 			                                  ConfigComparatorPtr_t const ComparatorRoutine) ATTR_NON_NULL_P
 255:/opt/XMClib/XMC_Peripheral_Library_v2.1.16/ThirdPartyLibraries/USBlib/USB/Core/ConfigDescriptors.h **** 			                                  ATTR_NON_NULL_PTR_ARG(2) ATTR_NON_NULL_PTR_ARG(3);
 256:/opt/XMClib/XMC_Peripheral_Library_v2.1.16/ThirdPartyLibraries/USBlib/USB/Core/ConfigDescriptors.h **** 
 257:/opt/XMClib/XMC_Peripheral_Library_v2.1.16/ThirdPartyLibraries/USBlib/USB/Core/ConfigDescriptors.h **** 		/* Inline Functions: */
 258:/opt/XMClib/XMC_Peripheral_Library_v2.1.16/ThirdPartyLibraries/USBlib/USB/Core/ConfigDescriptors.h **** 			/** Skips over the current sub-descriptor inside the configuration descriptor, so that the point
 259:/opt/XMClib/XMC_Peripheral_Library_v2.1.16/ThirdPartyLibraries/USBlib/USB/Core/ConfigDescriptors.h **** 			    points to the next sub-descriptor. The bytes remaining value is automatically decremented.
 260:/opt/XMClib/XMC_Peripheral_Library_v2.1.16/ThirdPartyLibraries/USBlib/USB/Core/ConfigDescriptors.h **** 			 *
 261:/opt/XMClib/XMC_Peripheral_Library_v2.1.16/ThirdPartyLibraries/USBlib/USB/Core/ConfigDescriptors.h **** 			 * \param[in,out] BytesRem       Pointer to the number of bytes remaining of the configuration d
 262:/opt/XMClib/XMC_Peripheral_Library_v2.1.16/ThirdPartyLibraries/USBlib/USB/Core/ConfigDescriptors.h **** 			 * \param[in,out] CurrConfigLoc  Pointer to the current descriptor inside the configuration desc
 263:/opt/XMClib/XMC_Peripheral_Library_v2.1.16/ThirdPartyLibraries/USBlib/USB/Core/ConfigDescriptors.h **** 			 */
 264:/opt/XMClib/XMC_Peripheral_Library_v2.1.16/ThirdPartyLibraries/USBlib/USB/Core/ConfigDescriptors.h **** 			static inline void USB_GetNextDescriptor(uint16_t* const BytesRem,
 265:/opt/XMClib/XMC_Peripheral_Library_v2.1.16/ThirdPartyLibraries/USBlib/USB/Core/ConfigDescriptors.h **** 			                                         void** CurrConfigLoc) ATTR_NON_NULL_PTR_ARG(1) ATTR_NON
 266:/opt/XMClib/XMC_Peripheral_Library_v2.1.16/ThirdPartyLibraries/USBlib/USB/Core/ConfigDescriptors.h **** 			static inline void USB_GetNextDescriptor(uint16_t* const BytesRem,
 267:/opt/XMClib/XMC_Peripheral_Library_v2.1.16/ThirdPartyLibraries/USBlib/USB/Core/ConfigDescriptors.h **** 			                                         void** CurrConfigLoc)
 268:/opt/XMClib/XMC_Peripheral_Library_v2.1.16/ThirdPartyLibraries/USBlib/USB/Core/ConfigDescriptors.h **** 			{
  28              		.loc 2 268 4
  29              		.cfi_startproc
  30              		@ args = 0, pretend = 0, frame = 16
  31              		@ frame_needed = 1, uses_anonymous_args = 0
  32              		@ link register save eliminated.
  33 0000 80B4     		push	{r7}
  34              	.LCFI0:
  35              		.cfi_def_cfa_offset 4
  36              		.cfi_offset 7, -4
  37 0002 85B0     		sub	sp, sp, #20
  38              	.LCFI1:
  39              		.cfi_def_cfa_offset 24
  40 0004 00AF     		add	r7, sp, #0
  41              	.LCFI2:
  42              		.cfi_def_cfa_register 7
  43 0006 7860     		str	r0, [r7, #4]
  44 0008 3960     		str	r1, [r7]
 269:/opt/XMClib/XMC_Peripheral_Library_v2.1.16/ThirdPartyLibraries/USBlib/USB/Core/ConfigDescriptors.h **** 				uint16_t CurrDescriptorSize = DESCRIPTOR_CAST(*CurrConfigLoc, USB_Descriptor_Header_t).Size;
  45              		.loc 2 269 35
  46 000a 3B68     		ldr	r3, [r7]
  47 000c 1B68     		ldr	r3, [r3]
  48              		.loc 2 269 91
  49 000e 1B78     		ldrb	r3, [r3]	@ zero_extendqisi2
  50              		.loc 2 269 14
  51 0010 FB81     		strh	r3, [r7, #14]	@ movhi
 270:/opt/XMClib/XMC_Peripheral_Library_v2.1.16/ThirdPartyLibraries/USBlib/USB/Core/ConfigDescriptors.h **** 
 271:/opt/XMClib/XMC_Peripheral_Library_v2.1.16/ThirdPartyLibraries/USBlib/USB/Core/ConfigDescriptors.h **** 				if (*BytesRem < CurrDescriptorSize)
  52              		.loc 2 271 9
  53 0012 7B68     		ldr	r3, [r7, #4]
  54 0014 1B88     		ldrh	r3, [r3]
  55              		.loc 2 271 8
  56 0016 FA89     		ldrh	r2, [r7, #14]
  57 0018 9A42     		cmp	r2, r3
  58 001a 02D9     		bls	.L2
 272:/opt/XMClib/XMC_Peripheral_Library_v2.1.16/ThirdPartyLibraries/USBlib/USB/Core/ConfigDescriptors.h **** 				  CurrDescriptorSize = *BytesRem;
  59              		.loc 2 272 26
  60 001c 7B68     		ldr	r3, [r7, #4]
  61 001e 1B88     		ldrh	r3, [r3]	@ movhi
  62 0020 FB81     		strh	r3, [r7, #14]	@ movhi
  63              	.L2:
 273:/opt/XMClib/XMC_Peripheral_Library_v2.1.16/ThirdPartyLibraries/USBlib/USB/Core/ConfigDescriptors.h **** 
 274:/opt/XMClib/XMC_Peripheral_Library_v2.1.16/ThirdPartyLibraries/USBlib/USB/Core/ConfigDescriptors.h **** 				*CurrConfigLoc  = (void*)((uintptr_t)*CurrConfigLoc + CurrDescriptorSize);
  64              		.loc 2 274 42
  65 0022 3B68     		ldr	r3, [r7]
  66 0024 1B68     		ldr	r3, [r3]
  67              		.loc 2 274 31
  68 0026 1A46     		mov	r2, r3
  69              		.loc 2 274 57
  70 0028 FB89     		ldrh	r3, [r7, #14]
  71 002a 1344     		add	r3, r3, r2
  72              		.loc 2 274 23
  73 002c 1A46     		mov	r2, r3
  74              		.loc 2 274 21
  75 002e 3B68     		ldr	r3, [r7]
  76 0030 1A60     		str	r2, [r3]
 275:/opt/XMClib/XMC_Peripheral_Library_v2.1.16/ThirdPartyLibraries/USBlib/USB/Core/ConfigDescriptors.h **** 				*BytesRem      -= CurrDescriptorSize;
  77              		.loc 2 275 5
  78 0032 7B68     		ldr	r3, [r7, #4]
  79 0034 1A88     		ldrh	r2, [r3]
  80              		.loc 2 275 20
  81 0036 FB89     		ldrh	r3, [r7, #14]	@ movhi
  82 0038 D31A     		subs	r3, r2, r3
  83 003a 9AB2     		uxth	r2, r3
  84 003c 7B68     		ldr	r3, [r7, #4]
  85 003e 1A80     		strh	r2, [r3]	@ movhi
 276:/opt/XMClib/XMC_Peripheral_Library_v2.1.16/ThirdPartyLibraries/USBlib/USB/Core/ConfigDescriptors.h **** 			}
  86              		.loc 2 276 4
  87 0040 00BF     		nop
  88 0042 1437     		adds	r7, r7, #20
  89              	.LCFI3:
  90              		.cfi_def_cfa_offset 4
  91 0044 BD46     		mov	sp, r7
  92              	.LCFI4:
  93              		.cfi_def_cfa_register 13
  94              		@ sp needed
  95 0046 5DF8047B 		ldr	r7, [sp], #4
  96              	.LCFI5:
  97              		.cfi_restore 7
  98              		.cfi_def_cfa_offset 0
  99 004a 7047     		bx	lr
 100              		.cfi_endproc
 101              	.LFE132:
 103              		.section	.text.USB_GetNextDescriptorOfType,"ax",%progbits
 104              		.align	1
 105              		.global	USB_GetNextDescriptorOfType
 106              		.syntax unified
 107              		.thumb
 108              		.thumb_func
 110              	USB_GetNextDescriptorOfType:
 111              	.LFB133:
   1:/opt/XMClib/XMC_Peripheral_Library_v2.1.16/ThirdPartyLibraries/USBlib/USB/Core/ConfigDescriptors.c **** /*
   2:/opt/XMClib/XMC_Peripheral_Library_v2.1.16/ThirdPartyLibraries/USBlib/USB/Core/ConfigDescriptors.c ****              LUFA Library
   3:/opt/XMClib/XMC_Peripheral_Library_v2.1.16/ThirdPartyLibraries/USBlib/USB/Core/ConfigDescriptors.c ****      Copyright (C) Dean Camera, 2014.
   4:/opt/XMClib/XMC_Peripheral_Library_v2.1.16/ThirdPartyLibraries/USBlib/USB/Core/ConfigDescriptors.c **** 
   5:/opt/XMClib/XMC_Peripheral_Library_v2.1.16/ThirdPartyLibraries/USBlib/USB/Core/ConfigDescriptors.c ****   dean [at] fourwalledcubicle [dot] com
   6:/opt/XMClib/XMC_Peripheral_Library_v2.1.16/ThirdPartyLibraries/USBlib/USB/Core/ConfigDescriptors.c ****            www.lufa-lib.org
   7:/opt/XMClib/XMC_Peripheral_Library_v2.1.16/ThirdPartyLibraries/USBlib/USB/Core/ConfigDescriptors.c **** */
   8:/opt/XMClib/XMC_Peripheral_Library_v2.1.16/ThirdPartyLibraries/USBlib/USB/Core/ConfigDescriptors.c **** 
   9:/opt/XMClib/XMC_Peripheral_Library_v2.1.16/ThirdPartyLibraries/USBlib/USB/Core/ConfigDescriptors.c **** /*
  10:/opt/XMClib/XMC_Peripheral_Library_v2.1.16/ThirdPartyLibraries/USBlib/USB/Core/ConfigDescriptors.c ****   Copyright 2014  Dean Camera (dean [at] fourwalledcubicle [dot] com)
  11:/opt/XMClib/XMC_Peripheral_Library_v2.1.16/ThirdPartyLibraries/USBlib/USB/Core/ConfigDescriptors.c **** 
  12:/opt/XMClib/XMC_Peripheral_Library_v2.1.16/ThirdPartyLibraries/USBlib/USB/Core/ConfigDescriptors.c ****   Permission to use, copy, modify, distribute, and sell this
  13:/opt/XMClib/XMC_Peripheral_Library_v2.1.16/ThirdPartyLibraries/USBlib/USB/Core/ConfigDescriptors.c ****   software and its documentation for any purpose is hereby granted
  14:/opt/XMClib/XMC_Peripheral_Library_v2.1.16/ThirdPartyLibraries/USBlib/USB/Core/ConfigDescriptors.c ****   without fee, provided that the above copyright notice appear in
  15:/opt/XMClib/XMC_Peripheral_Library_v2.1.16/ThirdPartyLibraries/USBlib/USB/Core/ConfigDescriptors.c ****   all copies and that both that the copyright notice and this
  16:/opt/XMClib/XMC_Peripheral_Library_v2.1.16/ThirdPartyLibraries/USBlib/USB/Core/ConfigDescriptors.c ****   permission notice and warranty disclaimer appear in supporting
  17:/opt/XMClib/XMC_Peripheral_Library_v2.1.16/ThirdPartyLibraries/USBlib/USB/Core/ConfigDescriptors.c ****   documentation, and that the name of the author not be used in
  18:/opt/XMClib/XMC_Peripheral_Library_v2.1.16/ThirdPartyLibraries/USBlib/USB/Core/ConfigDescriptors.c ****   advertising or publicity pertaining to distribution of the
  19:/opt/XMClib/XMC_Peripheral_Library_v2.1.16/ThirdPartyLibraries/USBlib/USB/Core/ConfigDescriptors.c ****   software without specific, written prior permission.
  20:/opt/XMClib/XMC_Peripheral_Library_v2.1.16/ThirdPartyLibraries/USBlib/USB/Core/ConfigDescriptors.c **** 
  21:/opt/XMClib/XMC_Peripheral_Library_v2.1.16/ThirdPartyLibraries/USBlib/USB/Core/ConfigDescriptors.c ****   The author disclaims all warranties with regard to this
  22:/opt/XMClib/XMC_Peripheral_Library_v2.1.16/ThirdPartyLibraries/USBlib/USB/Core/ConfigDescriptors.c ****   software, including all implied warranties of merchantability
  23:/opt/XMClib/XMC_Peripheral_Library_v2.1.16/ThirdPartyLibraries/USBlib/USB/Core/ConfigDescriptors.c ****   and fitness.  In no event shall the author be liable for any
  24:/opt/XMClib/XMC_Peripheral_Library_v2.1.16/ThirdPartyLibraries/USBlib/USB/Core/ConfigDescriptors.c ****   special, indirect or consequential damages or any damages
  25:/opt/XMClib/XMC_Peripheral_Library_v2.1.16/ThirdPartyLibraries/USBlib/USB/Core/ConfigDescriptors.c ****   whatsoever resulting from loss of use, data or profits, whether
  26:/opt/XMClib/XMC_Peripheral_Library_v2.1.16/ThirdPartyLibraries/USBlib/USB/Core/ConfigDescriptors.c ****   in an action of contract, negligence or other tortious action,
  27:/opt/XMClib/XMC_Peripheral_Library_v2.1.16/ThirdPartyLibraries/USBlib/USB/Core/ConfigDescriptors.c ****   arising out of or in connection with the use or performance of
  28:/opt/XMClib/XMC_Peripheral_Library_v2.1.16/ThirdPartyLibraries/USBlib/USB/Core/ConfigDescriptors.c ****   this software.
  29:/opt/XMClib/XMC_Peripheral_Library_v2.1.16/ThirdPartyLibraries/USBlib/USB/Core/ConfigDescriptors.c **** */
  30:/opt/XMClib/XMC_Peripheral_Library_v2.1.16/ThirdPartyLibraries/USBlib/USB/Core/ConfigDescriptors.c **** 
  31:/opt/XMClib/XMC_Peripheral_Library_v2.1.16/ThirdPartyLibraries/USBlib/USB/Core/ConfigDescriptors.c **** #define  __INCLUDE_FROM_USB_DRIVER
  32:/opt/XMClib/XMC_Peripheral_Library_v2.1.16/ThirdPartyLibraries/USBlib/USB/Core/ConfigDescriptors.c **** #include "ConfigDescriptors.h"
  33:/opt/XMClib/XMC_Peripheral_Library_v2.1.16/ThirdPartyLibraries/USBlib/USB/Core/ConfigDescriptors.c **** 
  34:/opt/XMClib/XMC_Peripheral_Library_v2.1.16/ThirdPartyLibraries/USBlib/USB/Core/ConfigDescriptors.c **** #if defined(USB_CAN_BE_HOST)
  35:/opt/XMClib/XMC_Peripheral_Library_v2.1.16/ThirdPartyLibraries/USBlib/USB/Core/ConfigDescriptors.c **** uint8_t USB_Host_GetDeviceConfigDescriptor(const uint8_t ConfigNumber,
  36:/opt/XMClib/XMC_Peripheral_Library_v2.1.16/ThirdPartyLibraries/USBlib/USB/Core/ConfigDescriptors.c ****                                            uint16_t* const ConfigSizePtr,
  37:/opt/XMClib/XMC_Peripheral_Library_v2.1.16/ThirdPartyLibraries/USBlib/USB/Core/ConfigDescriptors.c ****                                            void* const BufferPtr,
  38:/opt/XMClib/XMC_Peripheral_Library_v2.1.16/ThirdPartyLibraries/USBlib/USB/Core/ConfigDescriptors.c ****                                            const uint16_t BufferSize)
  39:/opt/XMClib/XMC_Peripheral_Library_v2.1.16/ThirdPartyLibraries/USBlib/USB/Core/ConfigDescriptors.c **** {
  40:/opt/XMClib/XMC_Peripheral_Library_v2.1.16/ThirdPartyLibraries/USBlib/USB/Core/ConfigDescriptors.c ****     uint8_t ErrorCode;
  41:/opt/XMClib/XMC_Peripheral_Library_v2.1.16/ThirdPartyLibraries/USBlib/USB/Core/ConfigDescriptors.c ****     uint8_t ConfigHeader[sizeof(USB_Descriptor_Configuration_Header_t)];
  42:/opt/XMClib/XMC_Peripheral_Library_v2.1.16/ThirdPartyLibraries/USBlib/USB/Core/ConfigDescriptors.c **** 
  43:/opt/XMClib/XMC_Peripheral_Library_v2.1.16/ThirdPartyLibraries/USBlib/USB/Core/ConfigDescriptors.c ****     USB_ControlRequest = (USB_Request_Header_t)
  44:/opt/XMClib/XMC_Peripheral_Library_v2.1.16/ThirdPartyLibraries/USBlib/USB/Core/ConfigDescriptors.c ****         {
  45:/opt/XMClib/XMC_Peripheral_Library_v2.1.16/ThirdPartyLibraries/USBlib/USB/Core/ConfigDescriptors.c ****             .bmRequestType = (REQDIR_DEVICETOHOST | REQTYPE_STANDARD | REQREC_DEVICE),
  46:/opt/XMClib/XMC_Peripheral_Library_v2.1.16/ThirdPartyLibraries/USBlib/USB/Core/ConfigDescriptors.c ****             .bRequest      = REQ_GetDescriptor,
  47:/opt/XMClib/XMC_Peripheral_Library_v2.1.16/ThirdPartyLibraries/USBlib/USB/Core/ConfigDescriptors.c ****             .wValue        = ((DTYPE_Configuration << 8) | (ConfigNumber - 1)),
  48:/opt/XMClib/XMC_Peripheral_Library_v2.1.16/ThirdPartyLibraries/USBlib/USB/Core/ConfigDescriptors.c ****             .wIndex        = 0,
  49:/opt/XMClib/XMC_Peripheral_Library_v2.1.16/ThirdPartyLibraries/USBlib/USB/Core/ConfigDescriptors.c ****             .wLength       = sizeof(USB_Descriptor_Configuration_Header_t),
  50:/opt/XMClib/XMC_Peripheral_Library_v2.1.16/ThirdPartyLibraries/USBlib/USB/Core/ConfigDescriptors.c ****         };
  51:/opt/XMClib/XMC_Peripheral_Library_v2.1.16/ThirdPartyLibraries/USBlib/USB/Core/ConfigDescriptors.c **** 
  52:/opt/XMClib/XMC_Peripheral_Library_v2.1.16/ThirdPartyLibraries/USBlib/USB/Core/ConfigDescriptors.c ****     Pipe_SelectPipe(PIPE_CONTROLPIPE);
  53:/opt/XMClib/XMC_Peripheral_Library_v2.1.16/ThirdPartyLibraries/USBlib/USB/Core/ConfigDescriptors.c **** 
  54:/opt/XMClib/XMC_Peripheral_Library_v2.1.16/ThirdPartyLibraries/USBlib/USB/Core/ConfigDescriptors.c ****     if ((ErrorCode = USB_Host_SendControlRequest(ConfigHeader)) != HOST_SENDCONTROL_Successful)
  55:/opt/XMClib/XMC_Peripheral_Library_v2.1.16/ThirdPartyLibraries/USBlib/USB/Core/ConfigDescriptors.c ****       return ErrorCode;
  56:/opt/XMClib/XMC_Peripheral_Library_v2.1.16/ThirdPartyLibraries/USBlib/USB/Core/ConfigDescriptors.c **** 
  57:/opt/XMClib/XMC_Peripheral_Library_v2.1.16/ThirdPartyLibraries/USBlib/USB/Core/ConfigDescriptors.c ****     *ConfigSizePtr = le16_to_cpu(DESCRIPTOR_PCAST(ConfigHeader, USB_Descriptor_Configuration_Header
  58:/opt/XMClib/XMC_Peripheral_Library_v2.1.16/ThirdPartyLibraries/USBlib/USB/Core/ConfigDescriptors.c **** 
  59:/opt/XMClib/XMC_Peripheral_Library_v2.1.16/ThirdPartyLibraries/USBlib/USB/Core/ConfigDescriptors.c ****     if (*ConfigSizePtr > BufferSize)
  60:/opt/XMClib/XMC_Peripheral_Library_v2.1.16/ThirdPartyLibraries/USBlib/USB/Core/ConfigDescriptors.c ****       return HOST_GETCONFIG_BuffOverflow;
  61:/opt/XMClib/XMC_Peripheral_Library_v2.1.16/ThirdPartyLibraries/USBlib/USB/Core/ConfigDescriptors.c **** 
  62:/opt/XMClib/XMC_Peripheral_Library_v2.1.16/ThirdPartyLibraries/USBlib/USB/Core/ConfigDescriptors.c ****     USB_ControlRequest.wLength = *ConfigSizePtr;
  63:/opt/XMClib/XMC_Peripheral_Library_v2.1.16/ThirdPartyLibraries/USBlib/USB/Core/ConfigDescriptors.c **** 
  64:/opt/XMClib/XMC_Peripheral_Library_v2.1.16/ThirdPartyLibraries/USBlib/USB/Core/ConfigDescriptors.c ****     if ((ErrorCode = USB_Host_SendControlRequest(BufferPtr)) != HOST_SENDCONTROL_Successful)
  65:/opt/XMClib/XMC_Peripheral_Library_v2.1.16/ThirdPartyLibraries/USBlib/USB/Core/ConfigDescriptors.c ****       return ErrorCode;
  66:/opt/XMClib/XMC_Peripheral_Library_v2.1.16/ThirdPartyLibraries/USBlib/USB/Core/ConfigDescriptors.c **** 
  67:/opt/XMClib/XMC_Peripheral_Library_v2.1.16/ThirdPartyLibraries/USBlib/USB/Core/ConfigDescriptors.c ****     if (DESCRIPTOR_TYPE(BufferPtr) != DTYPE_Configuration)
  68:/opt/XMClib/XMC_Peripheral_Library_v2.1.16/ThirdPartyLibraries/USBlib/USB/Core/ConfigDescriptors.c ****       return HOST_GETCONFIG_InvalidData;
  69:/opt/XMClib/XMC_Peripheral_Library_v2.1.16/ThirdPartyLibraries/USBlib/USB/Core/ConfigDescriptors.c **** 
  70:/opt/XMClib/XMC_Peripheral_Library_v2.1.16/ThirdPartyLibraries/USBlib/USB/Core/ConfigDescriptors.c ****     return HOST_GETCONFIG_Successful;
  71:/opt/XMClib/XMC_Peripheral_Library_v2.1.16/ThirdPartyLibraries/USBlib/USB/Core/ConfigDescriptors.c **** }
  72:/opt/XMClib/XMC_Peripheral_Library_v2.1.16/ThirdPartyLibraries/USBlib/USB/Core/ConfigDescriptors.c **** #endif
  73:/opt/XMClib/XMC_Peripheral_Library_v2.1.16/ThirdPartyLibraries/USBlib/USB/Core/ConfigDescriptors.c **** 
  74:/opt/XMClib/XMC_Peripheral_Library_v2.1.16/ThirdPartyLibraries/USBlib/USB/Core/ConfigDescriptors.c **** void USB_GetNextDescriptorOfType(uint16_t* const BytesRem,
  75:/opt/XMClib/XMC_Peripheral_Library_v2.1.16/ThirdPartyLibraries/USBlib/USB/Core/ConfigDescriptors.c ****                                  void** const CurrConfigLoc,
  76:/opt/XMClib/XMC_Peripheral_Library_v2.1.16/ThirdPartyLibraries/USBlib/USB/Core/ConfigDescriptors.c ****                                  const uint8_t Type)
  77:/opt/XMClib/XMC_Peripheral_Library_v2.1.16/ThirdPartyLibraries/USBlib/USB/Core/ConfigDescriptors.c **** {
 112              		.loc 1 77 1
 113              		.cfi_startproc
 114              		@ args = 0, pretend = 0, frame = 16
 115              		@ frame_needed = 1, uses_anonymous_args = 0
 116 0000 80B5     		push	{r7, lr}
 117              	.LCFI6:
 118              		.cfi_def_cfa_offset 8
 119              		.cfi_offset 7, -8
 120              		.cfi_offset 14, -4
 121 0002 84B0     		sub	sp, sp, #16
 122              	.LCFI7:
 123              		.cfi_def_cfa_offset 24
 124 0004 00AF     		add	r7, sp, #0
 125              	.LCFI8:
 126              		.cfi_def_cfa_register 7
 127 0006 F860     		str	r0, [r7, #12]
 128 0008 B960     		str	r1, [r7, #8]
 129 000a 1346     		mov	r3, r2
 130 000c FB71     		strb	r3, [r7, #7]
  78:/opt/XMClib/XMC_Peripheral_Library_v2.1.16/ThirdPartyLibraries/USBlib/USB/Core/ConfigDescriptors.c ****     while (*BytesRem)
 131              		.loc 1 78 11
 132 000e 09E0     		b	.L4
 133              	.L6:
  79:/opt/XMClib/XMC_Peripheral_Library_v2.1.16/ThirdPartyLibraries/USBlib/USB/Core/ConfigDescriptors.c ****     {
  80:/opt/XMClib/XMC_Peripheral_Library_v2.1.16/ThirdPartyLibraries/USBlib/USB/Core/ConfigDescriptors.c ****         USB_GetNextDescriptor(BytesRem, CurrConfigLoc);
 134              		.loc 1 80 9
 135 0010 B968     		ldr	r1, [r7, #8]
 136 0012 F868     		ldr	r0, [r7, #12]
 137 0014 FFF7FEFF 		bl	USB_GetNextDescriptor
  81:/opt/XMClib/XMC_Peripheral_Library_v2.1.16/ThirdPartyLibraries/USBlib/USB/Core/ConfigDescriptors.c **** 
  82:/opt/XMClib/XMC_Peripheral_Library_v2.1.16/ThirdPartyLibraries/USBlib/USB/Core/ConfigDescriptors.c ****         if (DESCRIPTOR_TYPE(*CurrConfigLoc) == Type)
 138              		.loc 1 82 13
 139 0018 BB68     		ldr	r3, [r7, #8]
 140 001a 1B68     		ldr	r3, [r3]
 141 001c 5B78     		ldrb	r3, [r3, #1]	@ zero_extendqisi2
 142              		.loc 1 82 12
 143 001e FA79     		ldrb	r2, [r7, #7]	@ zero_extendqisi2
 144 0020 9A42     		cmp	r2, r3
 145 0022 04D0     		beq	.L7
 146              	.L4:
  78:/opt/XMClib/XMC_Peripheral_Library_v2.1.16/ThirdPartyLibraries/USBlib/USB/Core/ConfigDescriptors.c ****     {
 147              		.loc 1 78 12
 148 0024 FB68     		ldr	r3, [r7, #12]
 149 0026 1B88     		ldrh	r3, [r3]
 150 0028 002B     		cmp	r3, #0
 151 002a F1D1     		bne	.L6
 152 002c 00E0     		b	.L3
 153              	.L7:
  83:/opt/XMClib/XMC_Peripheral_Library_v2.1.16/ThirdPartyLibraries/USBlib/USB/Core/ConfigDescriptors.c ****           return;
 154              		.loc 1 83 11
 155 002e 00BF     		nop
 156              	.L3:
  84:/opt/XMClib/XMC_Peripheral_Library_v2.1.16/ThirdPartyLibraries/USBlib/USB/Core/ConfigDescriptors.c ****     }
  85:/opt/XMClib/XMC_Peripheral_Library_v2.1.16/ThirdPartyLibraries/USBlib/USB/Core/ConfigDescriptors.c **** }
 157              		.loc 1 85 1
 158 0030 1037     		adds	r7, r7, #16
 159              	.LCFI9:
 160              		.cfi_def_cfa_offset 8
 161 0032 BD46     		mov	sp, r7
 162              	.LCFI10:
 163              		.cfi_def_cfa_register 13
 164              		@ sp needed
 165 0034 80BD     		pop	{r7, pc}
 166              		.cfi_endproc
 167              	.LFE133:
 169              		.section	.text.USB_GetNextDescriptorOfTypeBefore,"ax",%progbits
 170              		.align	1
 171              		.global	USB_GetNextDescriptorOfTypeBefore
 172              		.syntax unified
 173              		.thumb
 174              		.thumb_func
 176              	USB_GetNextDescriptorOfTypeBefore:
 177              	.LFB134:
  86:/opt/XMClib/XMC_Peripheral_Library_v2.1.16/ThirdPartyLibraries/USBlib/USB/Core/ConfigDescriptors.c **** 
  87:/opt/XMClib/XMC_Peripheral_Library_v2.1.16/ThirdPartyLibraries/USBlib/USB/Core/ConfigDescriptors.c **** void USB_GetNextDescriptorOfTypeBefore(uint16_t* const BytesRem,
  88:/opt/XMClib/XMC_Peripheral_Library_v2.1.16/ThirdPartyLibraries/USBlib/USB/Core/ConfigDescriptors.c ****                                        void** const CurrConfigLoc,
  89:/opt/XMClib/XMC_Peripheral_Library_v2.1.16/ThirdPartyLibraries/USBlib/USB/Core/ConfigDescriptors.c ****                                        const uint8_t Type,
  90:/opt/XMClib/XMC_Peripheral_Library_v2.1.16/ThirdPartyLibraries/USBlib/USB/Core/ConfigDescriptors.c ****                                        const uint8_t BeforeType)
  91:/opt/XMClib/XMC_Peripheral_Library_v2.1.16/ThirdPartyLibraries/USBlib/USB/Core/ConfigDescriptors.c **** {
 178              		.loc 1 91 1
 179              		.cfi_startproc
 180              		@ args = 0, pretend = 0, frame = 16
 181              		@ frame_needed = 1, uses_anonymous_args = 0
 182 0000 80B5     		push	{r7, lr}
 183              	.LCFI11:
 184              		.cfi_def_cfa_offset 8
 185              		.cfi_offset 7, -8
 186              		.cfi_offset 14, -4
 187 0002 84B0     		sub	sp, sp, #16
 188              	.LCFI12:
 189              		.cfi_def_cfa_offset 24
 190 0004 00AF     		add	r7, sp, #0
 191              	.LCFI13:
 192              		.cfi_def_cfa_register 7
 193 0006 F860     		str	r0, [r7, #12]
 194 0008 B960     		str	r1, [r7, #8]
 195 000a 1146     		mov	r1, r2
 196 000c 1A46     		mov	r2, r3
 197 000e 0B46     		mov	r3, r1
 198 0010 FB71     		strb	r3, [r7, #7]
 199 0012 1346     		mov	r3, r2
 200 0014 BB71     		strb	r3, [r7, #6]
  92:/opt/XMClib/XMC_Peripheral_Library_v2.1.16/ThirdPartyLibraries/USBlib/USB/Core/ConfigDescriptors.c ****     while (*BytesRem)
 201              		.loc 1 92 11
 202 0016 13E0     		b	.L9
 203              	.L12:
  93:/opt/XMClib/XMC_Peripheral_Library_v2.1.16/ThirdPartyLibraries/USBlib/USB/Core/ConfigDescriptors.c ****     {
  94:/opt/XMClib/XMC_Peripheral_Library_v2.1.16/ThirdPartyLibraries/USBlib/USB/Core/ConfigDescriptors.c ****         USB_GetNextDescriptor(BytesRem, CurrConfigLoc);
 204              		.loc 1 94 9
 205 0018 B968     		ldr	r1, [r7, #8]
 206 001a F868     		ldr	r0, [r7, #12]
 207 001c FFF7FEFF 		bl	USB_GetNextDescriptor
  95:/opt/XMClib/XMC_Peripheral_Library_v2.1.16/ThirdPartyLibraries/USBlib/USB/Core/ConfigDescriptors.c **** 
  96:/opt/XMClib/XMC_Peripheral_Library_v2.1.16/ThirdPartyLibraries/USBlib/USB/Core/ConfigDescriptors.c ****         if (DESCRIPTOR_TYPE(*CurrConfigLoc) == Type)
 208              		.loc 1 96 13
 209 0020 BB68     		ldr	r3, [r7, #8]
 210 0022 1B68     		ldr	r3, [r3]
 211 0024 5B78     		ldrb	r3, [r3, #1]	@ zero_extendqisi2
 212              		.loc 1 96 12
 213 0026 FA79     		ldrb	r2, [r7, #7]	@ zero_extendqisi2
 214 0028 9A42     		cmp	r2, r3
 215 002a 0ED0     		beq	.L13
  97:/opt/XMClib/XMC_Peripheral_Library_v2.1.16/ThirdPartyLibraries/USBlib/USB/Core/ConfigDescriptors.c ****         {
  98:/opt/XMClib/XMC_Peripheral_Library_v2.1.16/ThirdPartyLibraries/USBlib/USB/Core/ConfigDescriptors.c ****             return;
  99:/opt/XMClib/XMC_Peripheral_Library_v2.1.16/ThirdPartyLibraries/USBlib/USB/Core/ConfigDescriptors.c ****         }
 100:/opt/XMClib/XMC_Peripheral_Library_v2.1.16/ThirdPartyLibraries/USBlib/USB/Core/ConfigDescriptors.c ****         else if (DESCRIPTOR_TYPE(*CurrConfigLoc) == BeforeType)
 216              		.loc 1 100 18
 217 002c BB68     		ldr	r3, [r7, #8]
 218 002e 1B68     		ldr	r3, [r3]
 219 0030 5B78     		ldrb	r3, [r3, #1]	@ zero_extendqisi2
 220              		.loc 1 100 17
 221 0032 BA79     		ldrb	r2, [r7, #6]	@ zero_extendqisi2
 222 0034 9A42     		cmp	r2, r3
 223 0036 03D1     		bne	.L9
 101:/opt/XMClib/XMC_Peripheral_Library_v2.1.16/ThirdPartyLibraries/USBlib/USB/Core/ConfigDescriptors.c ****         {
 102:/opt/XMClib/XMC_Peripheral_Library_v2.1.16/ThirdPartyLibraries/USBlib/USB/Core/ConfigDescriptors.c ****             *BytesRem = 0;
 224              		.loc 1 102 23
 225 0038 FB68     		ldr	r3, [r7, #12]
 226 003a 0022     		movs	r2, #0
 227 003c 1A80     		strh	r2, [r3]	@ movhi
 103:/opt/XMClib/XMC_Peripheral_Library_v2.1.16/ThirdPartyLibraries/USBlib/USB/Core/ConfigDescriptors.c ****             return;
 228              		.loc 1 103 13
 229 003e 05E0     		b	.L8
 230              	.L9:
  92:/opt/XMClib/XMC_Peripheral_Library_v2.1.16/ThirdPartyLibraries/USBlib/USB/Core/ConfigDescriptors.c ****     {
 231              		.loc 1 92 12
 232 0040 FB68     		ldr	r3, [r7, #12]
 233 0042 1B88     		ldrh	r3, [r3]
 234 0044 002B     		cmp	r3, #0
 235 0046 E7D1     		bne	.L12
 236 0048 00E0     		b	.L8
 237              	.L13:
  98:/opt/XMClib/XMC_Peripheral_Library_v2.1.16/ThirdPartyLibraries/USBlib/USB/Core/ConfigDescriptors.c ****         }
 238              		.loc 1 98 13
 239 004a 00BF     		nop
 240              	.L8:
 104:/opt/XMClib/XMC_Peripheral_Library_v2.1.16/ThirdPartyLibraries/USBlib/USB/Core/ConfigDescriptors.c ****         }
 105:/opt/XMClib/XMC_Peripheral_Library_v2.1.16/ThirdPartyLibraries/USBlib/USB/Core/ConfigDescriptors.c ****     }
 106:/opt/XMClib/XMC_Peripheral_Library_v2.1.16/ThirdPartyLibraries/USBlib/USB/Core/ConfigDescriptors.c **** }
 241              		.loc 1 106 1
 242 004c 1037     		adds	r7, r7, #16
 243              	.LCFI14:
 244              		.cfi_def_cfa_offset 8
 245 004e BD46     		mov	sp, r7
 246              	.LCFI15:
 247              		.cfi_def_cfa_register 13
 248              		@ sp needed
 249 0050 80BD     		pop	{r7, pc}
 250              		.cfi_endproc
 251              	.LFE134:
 253              		.section	.text.USB_GetNextDescriptorOfTypeAfter,"ax",%progbits
 254              		.align	1
 255              		.global	USB_GetNextDescriptorOfTypeAfter
 256              		.syntax unified
 257              		.thumb
 258              		.thumb_func
 260              	USB_GetNextDescriptorOfTypeAfter:
 261              	.LFB135:
 107:/opt/XMClib/XMC_Peripheral_Library_v2.1.16/ThirdPartyLibraries/USBlib/USB/Core/ConfigDescriptors.c **** 
 108:/opt/XMClib/XMC_Peripheral_Library_v2.1.16/ThirdPartyLibraries/USBlib/USB/Core/ConfigDescriptors.c **** void USB_GetNextDescriptorOfTypeAfter(uint16_t* const BytesRem,
 109:/opt/XMClib/XMC_Peripheral_Library_v2.1.16/ThirdPartyLibraries/USBlib/USB/Core/ConfigDescriptors.c ****                                       void** const CurrConfigLoc,
 110:/opt/XMClib/XMC_Peripheral_Library_v2.1.16/ThirdPartyLibraries/USBlib/USB/Core/ConfigDescriptors.c ****                                       const uint8_t Type,
 111:/opt/XMClib/XMC_Peripheral_Library_v2.1.16/ThirdPartyLibraries/USBlib/USB/Core/ConfigDescriptors.c ****                                       const uint8_t AfterType)
 112:/opt/XMClib/XMC_Peripheral_Library_v2.1.16/ThirdPartyLibraries/USBlib/USB/Core/ConfigDescriptors.c **** {
 262              		.loc 1 112 1
 263              		.cfi_startproc
 264              		@ args = 0, pretend = 0, frame = 16
 265              		@ frame_needed = 1, uses_anonymous_args = 0
 266 0000 80B5     		push	{r7, lr}
 267              	.LCFI16:
 268              		.cfi_def_cfa_offset 8
 269              		.cfi_offset 7, -8
 270              		.cfi_offset 14, -4
 271 0002 84B0     		sub	sp, sp, #16
 272              	.LCFI17:
 273              		.cfi_def_cfa_offset 24
 274 0004 00AF     		add	r7, sp, #0
 275              	.LCFI18:
 276              		.cfi_def_cfa_register 7
 277 0006 F860     		str	r0, [r7, #12]
 278 0008 B960     		str	r1, [r7, #8]
 279 000a 1146     		mov	r1, r2
 280 000c 1A46     		mov	r2, r3
 281 000e 0B46     		mov	r3, r1
 282 0010 FB71     		strb	r3, [r7, #7]
 283 0012 1346     		mov	r3, r2
 284 0014 BB71     		strb	r3, [r7, #6]
 113:/opt/XMClib/XMC_Peripheral_Library_v2.1.16/ThirdPartyLibraries/USBlib/USB/Core/ConfigDescriptors.c ****     USB_GetNextDescriptorOfType(BytesRem, CurrConfigLoc, AfterType);
 285              		.loc 1 113 5
 286 0016 BB79     		ldrb	r3, [r7, #6]	@ zero_extendqisi2
 287 0018 1A46     		mov	r2, r3
 288 001a B968     		ldr	r1, [r7, #8]
 289 001c F868     		ldr	r0, [r7, #12]
 290 001e FFF7FEFF 		bl	USB_GetNextDescriptorOfType
 114:/opt/XMClib/XMC_Peripheral_Library_v2.1.16/ThirdPartyLibraries/USBlib/USB/Core/ConfigDescriptors.c **** 
 115:/opt/XMClib/XMC_Peripheral_Library_v2.1.16/ThirdPartyLibraries/USBlib/USB/Core/ConfigDescriptors.c ****     if (*BytesRem)
 291              		.loc 1 115 9
 292 0022 FB68     		ldr	r3, [r7, #12]
 293 0024 1B88     		ldrh	r3, [r3]
 294              		.loc 1 115 8
 295 0026 002B     		cmp	r3, #0
 296 0028 05D0     		beq	.L16
 116:/opt/XMClib/XMC_Peripheral_Library_v2.1.16/ThirdPartyLibraries/USBlib/USB/Core/ConfigDescriptors.c ****       USB_GetNextDescriptorOfType(BytesRem, CurrConfigLoc, Type);
 297              		.loc 1 116 7
 298 002a FB79     		ldrb	r3, [r7, #7]	@ zero_extendqisi2
 299 002c 1A46     		mov	r2, r3
 300 002e B968     		ldr	r1, [r7, #8]
 301 0030 F868     		ldr	r0, [r7, #12]
 302 0032 FFF7FEFF 		bl	USB_GetNextDescriptorOfType
 303              	.L16:
 117:/opt/XMClib/XMC_Peripheral_Library_v2.1.16/ThirdPartyLibraries/USBlib/USB/Core/ConfigDescriptors.c **** }
 304              		.loc 1 117 1
 305 0036 00BF     		nop
 306 0038 1037     		adds	r7, r7, #16
 307              	.LCFI19:
 308              		.cfi_def_cfa_offset 8
 309 003a BD46     		mov	sp, r7
 310              	.LCFI20:
 311              		.cfi_def_cfa_register 13
 312              		@ sp needed
 313 003c 80BD     		pop	{r7, pc}
 314              		.cfi_endproc
 315              	.LFE135:
 317              		.section	.text.USB_GetNextDescriptorComp,"ax",%progbits
 318              		.align	1
 319              		.global	USB_GetNextDescriptorComp
 320              		.syntax unified
 321              		.thumb
 322              		.thumb_func
 324              	USB_GetNextDescriptorComp:
 325              	.LFB136:
 118:/opt/XMClib/XMC_Peripheral_Library_v2.1.16/ThirdPartyLibraries/USBlib/USB/Core/ConfigDescriptors.c **** 
 119:/opt/XMClib/XMC_Peripheral_Library_v2.1.16/ThirdPartyLibraries/USBlib/USB/Core/ConfigDescriptors.c **** uint8_t USB_GetNextDescriptorComp(uint16_t* const BytesRem,
 120:/opt/XMClib/XMC_Peripheral_Library_v2.1.16/ThirdPartyLibraries/USBlib/USB/Core/ConfigDescriptors.c ****                                   void** const CurrConfigLoc,
 121:/opt/XMClib/XMC_Peripheral_Library_v2.1.16/ThirdPartyLibraries/USBlib/USB/Core/ConfigDescriptors.c ****                                   ConfigComparatorPtr_t const ComparatorRoutine)
 122:/opt/XMClib/XMC_Peripheral_Library_v2.1.16/ThirdPartyLibraries/USBlib/USB/Core/ConfigDescriptors.c **** {
 326              		.loc 1 122 1
 327              		.cfi_startproc
 328              		@ args = 0, pretend = 0, frame = 24
 329              		@ frame_needed = 1, uses_anonymous_args = 0
 330 0000 80B5     		push	{r7, lr}
 331              	.LCFI21:
 332              		.cfi_def_cfa_offset 8
 333              		.cfi_offset 7, -8
 334              		.cfi_offset 14, -4
 335 0002 86B0     		sub	sp, sp, #24
 336              	.LCFI22:
 337              		.cfi_def_cfa_offset 32
 338 0004 00AF     		add	r7, sp, #0
 339              	.LCFI23:
 340              		.cfi_def_cfa_register 7
 341 0006 F860     		str	r0, [r7, #12]
 342 0008 B960     		str	r1, [r7, #8]
 343 000a 7A60     		str	r2, [r7, #4]
 123:/opt/XMClib/XMC_Peripheral_Library_v2.1.16/ThirdPartyLibraries/USBlib/USB/Core/ConfigDescriptors.c ****     uint8_t ErrorCode;
 124:/opt/XMClib/XMC_Peripheral_Library_v2.1.16/ThirdPartyLibraries/USBlib/USB/Core/ConfigDescriptors.c **** 
 125:/opt/XMClib/XMC_Peripheral_Library_v2.1.16/ThirdPartyLibraries/USBlib/USB/Core/ConfigDescriptors.c ****     while (*BytesRem)
 344              		.loc 1 125 11
 345 000c 1EE0     		b	.L18
 346              	.L21:
 347              	.LBB2:
 126:/opt/XMClib/XMC_Peripheral_Library_v2.1.16/ThirdPartyLibraries/USBlib/USB/Core/ConfigDescriptors.c ****     {
 127:/opt/XMClib/XMC_Peripheral_Library_v2.1.16/ThirdPartyLibraries/USBlib/USB/Core/ConfigDescriptors.c ****         uint8_t* PrevDescLoc  = *CurrConfigLoc;
 348              		.loc 1 127 18
 349 000e BB68     		ldr	r3, [r7, #8]
 350 0010 1B68     		ldr	r3, [r3]
 351 0012 7B61     		str	r3, [r7, #20]
 128:/opt/XMClib/XMC_Peripheral_Library_v2.1.16/ThirdPartyLibraries/USBlib/USB/Core/ConfigDescriptors.c ****         uint16_t PrevBytesRem = *BytesRem;
 352              		.loc 1 128 18
 353 0014 FB68     		ldr	r3, [r7, #12]
 354 0016 1B88     		ldrh	r3, [r3]	@ movhi
 355 0018 7B82     		strh	r3, [r7, #18]	@ movhi
 129:/opt/XMClib/XMC_Peripheral_Library_v2.1.16/ThirdPartyLibraries/USBlib/USB/Core/ConfigDescriptors.c **** 
 130:/opt/XMClib/XMC_Peripheral_Library_v2.1.16/ThirdPartyLibraries/USBlib/USB/Core/ConfigDescriptors.c ****         USB_GetNextDescriptor(BytesRem, CurrConfigLoc);
 356              		.loc 1 130 9
 357 001a B968     		ldr	r1, [r7, #8]
 358 001c F868     		ldr	r0, [r7, #12]
 359 001e FFF7FEFF 		bl	USB_GetNextDescriptor
 131:/opt/XMClib/XMC_Peripheral_Library_v2.1.16/ThirdPartyLibraries/USBlib/USB/Core/ConfigDescriptors.c **** 
 132:/opt/XMClib/XMC_Peripheral_Library_v2.1.16/ThirdPartyLibraries/USBlib/USB/Core/ConfigDescriptors.c ****         if ((ErrorCode = ComparatorRoutine(*CurrConfigLoc)) != DESCRIPTOR_SEARCH_NotFound)
 360              		.loc 1 132 26
 361 0022 BB68     		ldr	r3, [r7, #8]
 362 0024 1A68     		ldr	r2, [r3]
 363 0026 7B68     		ldr	r3, [r7, #4]
 364 0028 1046     		mov	r0, r2
 365 002a 9847     		blx	r3
 366              	.LVL0:
 367 002c 0346     		mov	r3, r0
 368 002e 7B74     		strb	r3, [r7, #17]
 369              		.loc 1 132 12 discriminator 1
 370 0030 7B7C     		ldrb	r3, [r7, #17]	@ zero_extendqisi2
 371 0032 022B     		cmp	r3, #2
 372 0034 0AD0     		beq	.L18
 133:/opt/XMClib/XMC_Peripheral_Library_v2.1.16/ThirdPartyLibraries/USBlib/USB/Core/ConfigDescriptors.c ****         {
 134:/opt/XMClib/XMC_Peripheral_Library_v2.1.16/ThirdPartyLibraries/USBlib/USB/Core/ConfigDescriptors.c ****             if (ErrorCode == DESCRIPTOR_SEARCH_Fail)
 373              		.loc 1 134 16
 374 0036 7B7C     		ldrb	r3, [r7, #17]	@ zero_extendqisi2
 375 0038 012B     		cmp	r3, #1
 376 003a 05D1     		bne	.L19
 135:/opt/XMClib/XMC_Peripheral_Library_v2.1.16/ThirdPartyLibraries/USBlib/USB/Core/ConfigDescriptors.c ****             {
 136:/opt/XMClib/XMC_Peripheral_Library_v2.1.16/ThirdPartyLibraries/USBlib/USB/Core/ConfigDescriptors.c ****                 *CurrConfigLoc = PrevDescLoc;
 377              		.loc 1 136 32
 378 003c BB68     		ldr	r3, [r7, #8]
 379 003e 7A69     		ldr	r2, [r7, #20]
 380 0040 1A60     		str	r2, [r3]
 137:/opt/XMClib/XMC_Peripheral_Library_v2.1.16/ThirdPartyLibraries/USBlib/USB/Core/ConfigDescriptors.c ****                 *BytesRem      = PrevBytesRem;
 381              		.loc 1 137 32
 382 0042 FB68     		ldr	r3, [r7, #12]
 383 0044 7A8A     		ldrh	r2, [r7, #18]	@ movhi
 384 0046 1A80     		strh	r2, [r3]	@ movhi
 385              	.L19:
 138:/opt/XMClib/XMC_Peripheral_Library_v2.1.16/ThirdPartyLibraries/USBlib/USB/Core/ConfigDescriptors.c ****             }
 139:/opt/XMClib/XMC_Peripheral_Library_v2.1.16/ThirdPartyLibraries/USBlib/USB/Core/ConfigDescriptors.c **** 
 140:/opt/XMClib/XMC_Peripheral_Library_v2.1.16/ThirdPartyLibraries/USBlib/USB/Core/ConfigDescriptors.c ****             return ErrorCode;
 386              		.loc 1 140 20
 387 0048 7B7C     		ldrb	r3, [r7, #17]	@ zero_extendqisi2
 388 004a 04E0     		b	.L20
 389              	.L18:
 390              	.LBE2:
 125:/opt/XMClib/XMC_Peripheral_Library_v2.1.16/ThirdPartyLibraries/USBlib/USB/Core/ConfigDescriptors.c ****     {
 391              		.loc 1 125 12
 392 004c FB68     		ldr	r3, [r7, #12]
 393 004e 1B88     		ldrh	r3, [r3]
 394 0050 002B     		cmp	r3, #0
 395 0052 DCD1     		bne	.L21
 141:/opt/XMClib/XMC_Peripheral_Library_v2.1.16/ThirdPartyLibraries/USBlib/USB/Core/ConfigDescriptors.c ****         }
 142:/opt/XMClib/XMC_Peripheral_Library_v2.1.16/ThirdPartyLibraries/USBlib/USB/Core/ConfigDescriptors.c ****     }
 143:/opt/XMClib/XMC_Peripheral_Library_v2.1.16/ThirdPartyLibraries/USBlib/USB/Core/ConfigDescriptors.c **** 
 144:/opt/XMClib/XMC_Peripheral_Library_v2.1.16/ThirdPartyLibraries/USBlib/USB/Core/ConfigDescriptors.c ****     return DESCRIPTOR_SEARCH_COMP_EndOfDescriptor;
 396              		.loc 1 144 12
 397 0054 0223     		movs	r3, #2
 398              	.L20:
 145:/opt/XMClib/XMC_Peripheral_Library_v2.1.16/ThirdPartyLibraries/USBlib/USB/Core/ConfigDescriptors.c **** }
 399              		.loc 1 145 1
 400 0056 1846     		mov	r0, r3
 401 0058 1837     		adds	r7, r7, #24
 402              	.LCFI24:
 403              		.cfi_def_cfa_offset 8
 404 005a BD46     		mov	sp, r7
 405              	.LCFI25:
 406              		.cfi_def_cfa_register 13
 407              		@ sp needed
 408 005c 80BD     		pop	{r7, pc}
 409              		.cfi_endproc
 410              	.LFE136:
 412              		.text
 413              	.Letext0:
 414              		.file 3 "/Applications/ArmGNUToolchain/14.2.rel1/arm-none-eabi/arm-none-eabi/include/machine/_defa
 415              		.file 4 "/Applications/ArmGNUToolchain/14.2.rel1/arm-none-eabi/arm-none-eabi/include/sys/_stdint.h
 416              		.file 5 "/opt/XMClib/XMC_Peripheral_Library_v2.1.16/ThirdPartyLibraries/USBlib/USB/Core/StdDescrip
DEFINED SYMBOLS
                            *ABS*:00000000 ConfigDescriptors.c
/var/folders/2l/6fxgnc996gd1v1jf5fy_8j5r0000gn/T//ccAXR11V.s:20     .text.USB_GetNextDescriptor:00000000 $t
/var/folders/2l/6fxgnc996gd1v1jf5fy_8j5r0000gn/T//ccAXR11V.s:25     .text.USB_GetNextDescriptor:00000000 USB_GetNextDescriptor
/var/folders/2l/6fxgnc996gd1v1jf5fy_8j5r0000gn/T//ccAXR11V.s:104    .text.USB_GetNextDescriptorOfType:00000000 $t
/var/folders/2l/6fxgnc996gd1v1jf5fy_8j5r0000gn/T//ccAXR11V.s:110    .text.USB_GetNextDescriptorOfType:00000000 USB_GetNextDescriptorOfType
/var/folders/2l/6fxgnc996gd1v1jf5fy_8j5r0000gn/T//ccAXR11V.s:170    .text.USB_GetNextDescriptorOfTypeBefore:00000000 $t
/var/folders/2l/6fxgnc996gd1v1jf5fy_8j5r0000gn/T//ccAXR11V.s:176    .text.USB_GetNextDescriptorOfTypeBefore:00000000 USB_GetNextDescriptorOfTypeBefore
/var/folders/2l/6fxgnc996gd1v1jf5fy_8j5r0000gn/T//ccAXR11V.s:254    .text.USB_GetNextDescriptorOfTypeAfter:00000000 $t
/var/folders/2l/6fxgnc996gd1v1jf5fy_8j5r0000gn/T//ccAXR11V.s:260    .text.USB_GetNextDescriptorOfTypeAfter:00000000 USB_GetNextDescriptorOfTypeAfter
/var/folders/2l/6fxgnc996gd1v1jf5fy_8j5r0000gn/T//ccAXR11V.s:318    .text.USB_GetNextDescriptorComp:00000000 $t
/var/folders/2l/6fxgnc996gd1v1jf5fy_8j5r0000gn/T//ccAXR11V.s:324    .text.USB_GetNextDescriptorComp:00000000 USB_GetNextDescriptorComp
                           .group:00000000 wm4.0.241ce140b5afdc8837fba2b44cc07f6b
                           .group:00000000 wm4.Common.h.60.c2f00e237f5994003db83c2422602b22
                           .group:00000000 wm4._newlib_version.h.4.411db44ea2338a62eca2f0777f81481b
                           .group:00000000 wm4.features.h.33.00009458517f941082eec7afb4810922
                           .group:00000000 wm4._default_types.h.15.247e5cd201eca3442cbf5404108c4935
                           .group:00000000 wm4._intsup.h.10.48bafbb683905c4daa4565a85aeeb264
                           .group:00000000 wm4._stdint.h.10.c24fa3af3bc1706662bb5593a907e841
                           .group:00000000 wm4.stdint.h.23.d53047a68f4a85177f80b422d52785ed
                           .group:00000000 wm4.stdbool.h.29.c08aa3eec75cf5b9b5003883f43253f0
                           .group:00000000 wm4.newlib.h.7.591ac1bd65c1f5b34864757667a05252
                           .group:00000000 wm4.ieeefp.h.77.61a77db5804869b1dadd307a77cf78c9
                           .group:00000000 wm4.config.h.224.10ee1ad185d877c6e334e6581faab44d
                           .group:00000000 wm4._ansi.h.31.de524f58584151836e90d8620a16f8e8
                           .group:00000000 wm4.stddef.h.39.38eb7ec030421799c657b13be5aa21c7
                           .group:00000000 wm4.cdefs.h.49.bafb023044e47a1dcdd854e4d6521f7d
                           .group:00000000 wm4._types.h.20.dd0d04dca3800a0d2a6129b87f3adbb2
                           .group:00000000 wm4.stddef.h.158.6f8e08a347b1cff664332fa350bfceb3
                           .group:00000000 wm4._types.h.127.3bdfe3ff8ea2d0985b03d9cbe93480e3
                           .group:00000000 wm4.reent.h.18.25503cdc8b7e55dd0d6ea7b3e5af7a03
                           .group:00000000 wm4.lock.h.2.1461d1fff82dffe8bfddc23307f6484f
                           .group:00000000 wm4.reent.h.78.6b87466b04591b1f1cb88c14fdf2ba9e
                           .group:00000000 wm4.string.h.15.dab3980bf35408a4c507182805e2de3a
                           .group:00000000 wm4.stddef.h.158.eec8bf00b5213f43d095cb984c5f22e3
                           .group:00000000 wm4.BoardTypes.h.52.ca64813ccee737bcc2115eab5e075fdb
                           .group:00000000 wm4.CompilerSpecific.h.55.4a5e5ff77cd35e49c89cf2115251aee0
                           .group:00000000 wm4.Attributes.h.56.73b3ee26b0836c2dec569a5fa6f1b355
                           .group:00000000 wm4.xmc_device.h.61.ba2d082e12f51240746cffdd60d42b81
                           .group:00000000 wm4.XMC4500.h.55.9aa45b9b5790506b2dcb963e4e7adeaf
                           .group:00000000 wm4.core_cm4.h.32.6c6eb1c8daeca23ce7ba79c8e8120d52
                           .group:00000000 wm4.cmsis_gcc.h.26.91b63349961c35637933e4fba51b867b
                           .group:00000000 wm4.core_cm4.h.172.fdd5a388a160bb6ff767b7d7ee212268
                           .group:00000000 wm4.system_XMC4500.h.42.99124977c10ca8844a71949adbeabd70
                           .group:00000000 wm4.XMC4500.h.208.b340195df97f067735c4c769ba59985a
                           .group:00000000 wm4.xmc_device.h.1460.8860499b404961ffcfbb8d1fefcb2146
                           .group:00000000 wm4.xmc_common.h.92.3f4336a80569affab05a81145b87c2fc
                           .group:00000000 wm4.Endianness.h.57.3ac00c5468f4b91b806a0e6dba047e9c
                           .group:00000000 wm4.Common.h.105.4b937a9cc9dcdb26c3f07541b0b763a8
                           .group:00000000 wm4.USBMode.h.56.a52f788f0e008ddfa05fc21a83026151
                           .group:00000000 wm4.StdDescriptors.h.73.7d17e8be7a73b855fc0f8827303b7597
                           .group:00000000 wm4.ConfigDescriptors.h.82.797c4fc50d9d29bc683dd59218c24e0b

NO UNDEFINED SYMBOLS
