   1              		.cpu cortex-m4
   2              		.arch armv7e-m
   3              		.fpu fpv4-sp-d16
   4              		.eabi_attribute 27, 1
   5              		.eabi_attribute 20, 1
   6              		.eabi_attribute 21, 1
   7              		.eabi_attribute 23, 3
   8              		.eabi_attribute 24, 1
   9              		.eabi_attribute 25, 1
  10              		.eabi_attribute 26, 1
  11              		.eabi_attribute 30, 1
  12              		.eabi_attribute 34, 1
  13              		.eabi_attribute 18, 4
  14              		.file	"xmc4_gpio.c"
  15              		.text
  16              	.Ltext0:
  17              		.cfi_sections	.debug_frame
  18              		.file 1 "/opt/XMClib/XMC_Peripheral_Library_v2.1.16/XMCLib/src/xmc4_gpio.c"
  19              		.section	.text.XMC_GPIO_Init,"ax",%progbits
  20              		.align	1
  21              		.global	XMC_GPIO_Init
  22              		.syntax unified
  23              		.thumb
  24              		.thumb_func
  26              	XMC_GPIO_Init:
  27              	.LVL0:
  28              	.LFB138:
   1:/opt/XMClib/XMC_Peripheral_Library_v2.1.16/XMCLib/src/xmc4_gpio.c **** /**
   2:/opt/XMClib/XMC_Peripheral_Library_v2.1.16/XMCLib/src/xmc4_gpio.c ****  * @file xmc4_gpio.c
   3:/opt/XMClib/XMC_Peripheral_Library_v2.1.16/XMCLib/src/xmc4_gpio.c ****  * @date 2015-06-20
   4:/opt/XMClib/XMC_Peripheral_Library_v2.1.16/XMCLib/src/xmc4_gpio.c ****  *
   5:/opt/XMClib/XMC_Peripheral_Library_v2.1.16/XMCLib/src/xmc4_gpio.c ****  * @cond
   6:/opt/XMClib/XMC_Peripheral_Library_v2.1.16/XMCLib/src/xmc4_gpio.c ****  **************************************************************************************************
   7:/opt/XMClib/XMC_Peripheral_Library_v2.1.16/XMCLib/src/xmc4_gpio.c ****  * XMClib v2.1.16 - XMC Peripheral Driver Library 
   8:/opt/XMClib/XMC_Peripheral_Library_v2.1.16/XMCLib/src/xmc4_gpio.c ****  *
   9:/opt/XMClib/XMC_Peripheral_Library_v2.1.16/XMCLib/src/xmc4_gpio.c ****  * Copyright (c) 2015-2017, Infineon Technologies AG
  10:/opt/XMClib/XMC_Peripheral_Library_v2.1.16/XMCLib/src/xmc4_gpio.c ****  * All rights reserved.                        
  11:/opt/XMClib/XMC_Peripheral_Library_v2.1.16/XMCLib/src/xmc4_gpio.c ****  *                                             
  12:/opt/XMClib/XMC_Peripheral_Library_v2.1.16/XMCLib/src/xmc4_gpio.c ****  * Redistribution and use in source and binary forms, with or without modification,are permitted pr
  13:/opt/XMClib/XMC_Peripheral_Library_v2.1.16/XMCLib/src/xmc4_gpio.c ****  * following conditions are met:   
  14:/opt/XMClib/XMC_Peripheral_Library_v2.1.16/XMCLib/src/xmc4_gpio.c ****  *                                                                              
  15:/opt/XMClib/XMC_Peripheral_Library_v2.1.16/XMCLib/src/xmc4_gpio.c ****  * Redistributions of source code must retain the above copyright notice, this list of conditions a
  16:/opt/XMClib/XMC_Peripheral_Library_v2.1.16/XMCLib/src/xmc4_gpio.c ****  * disclaimer.                        
  17:/opt/XMClib/XMC_Peripheral_Library_v2.1.16/XMCLib/src/xmc4_gpio.c ****  * 
  18:/opt/XMClib/XMC_Peripheral_Library_v2.1.16/XMCLib/src/xmc4_gpio.c ****  * Redistributions in binary form must reproduce the above copyright notice, this list of condition
  19:/opt/XMClib/XMC_Peripheral_Library_v2.1.16/XMCLib/src/xmc4_gpio.c ****  * disclaimer in the documentation and/or other materials provided with the distribution.          
  20:/opt/XMClib/XMC_Peripheral_Library_v2.1.16/XMCLib/src/xmc4_gpio.c ****  * 
  21:/opt/XMClib/XMC_Peripheral_Library_v2.1.16/XMCLib/src/xmc4_gpio.c ****  * Neither the name of the copyright holders nor the names of its contributors may be used to endor
  22:/opt/XMClib/XMC_Peripheral_Library_v2.1.16/XMCLib/src/xmc4_gpio.c ****  * products derived from this software without specific prior written permission.                  
  23:/opt/XMClib/XMC_Peripheral_Library_v2.1.16/XMCLib/src/xmc4_gpio.c ****  *                                                                              
  24:/opt/XMClib/XMC_Peripheral_Library_v2.1.16/XMCLib/src/xmc4_gpio.c ****  * THIS SOFTWARE IS PROVIDED BY THE COPYRIGHT HOLDERS AND CONTRIBUTORS "AS IS" AND ANY EXPRESS OR I
  25:/opt/XMClib/XMC_Peripheral_Library_v2.1.16/XMCLib/src/xmc4_gpio.c ****  * INCLUDING, BUT NOT LIMITED TO, THE IMPLIED WARRANTIES OF MERCHANTABILITY AND FITNESS FOR A PARTI
  26:/opt/XMClib/XMC_Peripheral_Library_v2.1.16/XMCLib/src/xmc4_gpio.c ****  * DISCLAIMED. IN NO EVENT SHALL THE COPYRIGHT HOLDER OR CONTRIBUTORS BE LIABLE  FOR ANY DIRECT, IN
  27:/opt/XMClib/XMC_Peripheral_Library_v2.1.16/XMCLib/src/xmc4_gpio.c ****  * SPECIAL, EXEMPLARY, OR CONSEQUENTIAL DAMAGES (INCLUDING, BUT NOT LIMITED TO, PROCUREMENT OF SUBS
  28:/opt/XMClib/XMC_Peripheral_Library_v2.1.16/XMCLib/src/xmc4_gpio.c ****  * SERVICES; LOSS OF USE, DATA, OR PROFITS; OR BUSINESS INTERRUPTION) HOWEVER CAUSED AND ON ANY THE
  29:/opt/XMClib/XMC_Peripheral_Library_v2.1.16/XMCLib/src/xmc4_gpio.c ****  * WHETHER IN CONTRACT, STRICT LIABILITY,OR TORT (INCLUDING NEGLIGENCE OR OTHERWISE) ARISING IN ANY
  30:/opt/XMClib/XMC_Peripheral_Library_v2.1.16/XMCLib/src/xmc4_gpio.c ****  * OF THIS SOFTWARE, EVEN IF ADVISED OF THE POSSIBILITY OF SUCH DAMAGE.                            
  31:/opt/XMClib/XMC_Peripheral_Library_v2.1.16/XMCLib/src/xmc4_gpio.c ****  *                                                                              
  32:/opt/XMClib/XMC_Peripheral_Library_v2.1.16/XMCLib/src/xmc4_gpio.c ****  * To improve the quality of the software, users are encouraged to share modifications, enhancement
  33:/opt/XMClib/XMC_Peripheral_Library_v2.1.16/XMCLib/src/xmc4_gpio.c ****  * Infineon Technologies AG dave@infineon.com).                                                    
  34:/opt/XMClib/XMC_Peripheral_Library_v2.1.16/XMCLib/src/xmc4_gpio.c ****  **************************************************************************************************
  35:/opt/XMClib/XMC_Peripheral_Library_v2.1.16/XMCLib/src/xmc4_gpio.c ****  *
  36:/opt/XMClib/XMC_Peripheral_Library_v2.1.16/XMCLib/src/xmc4_gpio.c ****  * Change History
  37:/opt/XMClib/XMC_Peripheral_Library_v2.1.16/XMCLib/src/xmc4_gpio.c ****  * --------------
  38:/opt/XMClib/XMC_Peripheral_Library_v2.1.16/XMCLib/src/xmc4_gpio.c ****  *
  39:/opt/XMClib/XMC_Peripheral_Library_v2.1.16/XMCLib/src/xmc4_gpio.c ****  * 2015-02-20:
  40:/opt/XMClib/XMC_Peripheral_Library_v2.1.16/XMCLib/src/xmc4_gpio.c ****  *     - Initial draft <br>
  41:/opt/XMClib/XMC_Peripheral_Library_v2.1.16/XMCLib/src/xmc4_gpio.c ****  *      
  42:/opt/XMClib/XMC_Peripheral_Library_v2.1.16/XMCLib/src/xmc4_gpio.c ****  * 2015-06-20:
  43:/opt/XMClib/XMC_Peripheral_Library_v2.1.16/XMCLib/src/xmc4_gpio.c ****  *     - Removed version macros and declaration of GetDriverVersion API
  44:/opt/XMClib/XMC_Peripheral_Library_v2.1.16/XMCLib/src/xmc4_gpio.c ****  *
  45:/opt/XMClib/XMC_Peripheral_Library_v2.1.16/XMCLib/src/xmc4_gpio.c ****  * @endcond
  46:/opt/XMClib/XMC_Peripheral_Library_v2.1.16/XMCLib/src/xmc4_gpio.c ****  *
  47:/opt/XMClib/XMC_Peripheral_Library_v2.1.16/XMCLib/src/xmc4_gpio.c ****  */
  48:/opt/XMClib/XMC_Peripheral_Library_v2.1.16/XMCLib/src/xmc4_gpio.c **** 
  49:/opt/XMClib/XMC_Peripheral_Library_v2.1.16/XMCLib/src/xmc4_gpio.c **** #include "xmc_gpio.h"
  50:/opt/XMClib/XMC_Peripheral_Library_v2.1.16/XMCLib/src/xmc4_gpio.c **** 
  51:/opt/XMClib/XMC_Peripheral_Library_v2.1.16/XMCLib/src/xmc4_gpio.c **** #if UC_FAMILY == XMC4
  52:/opt/XMClib/XMC_Peripheral_Library_v2.1.16/XMCLib/src/xmc4_gpio.c **** 
  53:/opt/XMClib/XMC_Peripheral_Library_v2.1.16/XMCLib/src/xmc4_gpio.c **** /*******************************************************************************
  54:/opt/XMClib/XMC_Peripheral_Library_v2.1.16/XMCLib/src/xmc4_gpio.c ****  * MACROS
  55:/opt/XMClib/XMC_Peripheral_Library_v2.1.16/XMCLib/src/xmc4_gpio.c ****  *******************************************************************************/
  56:/opt/XMClib/XMC_Peripheral_Library_v2.1.16/XMCLib/src/xmc4_gpio.c **** 
  57:/opt/XMClib/XMC_Peripheral_Library_v2.1.16/XMCLib/src/xmc4_gpio.c **** #define PORT_PDR_Msk              PORT0_PDR0_PD0_Msk
  58:/opt/XMClib/XMC_Peripheral_Library_v2.1.16/XMCLib/src/xmc4_gpio.c **** #define PORT_PDR_Size             (4U)
  59:/opt/XMClib/XMC_Peripheral_Library_v2.1.16/XMCLib/src/xmc4_gpio.c **** #define PORT_HWSEL_Msk            PORT0_HWSEL_HW0_Msk
  60:/opt/XMClib/XMC_Peripheral_Library_v2.1.16/XMCLib/src/xmc4_gpio.c **** 
  61:/opt/XMClib/XMC_Peripheral_Library_v2.1.16/XMCLib/src/xmc4_gpio.c **** /*******************************************************************************
  62:/opt/XMClib/XMC_Peripheral_Library_v2.1.16/XMCLib/src/xmc4_gpio.c ****  * API IMPLEMENTATION
  63:/opt/XMClib/XMC_Peripheral_Library_v2.1.16/XMCLib/src/xmc4_gpio.c ****  *******************************************************************************/
  64:/opt/XMClib/XMC_Peripheral_Library_v2.1.16/XMCLib/src/xmc4_gpio.c **** 
  65:/opt/XMClib/XMC_Peripheral_Library_v2.1.16/XMCLib/src/xmc4_gpio.c **** void XMC_GPIO_Init(XMC_GPIO_PORT_t *const port, const uint8_t pin, const XMC_GPIO_CONFIG_t *const c
  66:/opt/XMClib/XMC_Peripheral_Library_v2.1.16/XMCLib/src/xmc4_gpio.c **** {
  29              		.loc 1 66 1 view -0
  30              		.cfi_startproc
  31              		@ args = 0, pretend = 0, frame = 0
  32              		@ frame_needed = 0, uses_anonymous_args = 0
  33              		.loc 1 66 1 is_stmt 0 view .LVU1
  34 0000 30B5     		push	{r4, r5, lr}
  35              	.LCFI0:
  36              		.cfi_def_cfa_offset 12
  37              		.cfi_offset 4, -12
  38              		.cfi_offset 5, -8
  39              		.cfi_offset 14, -4
  67:/opt/XMClib/XMC_Peripheral_Library_v2.1.16/XMCLib/src/xmc4_gpio.c ****   XMC_ASSERT("XMC_GPIO_Init: Invalid port", XMC_GPIO_CHECK_PORT(port));
  40              		.loc 1 67 3 is_stmt 1 view .LVU2
  41              		.loc 1 67 71 view .LVU3
  68:/opt/XMClib/XMC_Peripheral_Library_v2.1.16/XMCLib/src/xmc4_gpio.c ****   XMC_ASSERT("XMC_GPIO_Init: Invalid mode", XMC_GPIO_IsModeValid(config->mode));
  42              		.loc 1 68 3 view .LVU4
  43              		.loc 1 68 80 view .LVU5
  69:/opt/XMClib/XMC_Peripheral_Library_v2.1.16/XMCLib/src/xmc4_gpio.c ****  
  70:/opt/XMClib/XMC_Peripheral_Library_v2.1.16/XMCLib/src/xmc4_gpio.c ****   /* Switch to input */
  71:/opt/XMClib/XMC_Peripheral_Library_v2.1.16/XMCLib/src/xmc4_gpio.c ****   port->IOCR[pin >> 2U] &= (uint32_t)~(PORT_IOCR_PC_Msk << (PORT_IOCR_PC_Size * (pin & 0x3U)));
  44              		.loc 1 71 3 view .LVU6
  45 0002 01F0FC03 		and	r3, r1, #252
  46 0006 0344     		add	r3, r3, r0
  47              		.loc 1 71 13 is_stmt 0 view .LVU7
  48 0008 1C69     		ldr	r4, [r3, #16]
  49              		.loc 1 71 86 view .LVU8
  50 000a 01F0030C 		and	ip, r1, #3
  51              		.loc 1 71 79 view .LVU9
  52 000e 4FEACC0C 		lsl	ip, ip, #3
  53              		.loc 1 71 57 view .LVU10
  54 0012 4FF0F80E 		mov	lr, #248
  55 0016 0EFA0CFE 		lsl	lr, lr, ip
  56              		.loc 1 71 25 view .LVU11
  57 001a 24EA0E04 		bic	r4, r4, lr
  58 001e 1C61     		str	r4, [r3, #16]
  72:/opt/XMClib/XMC_Peripheral_Library_v2.1.16/XMCLib/src/xmc4_gpio.c **** 
  73:/opt/XMClib/XMC_Peripheral_Library_v2.1.16/XMCLib/src/xmc4_gpio.c ****   /* HW port control is disabled */
  74:/opt/XMClib/XMC_Peripheral_Library_v2.1.16/XMCLib/src/xmc4_gpio.c ****   port->HWSEL &= ~(uint32_t)((uint32_t)PORT_HWSEL_Msk << ((uint32_t)pin << 1U));
  59              		.loc 1 74 3 is_stmt 1 view .LVU12
  60              		.loc 1 74 7 is_stmt 0 view .LVU13
  61 0020 446F     		ldr	r4, [r0, #116]
  62              		.loc 1 74 73 view .LVU14
  63 0022 4D00     		lsls	r5, r1, #1
  64              		.loc 1 74 19 view .LVU15
  65 0024 4FF0030E 		mov	lr, #3
  66 0028 0EFA05FE 		lsl	lr, lr, r5
  67              		.loc 1 74 15 view .LVU16
  68 002c 24EA0E04 		bic	r4, r4, lr
  69 0030 4467     		str	r4, [r0, #116]
  75:/opt/XMClib/XMC_Peripheral_Library_v2.1.16/XMCLib/src/xmc4_gpio.c **** 
  76:/opt/XMClib/XMC_Peripheral_Library_v2.1.16/XMCLib/src/xmc4_gpio.c **** 
  77:/opt/XMClib/XMC_Peripheral_Library_v2.1.16/XMCLib/src/xmc4_gpio.c ****   /* Enable digital input */
  78:/opt/XMClib/XMC_Peripheral_Library_v2.1.16/XMCLib/src/xmc4_gpio.c ****   if (XMC_GPIO_CHECK_ANALOG_PORT(port))
  70              		.loc 1 78 3 is_stmt 1 view .LVU17
  71              		.loc 1 78 6 is_stmt 0 view .LVU18
  72 0032 164C     		ldr	r4, .L6
  73 0034 A042     		cmp	r0, r4
  74 0036 19D0     		beq	.L2
  75              		.loc 1 78 7 discriminator 1 view .LVU19
  76 0038 04F58074 		add	r4, r4, #256
  77 003c A042     		cmp	r0, r4
  78 003e 15D0     		beq	.L2
  79:/opt/XMClib/XMC_Peripheral_Library_v2.1.16/XMCLib/src/xmc4_gpio.c ****   {
  80:/opt/XMClib/XMC_Peripheral_Library_v2.1.16/XMCLib/src/xmc4_gpio.c ****     port->PDISC &= ~(uint32_t)((uint32_t)0x1U << pin);
  81:/opt/XMClib/XMC_Peripheral_Library_v2.1.16/XMCLib/src/xmc4_gpio.c ****   }
  82:/opt/XMClib/XMC_Peripheral_Library_v2.1.16/XMCLib/src/xmc4_gpio.c ****   else
  83:/opt/XMClib/XMC_Peripheral_Library_v2.1.16/XMCLib/src/xmc4_gpio.c ****   {
  84:/opt/XMClib/XMC_Peripheral_Library_v2.1.16/XMCLib/src/xmc4_gpio.c ****     /* Set output level */
  85:/opt/XMClib/XMC_Peripheral_Library_v2.1.16/XMCLib/src/xmc4_gpio.c ****     port->OMR = (uint32_t)config->output_level << pin;
  79              		.loc 1 85 5 is_stmt 1 view .LVU20
  80              		.loc 1 85 48 is_stmt 0 view .LVU21
  81 0040 5468     		ldr	r4, [r2, #4]
  82 0042 8C40     		lsls	r4, r4, r1
  83              		.loc 1 85 15 view .LVU22
  84 0044 4460     		str	r4, [r0, #4]
  86:/opt/XMClib/XMC_Peripheral_Library_v2.1.16/XMCLib/src/xmc4_gpio.c **** 
  87:/opt/XMClib/XMC_Peripheral_Library_v2.1.16/XMCLib/src/xmc4_gpio.c ****     /* Set output driver strength */
  88:/opt/XMClib/XMC_Peripheral_Library_v2.1.16/XMCLib/src/xmc4_gpio.c ****     port->PDR[pin >> 3U] &= (uint32_t)~(PORT_PDR_Msk << ((uint32_t)PORT_PDR_Size * ((uint32_t)pin &
  85              		.loc 1 88 5 is_stmt 1 view .LVU23
  86 0046 CC08     		lsrs	r4, r1, #3
  87 0048 00EB8400 		add	r0, r0, r4, lsl #2
  88              	.LVL1:
  89              		.loc 1 88 14 is_stmt 0 view .LVU24
  90 004c 046C     		ldr	r4, [r0, #64]
  91              		.loc 1 88 99 view .LVU25
  92 004e 01F00701 		and	r1, r1, #7
  93              	.LVL2:
  94              		.loc 1 88 82 view .LVU26
  95 0052 8900     		lsls	r1, r1, #2
  96              		.loc 1 88 54 view .LVU27
  97 0054 0725     		movs	r5, #7
  98 0056 8D40     		lsls	r5, r5, r1
  99              		.loc 1 88 26 view .LVU28
 100 0058 24EA0504 		bic	r4, r4, r5
 101 005c 0464     		str	r4, [r0, #64]
  89:/opt/XMClib/XMC_Peripheral_Library_v2.1.16/XMCLib/src/xmc4_gpio.c ****     port->PDR[pin >> 3U] |= (uint32_t)config->output_strength << ((uint32_t)PORT_PDR_Size * ((uint3
 102              		.loc 1 89 5 is_stmt 1 view .LVU29
 103              		.loc 1 89 14 is_stmt 0 view .LVU30
 104 005e 056C     		ldr	r5, [r0, #64]
 105              		.loc 1 89 29 view .LVU31
 106 0060 147A     		ldrb	r4, [r2, #8]	@ zero_extendqisi2
 107              		.loc 1 89 63 view .LVU32
 108 0062 04FA01F1 		lsl	r1, r4, r1
 109              		.loc 1 89 26 view .LVU33
 110 0066 2943     		orrs	r1, r1, r5
 111 0068 0164     		str	r1, [r0, #64]
 112 006a 07E0     		b	.L4
 113              	.LVL3:
 114              	.L2:
  80:/opt/XMClib/XMC_Peripheral_Library_v2.1.16/XMCLib/src/xmc4_gpio.c ****   }
 115              		.loc 1 80 5 is_stmt 1 view .LVU34
  80:/opt/XMClib/XMC_Peripheral_Library_v2.1.16/XMCLib/src/xmc4_gpio.c ****   }
 116              		.loc 1 80 9 is_stmt 0 view .LVU35
 117 006c 046E     		ldr	r4, [r0, #96]
  80:/opt/XMClib/XMC_Peripheral_Library_v2.1.16/XMCLib/src/xmc4_gpio.c ****   }
 118              		.loc 1 80 21 view .LVU36
 119 006e 4FF0010E 		mov	lr, #1
 120 0072 0EFA01F1 		lsl	r1, lr, r1
 121              	.LVL4:
  80:/opt/XMClib/XMC_Peripheral_Library_v2.1.16/XMCLib/src/xmc4_gpio.c ****   }
 122              		.loc 1 80 17 view .LVU37
 123 0076 24EA0101 		bic	r1, r4, r1
 124 007a 0166     		str	r1, [r0, #96]
 125              	.LVL5:
 126              	.L4:
  90:/opt/XMClib/XMC_Peripheral_Library_v2.1.16/XMCLib/src/xmc4_gpio.c ****   }
  91:/opt/XMClib/XMC_Peripheral_Library_v2.1.16/XMCLib/src/xmc4_gpio.c **** 
  92:/opt/XMClib/XMC_Peripheral_Library_v2.1.16/XMCLib/src/xmc4_gpio.c ****   /* Set mode */
  93:/opt/XMClib/XMC_Peripheral_Library_v2.1.16/XMCLib/src/xmc4_gpio.c ****   port->IOCR[pin >> 2U] |= (uint32_t)config->mode << ((uint32_t)PORT_IOCR_PC_Size * ((uint32_t)pin 
 127              		.loc 1 93 3 is_stmt 1 view .LVU38
 128              		.loc 1 93 13 is_stmt 0 view .LVU39
 129 007c 1969     		ldr	r1, [r3, #16]
 130              		.loc 1 93 28 view .LVU40
 131 007e 1278     		ldrb	r2, [r2]	@ zero_extendqisi2
 132              	.LVL6:
 133              		.loc 1 93 51 view .LVU41
 134 0080 02FA0CF2 		lsl	r2, r2, ip
 135              		.loc 1 93 25 view .LVU42
 136 0084 0A43     		orrs	r2, r2, r1
 137 0086 1A61     		str	r2, [r3, #16]
  94:/opt/XMClib/XMC_Peripheral_Library_v2.1.16/XMCLib/src/xmc4_gpio.c **** }
 138              		.loc 1 94 1 view .LVU43
 139 0088 30BD     		pop	{r4, r5, pc}
 140              	.L7:
 141 008a 00BF     		.align	2
 142              	.L6:
 143 008c 008E0248 		.word	1208126976
 144              		.cfi_endproc
 145              	.LFE138:
 147              		.section	.text.XMC_GPIO_SetOutputStrength,"ax",%progbits
 148              		.align	1
 149              		.global	XMC_GPIO_SetOutputStrength
 150              		.syntax unified
 151              		.thumb
 152              		.thumb_func
 154              	XMC_GPIO_SetOutputStrength:
 155              	.LVL7:
 156              	.LFB139:
  95:/opt/XMClib/XMC_Peripheral_Library_v2.1.16/XMCLib/src/xmc4_gpio.c **** 
  96:/opt/XMClib/XMC_Peripheral_Library_v2.1.16/XMCLib/src/xmc4_gpio.c **** void XMC_GPIO_SetOutputStrength(XMC_GPIO_PORT_t *const port, const uint8_t pin, XMC_GPIO_OUTPUT_STR
  97:/opt/XMClib/XMC_Peripheral_Library_v2.1.16/XMCLib/src/xmc4_gpio.c **** {
 157              		.loc 1 97 1 is_stmt 1 view -0
 158              		.cfi_startproc
 159              		@ args = 0, pretend = 0, frame = 0
 160              		@ frame_needed = 0, uses_anonymous_args = 0
 161              		@ link register save eliminated.
  98:/opt/XMClib/XMC_Peripheral_Library_v2.1.16/XMCLib/src/xmc4_gpio.c ****   XMC_ASSERT("XMC_GPIO_Init: Invalid port", XMC_GPIO_CHECK_OUTPUT_PORT(port));
 162              		.loc 1 98 3 view .LVU45
 163              		.loc 1 98 78 view .LVU46
  99:/opt/XMClib/XMC_Peripheral_Library_v2.1.16/XMCLib/src/xmc4_gpio.c ****   XMC_ASSERT("XMC_GPIO_Init: Invalid output strength", XMC_GPIO_CHECK_OUTPUT_STRENGTH(strength));
 164              		.loc 1 99 3 view .LVU47
 165              		.loc 1 99 97 view .LVU48
 100:/opt/XMClib/XMC_Peripheral_Library_v2.1.16/XMCLib/src/xmc4_gpio.c **** 
 101:/opt/XMClib/XMC_Peripheral_Library_v2.1.16/XMCLib/src/xmc4_gpio.c ****   port->PDR[pin >> 3U] &= (uint32_t)~((uint32_t)PORT_PDR_Msk << ((uint32_t)PORT_PDR_Size * ((uint32
 166              		.loc 1 101 3 view .LVU49
 167 0000 CB08     		lsrs	r3, r1, #3
 168 0002 00EB8300 		add	r0, r0, r3, lsl #2
 169              	.LVL8:
 170              		.loc 1 101 12 is_stmt 0 view .LVU50
 171 0006 036C     		ldr	r3, [r0, #64]
 172              		.loc 1 101 107 view .LVU51
 173 0008 01F00701 		and	r1, r1, #7
 174              	.LVL9:
 175              		.loc 1 101 90 view .LVU52
 176 000c 8900     		lsls	r1, r1, #2
 177              		.loc 1 101 62 view .LVU53
 178 000e 4FF0070C 		mov	ip, #7
 179 0012 0CFA01FC 		lsl	ip, ip, r1
 180              		.loc 1 101 24 view .LVU54
 181 0016 23EA0C03 		bic	r3, r3, ip
 182 001a 0364     		str	r3, [r0, #64]
 102:/opt/XMClib/XMC_Peripheral_Library_v2.1.16/XMCLib/src/xmc4_gpio.c ****   port->PDR[pin >> 3U] |= (uint32_t)strength << ((uint32_t)PORT_PDR_Size * ((uint32_t)pin & 0x7U));
 183              		.loc 1 102 3 is_stmt 1 view .LVU55
 184              		.loc 1 102 12 is_stmt 0 view .LVU56
 185 001c 036C     		ldr	r3, [r0, #64]
 186              		.loc 1 102 46 view .LVU57
 187 001e 8A40     		lsls	r2, r2, r1
 188              	.LVL10:
 189              		.loc 1 102 24 view .LVU58
 190 0020 1A43     		orrs	r2, r2, r3
 191 0022 0264     		str	r2, [r0, #64]
 103:/opt/XMClib/XMC_Peripheral_Library_v2.1.16/XMCLib/src/xmc4_gpio.c **** }
 192              		.loc 1 103 1 view .LVU59
 193 0024 7047     		bx	lr
 194              		.cfi_endproc
 195              	.LFE139:
 197              		.text
 198              	.Letext0:
 199              		.file 2 "/usr/lib/gcc/arm-none-eabi/13.2.1/include/stdint.h"
 200              		.file 3 "/opt/XMClib/XMC_Peripheral_Library_v2.1.16/XMCLib/inc/xmc_gpio.h"
 201              		.file 4 "/opt/XMClib/XMC_Peripheral_Library_v2.1.16/XMCLib/inc/xmc4_gpio.h"
DEFINED SYMBOLS
                            *ABS*:00000000 xmc4_gpio.c
     /tmp/cclbsQkc.s:20     .text.XMC_GPIO_Init:00000000 $t
     /tmp/cclbsQkc.s:26     .text.XMC_GPIO_Init:00000000 XMC_GPIO_Init
     /tmp/cclbsQkc.s:143    .text.XMC_GPIO_Init:0000008c $d
     /tmp/cclbsQkc.s:148    .text.XMC_GPIO_SetOutputStrength:00000000 $t
     /tmp/cclbsQkc.s:154    .text.XMC_GPIO_SetOutputStrength:00000000 XMC_GPIO_SetOutputStrength
                           .group:00000000 wm4.0.4be6372613153b6292d63d4df696c1e1
                           .group:00000000 wm4.stddef.h.39.38eb7ec030421799c657b13be5aa21c7
                           .group:00000000 wm4.stdint.h.29.6d480f4ba0f60596e88234283d42444f
                           .group:00000000 wm4.stdbool.h.29.c08aa3eec75cf5b9b5003883f43253f0
                           .group:00000000 wm4._newlib_version.h.4.411db44ea2338a62eca2f0777f81481b
                           .group:00000000 wm4.newlib.h.27.07bf1b8b16da454ae07478107717878b
                           .group:00000000 wm4.ieeefp.h.77.5ad60f72ea25fc152400b550ac118212
                           .group:00000000 wm4.features.h.22.c11ecc6cb8b914ead0c0895c00b4b4d5
                           .group:00000000 wm4.config.h.224.10ee1ad185d877c6e334e6581faab44d
                           .group:00000000 wm4._ansi.h.31.de524f58584151836e90d8620a16f8e8
                           .group:00000000 wm4._default_types.h.6.959254cf5f09734ea7516c89e8bb21bd
                           .group:00000000 wm4.cdefs.h.49.a0dc0a4a6c7d01e2e5d0aade9399215f
                           .group:00000000 wm4._types.h.20.dd0d04dca3800a0d2a6129b87f3adbb2
                           .group:00000000 wm4.stddef.h.158.6f8e08a347b1cff664332fa350bfceb3
                           .group:00000000 wm4._types.h.127.3bdfe3ff8ea2d0985b03d9cbe93480e3
                           .group:00000000 wm4.reent.h.18.25503cdc8b7e55dd0d6ea7b3e5af7a03
                           .group:00000000 wm4.lock.h.2.c0958401bd0ce484d507ee19aacab817
                           .group:00000000 wm4.reent.h.78.7f0775353a33c852a1479c008f68cd03
                           .group:00000000 wm4.string.h.15.dab3980bf35408a4c507182805e2de3a
                           .group:00000000 wm4.stddef.h.158.eec8bf00b5213f43d095cb984c5f22e3
                           .group:00000000 wm4.xmc_device.h.61.ba2d082e12f51240746cffdd60d42b81
                           .group:00000000 wm4.XMC4500.h.55.9aa45b9b5790506b2dcb963e4e7adeaf
                           .group:00000000 wm4.core_cm4.h.32.6c6eb1c8daeca23ce7ba79c8e8120d52
                           .group:00000000 wm4.cmsis_gcc.h.26.91b63349961c35637933e4fba51b867b
                           .group:00000000 wm4.core_cm4.h.172.fdd5a388a160bb6ff767b7d7ee212268
                           .group:00000000 wm4.system_XMC4500.h.42.99124977c10ca8844a71949adbeabd70
                           .group:00000000 wm4.XMC4500.h.208.b340195df97f067735c4c769ba59985a
                           .group:00000000 wm4.xmc_device.h.1460.8860499b404961ffcfbb8d1fefcb2146
                           .group:00000000 wm4.xmc_common.h.92.3f4336a80569affab05a81145b87c2fc
                           .group:00000000 wm4.xmc_gpio.h.97.fa6a2e1be6030a75d960293cc3bbbd6b
                           .group:00000000 wm4.xmc4_gpio_map.h.74.66e9110cf801b78826ef5354da51c32f
                           .group:00000000 wm4.xmc4_gpio.h.79.ce6c49508b5a7769c66e7e3c21dcdfe4

NO UNDEFINED SYMBOLS
